[2018-06-07T09:23:23.525] [INFO] response - { method: 'POST',
  url: '/api/upArticle',
  body: { id: '5b14fcd111fac960d136a71d' },
  costTime: 17,
  response: 
   { status: 200,
     message: 'OK',
     header: 
      { 'access-control-allow-origin': 'http://localhost:8082',
        'content-type': 'application/json; charset=utf-8' },
     body: { status: 200, msg: '保存成功', data: [Object] } } }
[2018-06-07T09:59:53.426] [INFO] response - { method: 'POST',
  url: '/api/upArticle',
  body: { id: '5b14fcd111fac960d136a71d' },
  costTime: 49,
  response: 
   { status: 200,
     message: 'OK',
     header: 
      { 'access-control-allow-origin': 'http://localhost:8082',
        'content-type': 'application/json; charset=utf-8' },
     body: { status: 200, msg: '保存成功', data: [Object] } } }
[2018-06-07T10:00:25.775] [INFO] response - { method: 'POST',
  url: '/api/upArticle',
  body: { id: '5b14fcd111fac960d136a71d' },
  costTime: 49,
  response: 
   { status: 200,
     message: 'OK',
     header: 
      { 'access-control-allow-origin': 'http://localhost:8082',
        'content-type': 'application/json; charset=utf-8' },
     body: { status: 200, msg: '保存成功', data: [Object] } } }
[2018-06-07T10:00:44.948] [INFO] response - { method: 'POST',
  url: '/api/upArticle',
  body: { id: '5b14fcd111fac960d136a71d' },
  costTime: 11,
  response: 
   { status: 200,
     message: 'OK',
     header: 
      { 'access-control-allow-origin': 'http://localhost:8082',
        'content-type': 'application/json; charset=utf-8' },
     body: { status: 200, msg: '保存成功', data: [Object] } } }
[2018-06-07T10:00:54.998] [INFO] response - { method: 'POST',
  url: '/api/saveArticle',
  body: 
   { title: '新标题',
     content: '111',
     id: '5b14fcd111fac960d136a71d',
     htmlCode: '<p>111</p>\n' },
  costTime: 15,
  response: 
   { status: 200,
     message: 'OK',
     header: 
      { 'access-control-allow-origin': 'http://localhost:8082',
        'content-type': 'application/json; charset=utf-8' },
     body: { status: 200, msg: '保存成功', data: [Object] } } }
[2018-06-07T10:00:57.428] [INFO] response - { method: 'POST',
  url: '/api/upArticle',
  body: { id: '5b14fcd111fac960d136a71d' },
  costTime: 12,
  response: 
   { status: 200,
     message: 'OK',
     header: 
      { 'access-control-allow-origin': 'http://localhost:8082',
        'content-type': 'application/json; charset=utf-8' },
     body: { status: 200, msg: '保存成功', data: [Object] } } }
