[2018-10-18T08:56:16.372] [INFO] response - { method: 'POST',
  url: '/api/login',
  body: { username: '17602004746', password: '88888888' },
  costTime: 28,
  response: 
   { status: 201,
     message: 'Created',
     header: 
      { 'access-control-allow-origin': 'http://localhost:8082',
        'content-type': 'application/json; charset=utf-8' },
     body: { success: false } } }
[2018-10-18T08:56:21.090] [INFO] response - { method: 'POST',
  url: '/api/login',
  body: { username: '17602004746', password: 'wokaopy123' },
  costTime: 45,
  response: 
   { status: 200,
     message: 'OK',
     header: 
      { 'access-control-allow-origin': 'http://localhost:8082',
        'content-type': 'application/json; charset=utf-8' },
     body: 
      { status: 200,
        success: true,
        token: 'eyJhbGciOiJIUzI1NiIsInR5cCI6IkpXVCJ9.eyJ1c2VfaWQiOiIxNzYwMjAwNDc0NiIsImlhdCI6MTUzOTgyNDE4MSwiZXhwIjoxNTQwNDI4OTgxfQ.mjplTZorkcpZV_R2FbeaHbi8KyM2SyK70VaUSZGwnX4',
        msg: '恭喜主人,登录成功' } } }
[2018-10-18T08:56:40.405] [INFO] response - { method: 'GET',
  url: '/api/getArticleList',
  body: {},
  costTime: 6,
  response: 
   { status: 200,
     message: 'OK',
     header: 
      { 'access-control-allow-origin': 'http://localhost:8082',
        'content-type': 'application/json; charset=utf-8' },
     body: { status: 200, msg: '获取文章列表成功', data: [] } } }
[2018-10-18T08:56:40.409] [INFO] response - { method: 'POST',
  url: '/api/getStatistics',
  body: {},
  costTime: 14,
  response: 
   { status: 200,
     message: 'OK',
     header: 
      { 'access-control-allow-origin': 'http://localhost:8082',
        'content-type': 'application/json; charset=utf-8' },
     body: { status: 200, msg: '获取统计成功', data: [Object] } } }
[2018-10-18T08:56:58.924] [INFO] response - { method: 'POST',
  url: '/api/ArticleList',
  body: {},
  costTime: 95,
  response: 
   { status: 200,
     message: 'OK',
     header: 
      { 'access-control-allow-origin': 'http://localhost:8082',
        'content-type': 'application/json; charset=utf-8' },
     body: { status: 200, success: true, data: [Object], msg: '添加成功' } } }
[2018-10-18T08:56:59.632] [INFO] response - { method: 'POST',
  url: '/api/postArticleContent',
  body: { id: '5bc7da5aac558922344d8e7b' },
  costTime: 7,
  response: 
   { status: 200,
     message: 'OK',
     header: 
      { 'access-control-allow-origin': 'http://localhost:8082',
        'content-type': 'application/json; charset=utf-8' },
     body: { status: 200, data: [Object] } } }
[2018-10-18T08:57:33.923] [INFO] response - { method: 'POST',
  url: '/api/ArticleList',
  body: {},
  costTime: 2,
  response: 
   { status: 200,
     message: 'OK',
     header: 
      { 'access-control-allow-origin': 'http://localhost:8082',
        'content-type': 'application/json; charset=utf-8' },
     body: { status: 200, success: true, data: [Object], msg: '添加成功' } } }
[2018-10-18T08:57:34.901] [INFO] response - { method: 'POST',
  url: '/api/postArticleContent',
  body: { id: '5bc7da7dac558922344d8e7c' },
  costTime: 2,
  response: 
   { status: 200,
     message: 'OK',
     header: 
      { 'access-control-allow-origin': 'http://localhost:8082',
        'content-type': 'application/json; charset=utf-8' },
     body: { status: 200, data: [Object] } } }
[2018-10-18T08:57:36.468] [INFO] response - { method: 'POST',
  url: '/api/saveArticle',
  body: { title: '新标题', content: '', id: '5bc7da7dac558922344d8e7c' },
  costTime: 6,
  response: 
   { status: 200,
     message: 'OK',
     header: 
      { 'access-control-allow-origin': 'http://localhost:8082',
        'content-type': 'application/json; charset=utf-8' },
     body: { status: 200, msg: '保存成功', data: [Object] } } }
[2018-10-18T08:57:39.889] [INFO] response - { method: 'POST',
  url: '/api/postArticleContent',
  body: { id: '5bc7da5aac558922344d8e7b' },
  costTime: 1,
  response: 
   { status: 200,
     message: 'OK',
     header: 
      { 'access-control-allow-origin': 'http://localhost:8082',
        'content-type': 'application/json; charset=utf-8' },
     body: { status: 200, data: [Object] } } }
[2018-10-18T08:57:45.069] [INFO] response - { method: 'POST',
  url: '/api/saveArticle',
  body: { title: '测试标题1', content: '', id: '5bc7da5aac558922344d8e7b' },
  costTime: 5,
  response: 
   { status: 200,
     message: 'OK',
     header: 
      { 'access-control-allow-origin': 'http://localhost:8082',
        'content-type': 'application/json; charset=utf-8' },
     body: { status: 200, msg: '保存成功', data: [Object] } } }
[2018-10-18T08:57:45.901] [INFO] response - { method: 'POST',
  url: '/api/postArticleContent',
  body: { id: '5bc7da7dac558922344d8e7c' },
  costTime: 2,
  response: 
   { status: 200,
     message: 'OK',
     header: 
      { 'access-control-allow-origin': 'http://localhost:8082',
        'content-type': 'application/json; charset=utf-8' },
     body: { status: 200, data: [Object] } } }
[2018-10-18T08:57:51.415] [INFO] response - { method: 'POST',
  url: '/api/saveArticle',
  body: { title: '测试标题2', content: '', id: '5bc7da7dac558922344d8e7c' },
  costTime: 3,
  response: 
   { status: 200,
     message: 'OK',
     header: 
      { 'access-control-allow-origin': 'http://localhost:8082',
        'content-type': 'application/json; charset=utf-8' },
     body: { status: 200, msg: '保存成功', data: [Object] } } }
[2018-10-18T08:57:58.278] [INFO] response - { method: 'POST',
  url: '/api/saveArticle',
  body: 
   { title: '测试标题2',
     content: '\n### 测试测试 \n测试测试 测试测试 测试测试 测试测试 测试测试 测试测试 测试测试 \n测试测试 测试测试 测试测试 ',
     id: '5bc7da7dac558922344d8e7c',
     htmlCode: '<h3>测试测试</h3>\n<p>测试测试 测试测试 测试测试 测试测试 测试测试 测试测试 测试测试<br />\n测试测试 测试测试 测试测试</p>\n' },
  costTime: 4,
  response: 
   { status: 200,
     message: 'OK',
     header: 
      { 'access-control-allow-origin': 'http://localhost:8082',
        'content-type': 'application/json; charset=utf-8' },
     body: { status: 200, msg: '保存成功', data: [Object] } } }
[2018-10-18T08:58:02.277] [INFO] response - { method: 'POST',
  url: '/api/postArticleContent',
  body: { id: '5bc7da5aac558922344d8e7b' },
  costTime: 2,
  response: 
   { status: 200,
     message: 'OK',
     header: 
      { 'access-control-allow-origin': 'http://localhost:8082',
        'content-type': 'application/json; charset=utf-8' },
     body: { status: 200, data: [Object] } } }
[2018-10-18T08:58:04.211] [INFO] response - { method: 'POST',
  url: '/api/saveArticle',
  body: 
   { title: '测试标题1',
     content: '\n### 测试测试 \n测试测试 测试测试 测试测试 测试测试 测试测试 测试测试 测试测试 \n测试测试 测试测试 测试测试 ',
     id: '5bc7da5aac558922344d8e7b',
     htmlCode: '<h3>测试测试</h3>\n<p>测试测试 测试测试 测试测试 测试测试 测试测试 测试测试 测试测试<br />\n测试测试 测试测试 测试测试</p>\n' },
  costTime: 3,
  response: 
   { status: 200,
     message: 'OK',
     header: 
      { 'access-control-allow-origin': 'http://localhost:8082',
        'content-type': 'application/json; charset=utf-8' },
     body: { status: 200, msg: '保存成功', data: [Object] } } }
[2018-10-18T08:58:05.525] [INFO] response - { method: 'POST',
  url: '/api/ArticleList',
  body: {},
  costTime: 2,
  response: 
   { status: 200,
     message: 'OK',
     header: 
      { 'access-control-allow-origin': 'http://localhost:8082',
        'content-type': 'application/json; charset=utf-8' },
     body: { status: 200, success: true, data: [Object], msg: '添加成功' } } }
[2018-10-18T08:58:07.089] [INFO] response - { method: 'POST',
  url: '/api/postArticleContent',
  body: { id: '5bc7da9dac558922344d8e7d' },
  costTime: 3,
  response: 
   { status: 200,
     message: 'OK',
     header: 
      { 'access-control-allow-origin': 'http://localhost:8082',
        'content-type': 'application/json; charset=utf-8' },
     body: { status: 200, data: [Object] } } }
[2018-10-18T08:58:13.419] [INFO] response - { method: 'POST',
  url: '/api/saveArticle',
  body: { title: '测试标题3', content: '', id: '5bc7da9dac558922344d8e7d' },
  costTime: 3,
  response: 
   { status: 200,
     message: 'OK',
     header: 
      { 'access-control-allow-origin': 'http://localhost:8082',
        'content-type': 'application/json; charset=utf-8' },
     body: { status: 200, msg: '保存成功', data: [Object] } } }
[2018-10-18T08:58:14.906] [INFO] response - { method: 'POST',
  url: '/api/saveArticle',
  body: 
   { title: '测试标题3',
     content: '\n### 测试测试 \n测试测试 测试测试 测试测试 测试测试 测试测试 测试测试 测试测试 \n测试测试 测试测试 测试测试 ',
     id: '5bc7da9dac558922344d8e7d',
     htmlCode: '<h3>测试测试</h3>\n<p>测试测试 测试测试 测试测试 测试测试 测试测试 测试测试 测试测试<br />\n测试测试 测试测试 测试测试</p>\n' },
  costTime: 3,
  response: 
   { status: 200,
     message: 'OK',
     header: 
      { 'access-control-allow-origin': 'http://localhost:8082',
        'content-type': 'application/json; charset=utf-8' },
     body: { status: 200, msg: '保存成功', data: [Object] } } }
[2018-10-18T08:58:39.527] [INFO] response - { method: 'GET',
  url: '/api/getArticle',
  body: {},
  costTime: 4,
  response: 
   { status: 200,
     message: 'OK',
     header: 
      { 'access-control-allow-origin': 'http://localhost:8080',
        'content-type': 'application/json; charset=utf-8' },
     body: { status: 200, msg: '获取文章列表成功', data: [] } } }
[2018-10-18T08:58:39.538] [INFO] response - { method: 'GET',
  url: '/api/getArticle',
  body: {},
  costTime: 4,
  response: 
   { status: 200,
     message: 'OK',
     header: 
      { 'access-control-allow-origin': 'http://localhost:8080',
        'content-type': 'application/json; charset=utf-8' },
     body: { status: 200, msg: '获取文章列表成功', data: [] } } }
[2018-10-18T08:58:45.950] [INFO] response - { method: 'GET',
  url: '/api/getArticle',
  body: {},
  costTime: 3,
  response: 
   { status: 200,
     message: 'OK',
     header: 
      { 'access-control-allow-origin': 'http://localhost:8080',
        'content-type': 'application/json; charset=utf-8' },
     body: { status: 200, msg: '获取文章列表成功', data: [] } } }
[2018-10-18T08:58:45.962] [INFO] response - { method: 'GET',
  url: '/api/getArticle',
  body: {},
  costTime: 4,
  response: 
   { status: 200,
     message: 'OK',
     header: 
      { 'access-control-allow-origin': 'http://localhost:8080',
        'content-type': 'application/json; charset=utf-8' },
     body: { status: 200, msg: '获取文章列表成功', data: [] } } }
[2018-10-18T08:59:09.598] [INFO] response - { method: 'GET',
  url: '/api/getArticleList',
  body: {},
  costTime: 5,
  response: 
   { status: 200,
     message: 'OK',
     header: 
      { 'access-control-allow-origin': 'http://localhost:8082',
        'content-type': 'application/json; charset=utf-8' },
     body: { status: 200, msg: '获取文章列表成功', data: [Array] } } }
[2018-10-18T08:59:09.601] [INFO] response - { method: 'POST',
  url: '/api/getStatistics',
  body: {},
  costTime: 6,
  response: 
   { status: 200,
     message: 'OK',
     header: 
      { 'access-control-allow-origin': 'http://localhost:8082',
        'content-type': 'application/json; charset=utf-8' },
     body: { status: 200, msg: '获取统计成功', data: [Object] } } }
[2018-10-18T08:59:11.664] [INFO] response - { method: 'POST',
  url: '/api/postArticleContent',
  body: { id: '5bc7da5aac558922344d8e7b' },
  costTime: 2,
  response: 
   { status: 200,
     message: 'OK',
     header: 
      { 'access-control-allow-origin': 'http://localhost:8082',
        'content-type': 'application/json; charset=utf-8' },
     body: { status: 200, data: [Object] } } }
[2018-10-18T08:59:12.166] [INFO] response - { method: 'POST',
  url: '/api/postArticleContent',
  body: { id: '5bc7da7dac558922344d8e7c' },
  costTime: 3,
  response: 
   { status: 200,
     message: 'OK',
     header: 
      { 'access-control-allow-origin': 'http://localhost:8082',
        'content-type': 'application/json; charset=utf-8' },
     body: { status: 200, data: [Object] } } }
[2018-10-18T08:59:12.721] [INFO] response - { method: 'POST',
  url: '/api/postArticleContent',
  body: { id: '5bc7da9dac558922344d8e7d' },
  costTime: 2,
  response: 
   { status: 200,
     message: 'OK',
     header: 
      { 'access-control-allow-origin': 'http://localhost:8082',
        'content-type': 'application/json; charset=utf-8' },
     body: { status: 200, data: [Object] } } }
[2018-10-18T08:59:13.999] [INFO] response - { method: 'POST',
  url: '/api/postArticleContent',
  body: { id: '5bc7da5aac558922344d8e7b' },
  costTime: 3,
  response: 
   { status: 200,
     message: 'OK',
     header: 
      { 'access-control-allow-origin': 'http://localhost:8082',
        'content-type': 'application/json; charset=utf-8' },
     body: { status: 200, data: [Object] } } }
[2018-10-18T08:59:15.093] [INFO] response - { method: 'POST',
  url: '/api/postArticleContent',
  body: { id: '5bc7da9dac558922344d8e7d' },
  costTime: 12,
  response: 
   { status: 200,
     message: 'OK',
     header: 
      { 'access-control-allow-origin': 'http://localhost:8082',
        'content-type': 'application/json; charset=utf-8' },
     body: { status: 200, data: [Object] } } }
[2018-10-18T08:59:23.433] [INFO] response - { method: 'GET',
  url: '/api/getArticle',
  body: {},
  costTime: 4,
  response: 
   { status: 200,
     message: 'OK',
     header: 
      { 'access-control-allow-origin': 'http://localhost:8080',
        'content-type': 'application/json; charset=utf-8' },
     body: { status: 200, msg: '获取文章列表成功', data: [] } } }
[2018-10-18T08:59:23.441] [INFO] response - { method: 'GET',
  url: '/api/getArticle',
  body: {},
  costTime: 3,
  response: 
   { status: 200,
     message: 'OK',
     header: 
      { 'access-control-allow-origin': 'http://localhost:8080',
        'content-type': 'application/json; charset=utf-8' },
     body: { status: 200, msg: '获取文章列表成功', data: [] } } }
[2018-10-18T09:00:10.838] [INFO] response - { method: 'GET',
  url: '/api/getArticle',
  body: {},
  costTime: 20,
  response: 
   { status: 200,
     message: 'OK',
     header: 
      { 'access-control-allow-origin': 'http://localhost:8080',
        'content-type': 'application/json; charset=utf-8' },
     body: { status: 200, msg: '获取文章列表成功', data: [] } } }
[2018-10-18T09:00:10.867] [INFO] response - { method: 'GET',
  url: '/api/getArticle',
  body: {},
  costTime: 10,
  response: 
   { status: 200,
     message: 'OK',
     header: 
      { 'access-control-allow-origin': 'http://localhost:8080',
        'content-type': 'application/json; charset=utf-8' },
     body: { status: 200, msg: '获取文章列表成功', data: [] } } }
[2018-10-18T09:02:00.801] [INFO] response - { method: 'POST',
  url: '/api/postArticleContent',
  body: { id: '5bc7da5aac558922344d8e7b' },
  costTime: 16,
  response: 
   { status: 200,
     message: 'OK',
     header: 
      { 'access-control-allow-origin': 'http://localhost:8082',
        'content-type': 'application/json; charset=utf-8' },
     body: { status: 200, data: [Object] } } }
[2018-10-18T09:02:02.807] [INFO] response - { method: 'POST',
  url: '/api/upArticle',
  body: { id: '5bc7da5aac558922344d8e7b' },
  costTime: 5,
  response: 
   { status: 200,
     message: 'OK',
     header: 
      { 'access-control-allow-origin': 'http://localhost:8082',
        'content-type': 'application/json; charset=utf-8' },
     body: { status: 200, msg: '上线成功' } } }
[2018-10-18T09:02:04.347] [INFO] response - { method: 'POST',
  url: '/api/postArticleContent',
  body: { id: '5bc7da7dac558922344d8e7c' },
  costTime: 2,
  response: 
   { status: 200,
     message: 'OK',
     header: 
      { 'access-control-allow-origin': 'http://localhost:8082',
        'content-type': 'application/json; charset=utf-8' },
     body: { status: 200, data: [Object] } } }
[2018-10-18T09:02:05.917] [INFO] response - { method: 'POST',
  url: '/api/upArticle',
  body: { id: '5bc7da7dac558922344d8e7c' },
  costTime: 4,
  response: 
   { status: 200,
     message: 'OK',
     header: 
      { 'access-control-allow-origin': 'http://localhost:8082',
        'content-type': 'application/json; charset=utf-8' },
     body: { status: 200, msg: '上线成功' } } }
[2018-10-18T09:02:07.167] [INFO] response - { method: 'POST',
  url: '/api/postArticleContent',
  body: { id: '5bc7da9dac558922344d8e7d' },
  costTime: 3,
  response: 
   { status: 200,
     message: 'OK',
     header: 
      { 'access-control-allow-origin': 'http://localhost:8082',
        'content-type': 'application/json; charset=utf-8' },
     body: { status: 200, data: [Object] } } }
[2018-10-18T09:02:08.640] [INFO] response - { method: 'POST',
  url: '/api/upArticle',
  body: { id: '5bc7da9dac558922344d8e7d' },
  costTime: 2,
  response: 
   { status: 200,
     message: 'OK',
     header: 
      { 'access-control-allow-origin': 'http://localhost:8082',
        'content-type': 'application/json; charset=utf-8' },
     body: { status: 200, msg: '上线成功' } } }
[2018-10-18T09:02:44.136] [INFO] response - { method: 'GET',
  url: '/api/getArticle',
  body: {},
  costTime: 5,
  response: 
   { status: 200,
     message: 'OK',
     header: 
      { 'access-control-allow-origin': 'http://localhost:8080',
        'content-type': 'application/json; charset=utf-8' },
     body: { status: 200, msg: '获取文章列表成功', data: [Array] } } }
[2018-10-18T09:02:44.146] [INFO] response - { method: 'GET',
  url: '/api/getArticle',
  body: {},
  costTime: 5,
  response: 
   { status: 200,
     message: 'OK',
     header: 
      { 'access-control-allow-origin': 'http://localhost:8080',
        'content-type': 'application/json; charset=utf-8' },
     body: { status: 200, msg: '获取文章列表成功', data: [Array] } } }
[2018-10-18T10:40:38.383] [INFO] response - { method: 'GET',
  url: '/api/getArticle',
  body: {},
  costTime: 8,
  response: 
   { status: 200,
     message: 'OK',
     header: 
      { 'access-control-allow-origin': 'http://138.128.198.202',
        'content-type': 'application/json; charset=utf-8' },
     body: { status: 200, msg: '获取文章列表成功', data: [Array] } } }
[2018-10-18T10:40:38.399] [INFO] response - { method: 'GET',
  url: '/api/getArticle',
  body: {},
  costTime: 3,
  response: 
   { status: 200,
     message: 'OK',
     header: 
      { 'access-control-allow-origin': 'http://138.128.198.202',
        'content-type': 'application/json; charset=utf-8' },
     body: { status: 200, msg: '获取文章列表成功', data: [Array] } } }
[2018-10-18T10:41:14.440] [INFO] response - { method: 'POST',
  url: '/api/login',
  body: { username: '17602004746', password: 'wokaopy123' },
  costTime: 29,
  response: 
   { status: 200,
     message: 'OK',
     header: 
      { 'access-control-allow-origin': 'http://138.128.198.202:81',
        'content-type': 'application/json; charset=utf-8' },
     body: 
      { status: 200,
        success: true,
        token: 'eyJhbGciOiJIUzI1NiIsInR5cCI6IkpXVCJ9.eyJ1c2VfaWQiOiIxNzYwMjAwNDc0NiIsImlhdCI6MTUzOTgzMDQ3NCwiZXhwIjoxNTQwNDM1Mjc0fQ.csJiBvfZTwleJUlzBiA4W-l2NQMNquXTgufeRfYw1Zw',
        msg: '恭喜主人,登录成功' } } }
[2018-10-18T10:41:22.645] [INFO] response - { method: 'GET',
  url: '/api/getArticleList',
  body: {},
  costTime: 4,
  response: 
   { status: 200,
     message: 'OK',
     header: 
      { 'access-control-allow-origin': 'http://138.128.198.202:81',
        'content-type': 'application/json; charset=utf-8' },
     body: { status: 200, msg: '获取文章列表成功', data: [Array] } } }
[2018-10-18T10:41:22.682] [INFO] response - { method: 'POST',
  url: '/api/getStatistics',
  body: {},
  costTime: 2,
  response: 
   { status: 200,
     message: 'OK',
     header: 
      { 'access-control-allow-origin': 'http://138.128.198.202:81',
        'content-type': 'application/json; charset=utf-8' },
     body: { status: 200, msg: '获取统计成功', data: [Object] } } }
[2018-10-18T10:41:26.433] [INFO] response - { method: 'POST',
  url: '/api/getStatistics',
  body: {},
  costTime: 2,
  response: 
   { status: 200,
     message: 'OK',
     header: 
      { 'access-control-allow-origin': 'http://138.128.198.202:81',
        'content-type': 'application/json; charset=utf-8' },
     body: { status: 200, msg: '获取统计成功', data: [Object] } } }
[2018-10-18T10:41:28.441] [INFO] response - { method: 'GET',
  url: '/api/getArticleList',
  body: {},
  costTime: 4,
  response: 
   { status: 200,
     message: 'OK',
     header: 
      { 'access-control-allow-origin': 'http://138.128.198.202:81',
        'content-type': 'application/json; charset=utf-8' },
     body: { status: 200, msg: '获取文章列表成功', data: [Array] } } }
[2018-10-18T10:41:35.859] [INFO] response - { method: 'GET',
  url: '/api/getArticleList',
  body: {},
  costTime: 2,
  response: 
   { status: 200,
     message: 'OK',
     header: 
      { 'access-control-allow-origin': 'http://138.128.198.202:81',
        'content-type': 'application/json; charset=utf-8' },
     body: { status: 200, msg: '获取文章列表成功', data: [Array] } } }
[2018-10-18T10:41:35.865] [INFO] response - { method: 'POST',
  url: '/api/getStatistics',
  body: {},
  costTime: 2,
  response: 
   { status: 200,
     message: 'OK',
     header: 
      { 'access-control-allow-origin': 'http://138.128.198.202:81',
        'content-type': 'application/json; charset=utf-8' },
     body: { status: 200, msg: '获取统计成功', data: [Object] } } }
[2018-10-18T10:41:51.907] [INFO] response - { method: 'POST',
  url: '/api/login',
  body: { username: '17602004746', password: 'wokaopy123' },
  costTime: 7,
  response: 
   { status: 200,
     message: 'OK',
     header: 
      { 'access-control-allow-origin': 'http://138.128.198.202:81',
        'content-type': 'application/json; charset=utf-8' },
     body: 
      { status: 200,
        success: true,
        token: 'eyJhbGciOiJIUzI1NiIsInR5cCI6IkpXVCJ9.eyJ1c2VfaWQiOiIxNzYwMjAwNDc0NiIsImlhdCI6MTUzOTgzMDUxMSwiZXhwIjoxNTQwNDM1MzExfQ.6AMh_O3keZ-7_EyVc-uePodF2GezV_lLPxGsJpgmzPM',
        msg: '恭喜主人,登录成功' } } }
[2018-10-18T10:41:52.059] [INFO] response - { method: 'POST',
  url: '/api/getStatistics',
  body: {},
  costTime: 3,
  response: 
   { status: 200,
     message: 'OK',
     header: 
      { 'access-control-allow-origin': 'http://138.128.198.202:81',
        'content-type': 'application/json; charset=utf-8' },
     body: { status: 200, msg: '获取统计成功', data: [Object] } } }
[2018-10-18T10:41:56.729] [INFO] response - { method: 'GET',
  url: '/api/getArticleList',
  body: {},
  costTime: 4,
  response: 
   { status: 200,
     message: 'OK',
     header: 
      { 'access-control-allow-origin': 'http://138.128.198.202:81',
        'content-type': 'application/json; charset=utf-8' },
     body: { status: 200, msg: '获取文章列表成功', data: [Array] } } }
[2018-10-18T10:41:58.231] [INFO] response - { method: 'POST',
  url: '/api/postArticleContent',
  body: { id: '5bc7da5aac558922344d8e7b' },
  costTime: 3,
  response: 
   { status: 200,
     message: 'OK',
     header: 
      { 'access-control-allow-origin': 'http://138.128.198.202:81',
        'content-type': 'application/json; charset=utf-8' },
     body: { status: 200, data: [Object] } } }
[2018-10-18T10:41:59.006] [INFO] response - { method: 'POST',
  url: '/api/postArticleContent',
  body: { id: '5bc7da7dac558922344d8e7c' },
  costTime: 4,
  response: 
   { status: 200,
     message: 'OK',
     header: 
      { 'access-control-allow-origin': 'http://138.128.198.202:81',
        'content-type': 'application/json; charset=utf-8' },
     body: { status: 200, data: [Object] } } }
[2018-10-18T10:42:00.393] [INFO] response - { method: 'POST',
  url: '/api/postArticleContent',
  body: { id: '5bc7da9dac558922344d8e7d' },
  costTime: 2,
  response: 
   { status: 200,
     message: 'OK',
     header: 
      { 'access-control-allow-origin': 'http://138.128.198.202:81',
        'content-type': 'application/json; charset=utf-8' },
     body: { status: 200, data: [Object] } } }
[2018-10-18T10:42:47.870] [INFO] response - { method: 'POST',
  url: '/api/postArticleContent',
  body: { id: '5bc7da7dac558922344d8e7c' },
  costTime: 2,
  response: 
   { status: 200,
     message: 'OK',
     header: 
      { 'access-control-allow-origin': 'http://localhost:8082',
        'content-type': 'application/json; charset=utf-8' },
     body: { status: 200, data: [Object] } } }
[2018-10-18T10:42:48.614] [INFO] response - { method: 'POST',
  url: '/api/postArticleContent',
  body: { id: '5bc7da5aac558922344d8e7b' },
  costTime: 3,
  response: 
   { status: 200,
     message: 'OK',
     header: 
      { 'access-control-allow-origin': 'http://localhost:8082',
        'content-type': 'application/json; charset=utf-8' },
     body: { status: 200, data: [Object] } } }
[2018-10-18T10:42:49.184] [INFO] response - { method: 'POST',
  url: '/api/postArticleContent',
  body: { id: '5bc7da9dac558922344d8e7d' },
  costTime: 6,
  response: 
   { status: 200,
     message: 'OK',
     header: 
      { 'access-control-allow-origin': 'http://localhost:8082',
        'content-type': 'application/json; charset=utf-8' },
     body: { status: 200, data: [Object] } } }
[2018-10-18T10:44:37.257] [INFO] response - { method: 'GET',
  url: '/api/getArticle',
  body: {},
  costTime: 3,
  response: 
   { status: 200,
     message: 'OK',
     header: 
      { 'access-control-allow-origin': 'http://138.128.198.202',
        'content-type': 'application/json; charset=utf-8' },
     body: { status: 200, msg: '获取文章列表成功', data: [Array] } } }
[2018-10-18T10:44:41.342] [INFO] response - { method: 'GET',
  url: '/api/getArticle',
  body: {},
  costTime: 3,
  response: 
   { status: 200,
     message: 'OK',
     header: 
      { 'access-control-allow-origin': 'http://138.128.198.202',
        'content-type': 'application/json; charset=utf-8' },
     body: { status: 200, msg: '获取文章列表成功', data: [Array] } } }
[2018-10-18T10:44:57.125] [INFO] response - { method: 'POST',
  url: '/api/login',
  body: { username: '17602004746', password: 'wokaopy123' },
  costTime: 3,
  response: 
   { status: 200,
     message: 'OK',
     header: 
      { 'access-control-allow-origin': 'http://138.128.198.202:81',
        'content-type': 'application/json; charset=utf-8' },
     body: 
      { status: 200,
        success: true,
        token: 'eyJhbGciOiJIUzI1NiIsInR5cCI6IkpXVCJ9.eyJ1c2VfaWQiOiIxNzYwMjAwNDc0NiIsImlhdCI6MTUzOTgzMDY5NywiZXhwIjoxNTQwNDM1NDk3fQ.Yz7guCNbZKhZ_s2-OQsqVUUnOqZjbGn_-bNRTQRngxM',
        msg: '恭喜主人,登录成功' } } }
[2018-10-18T10:45:02.051] [INFO] response - { method: 'GET',
  url: '/api/getArticleList',
  body: {},
  costTime: 5,
  response: 
   { status: 200,
     message: 'OK',
     header: 
      { 'access-control-allow-origin': 'http://138.128.198.202:81',
        'content-type': 'application/json; charset=utf-8' },
     body: { status: 200, msg: '获取文章列表成功', data: [Array] } } }
[2018-10-18T10:45:02.058] [INFO] response - { method: 'POST',
  url: '/api/getStatistics',
  body: {},
  costTime: 3,
  response: 
   { status: 200,
     message: 'OK',
     header: 
      { 'access-control-allow-origin': 'http://138.128.198.202:81',
        'content-type': 'application/json; charset=utf-8' },
     body: { status: 200, msg: '获取统计成功', data: [Object] } } }
[2018-10-18T10:52:03.587] [INFO] response - { method: 'POST',
  url: '/api/login',
  body: { username: '17602004746', password: '123456' },
  costTime: 9,
  response: 
   { status: 201,
     message: 'Created',
     header: 
      { 'access-control-allow-origin': 'http://138.128.198.202:81',
        'content-type': 'application/json; charset=utf-8' },
     body: { success: false } } }
[2018-10-18T10:54:04.184] [INFO] response - { method: 'GET',
  url: '/api/getArticle',
  body: {},
  costTime: 4,
  response: 
   { status: 200,
     message: 'OK',
     header: 
      { 'access-control-allow-origin': 'http://138.128.198.202',
        'content-type': 'application/json; charset=utf-8' },
     body: { status: 200, msg: '获取文章列表成功', data: [Array] } } }
[2018-10-18T10:54:04.193] [INFO] response - { method: 'GET',
  url: '/api/getArticle',
  body: {},
  costTime: 5,
  response: 
   { status: 200,
     message: 'OK',
     header: 
      { 'access-control-allow-origin': 'http://138.128.198.202',
        'content-type': 'application/json; charset=utf-8' },
     body: { status: 200, msg: '获取文章列表成功', data: [Array] } } }
[2018-10-18T10:55:35.397] [INFO] response - { method: 'GET',
  url: '/api/getArticle',
  body: {},
  costTime: 4,
  response: 
   { status: 200,
     message: 'OK',
     header: 
      { 'access-control-allow-origin': 'http://138.128.198.202',
        'content-type': 'application/json; charset=utf-8' },
     body: { status: 200, msg: '获取文章列表成功', data: [Array] } } }
[2018-10-18T10:55:35.409] [INFO] response - { method: 'GET',
  url: '/api/getArticle',
  body: {},
  costTime: 4,
  response: 
   { status: 200,
     message: 'OK',
     header: 
      { 'access-control-allow-origin': 'http://138.128.198.202',
        'content-type': 'application/json; charset=utf-8' },
     body: { status: 200, msg: '获取文章列表成功', data: [Array] } } }
[2018-10-18T11:01:24.953] [INFO] response - { method: 'POST',
  url: '/api/login',
  body: { username: '17602004746', password: 'wokaopy123' },
  costTime: 15,
  response: 
   { status: 200,
     message: 'OK',
     header: 
      { 'access-control-allow-origin': 'http://138.128.198.202:81',
        'content-type': 'application/json; charset=utf-8' },
     body: 
      { status: 200,
        success: true,
        token: 'eyJhbGciOiJIUzI1NiIsInR5cCI6IkpXVCJ9.eyJ1c2VfaWQiOiIxNzYwMjAwNDc0NiIsImlhdCI6MTUzOTgzMTY4NCwiZXhwIjoxNTQwNDM2NDg0fQ.HjRatwVu3xDfFnRIsTyyQIYAipPkCahmFOyenDVtWL8',
        msg: '恭喜主人,登录成功' } } }
[2018-10-18T11:01:30.973] [INFO] response - { method: 'POST',
  url: '/api/getStatistics',
  body: {},
  costTime: 4,
  response: 
   { status: 200,
     message: 'OK',
     header: 
      { 'access-control-allow-origin': 'http://138.128.198.202:81',
        'content-type': 'application/json; charset=utf-8' },
     body: { status: 200, msg: '获取统计成功', data: [Object] } } }
[2018-10-18T11:01:33.800] [INFO] response - { method: 'GET',
  url: '/api/getArticleList',
  body: {},
  costTime: 3,
  response: 
   { status: 200,
     message: 'OK',
     header: 
      { 'access-control-allow-origin': 'http://138.128.198.202:81',
        'content-type': 'application/json; charset=utf-8' },
     body: { status: 200, msg: '获取文章列表成功', data: [Array] } } }
[2018-10-18T11:01:50.602] [INFO] response - { method: 'POST',
  url: '/api/login',
  body: { username: '17602004746', password: 'wokaopy123' },
  costTime: 8,
  response: 
   { status: 200,
     message: 'OK',
     header: 
      { 'access-control-allow-origin': 'http://138.128.198.202:81',
        'content-type': 'application/json; charset=utf-8' },
     body: 
      { status: 200,
        success: true,
        token: 'eyJhbGciOiJIUzI1NiIsInR5cCI6IkpXVCJ9.eyJ1c2VfaWQiOiIxNzYwMjAwNDc0NiIsImlhdCI6MTUzOTgzMTcxMCwiZXhwIjoxNTQwNDM2NTEwfQ.sNaiS6HWpFIi3XJVhHIksvs_vhs2NxI6wuhgR50ZjpY',
        msg: '恭喜主人,登录成功' } } }
[2018-10-18T11:01:50.693] [INFO] response - { method: 'POST',
  url: '/api/getStatistics',
  body: {},
  costTime: 4,
  response: 
   { status: 200,
     message: 'OK',
     header: 
      { 'access-control-allow-origin': 'http://138.128.198.202:81',
        'content-type': 'application/json; charset=utf-8' },
     body: { status: 200, msg: '获取统计成功', data: [Object] } } }
[2018-10-18T11:09:02.017] [INFO] response - { method: 'POST',
  url: '/api/getStatistics',
  body: {},
  costTime: 3,
  response: 
   { status: 200,
     message: 'OK',
     header: 
      { 'access-control-allow-origin': 'http://138.128.198.202:81',
        'content-type': 'application/json; charset=utf-8' },
     body: { status: 200, msg: '获取统计成功', data: [Object] } } }
[2018-10-18T11:09:03.030] [INFO] response - { method: 'GET',
  url: '/api/getArticleList',
  body: {},
  costTime: 4,
  response: 
   { status: 200,
     message: 'OK',
     header: 
      { 'access-control-allow-origin': 'http://138.128.198.202:81',
        'content-type': 'application/json; charset=utf-8' },
     body: { status: 200, msg: '获取文章列表成功', data: [Array] } } }
[2018-10-18T11:09:04.201] [INFO] response - { method: 'POST',
  url: '/api/postArticleContent',
  body: { id: '5bc7da9dac558922344d8e7d' },
  costTime: 3,
  response: 
   { status: 200,
     message: 'OK',
     header: 
      { 'access-control-allow-origin': 'http://138.128.198.202:81',
        'content-type': 'application/json; charset=utf-8' },
     body: { status: 200, data: [Object] } } }
[2018-10-18T11:09:09.743] [INFO] response - { method: 'POST',
  url: '/api/ArticleList',
  body: {},
  costTime: 18,
  response: 
   { status: 200,
     message: 'OK',
     header: 
      { 'access-control-allow-origin': 'http://138.128.198.202:81',
        'content-type': 'application/json; charset=utf-8' },
     body: { status: 200, success: true, data: [Object], msg: '添加成功' } } }
[2018-10-18T11:09:10.648] [INFO] response - { method: 'POST',
  url: '/api/postArticleContent',
  body: { id: '5bc7f9550fd3622be362baed' },
  costTime: 4,
  response: 
   { status: 200,
     message: 'OK',
     header: 
      { 'access-control-allow-origin': 'http://138.128.198.202:81',
        'content-type': 'application/json; charset=utf-8' },
     body: { status: 200, data: [Object] } } }
[2018-10-18T11:09:11.488] [INFO] response - { method: 'POST',
  url: '/api/saveArticle',
  body: { title: '新标题', content: '', id: '5bc7f9550fd3622be362baed' },
  costTime: 5,
  response: 
   { status: 200,
     message: 'OK',
     header: 
      { 'access-control-allow-origin': 'http://138.128.198.202:81',
        'content-type': 'application/json; charset=utf-8' },
     body: { status: 200, msg: '保存成功', data: [Object] } } }
[2018-10-18T11:09:17.528] [INFO] response - { method: 'POST',
  url: '/api/saveArticle',
  body: { title: '测试标题4', content: '', id: '5bc7f9550fd3622be362baed' },
  costTime: 3,
  response: 
   { status: 200,
     message: 'OK',
     header: 
      { 'access-control-allow-origin': 'http://138.128.198.202:81',
        'content-type': 'application/json; charset=utf-8' },
     body: { status: 200, msg: '保存成功', data: [Object] } } }
[2018-10-18T11:09:18.873] [INFO] response - { method: 'POST',
  url: '/api/postArticleContent',
  body: { id: '5bc7f9550fd3622be362baed' },
  costTime: 2,
  response: 
   { status: 200,
     message: 'OK',
     header: 
      { 'access-control-allow-origin': 'http://138.128.198.202:81',
        'content-type': 'application/json; charset=utf-8' },
     body: { status: 200, data: [Object] } } }
[2018-10-18T11:09:22.107] [INFO] response - { method: 'POST',
  url: '/api/upArticle',
  body: { id: '5bc7f9550fd3622be362baed' },
  costTime: 2,
  response: 
   { status: 200,
     message: 'OK',
     header: 
      { 'access-control-allow-origin': 'http://138.128.198.202:81',
        'content-type': 'application/json; charset=utf-8' },
     body: { status: 200, msg: '上线成功' } } }
[2018-10-18T11:09:28.490] [INFO] response - { method: 'GET',
  url: '/api/getArticle',
  body: {},
  costTime: 5,
  response: 
   { status: 200,
     message: 'OK',
     header: 
      { 'access-control-allow-origin': 'http://138.128.198.202',
        'content-type': 'application/json; charset=utf-8' },
     body: { status: 200, msg: '获取文章列表成功', data: [Array] } } }
[2018-10-18T11:09:28.500] [INFO] response - { method: 'GET',
  url: '/api/getArticle',
  body: {},
  costTime: 4,
  response: 
   { status: 200,
     message: 'OK',
     header: 
      { 'access-control-allow-origin': 'http://138.128.198.202',
        'content-type': 'application/json; charset=utf-8' },
     body: { status: 200, msg: '获取文章列表成功', data: [Array] } } }
[2018-10-18T11:47:43.040] [INFO] response - { method: 'GET',
  url: '/api/getArticle',
  body: {},
  costTime: 51,
  response: 
   { status: 200,
     message: 'OK',
     header: 
      { 'access-control-allow-origin': 'http://138.128.198.202',
        'content-type': 'application/json; charset=utf-8' },
     body: { status: 200, msg: '获取文章列表成功', data: [Array] } } }
[2018-10-18T11:47:43.100] [INFO] response - { method: 'GET',
  url: '/api/getArticle',
  body: {},
  costTime: 30,
  response: 
   { status: 200,
     message: 'OK',
     header: 
      { 'access-control-allow-origin': 'http://138.128.198.202',
        'content-type': 'application/json; charset=utf-8' },
     body: { status: 200, msg: '获取文章列表成功', data: [Array] } } }
[2018-10-18T11:47:49.833] [INFO] response - { method: 'GET',
  url: '/api/getArticle',
  body: {},
  costTime: 2,
  response: 
   { status: 200,
     message: 'OK',
     header: 
      { 'access-control-allow-origin': 'http://138.128.198.202',
        'content-type': 'application/json; charset=utf-8' },
     body: { status: 200, msg: '获取文章列表成功', data: [Array] } } }
[2018-10-18T11:47:49.842] [INFO] response - { method: 'GET',
  url: '/api/getArticle',
  body: {},
  costTime: 6,
  response: 
   { status: 200,
     message: 'OK',
     header: 
      { 'access-control-allow-origin': 'http://138.128.198.202',
        'content-type': 'application/json; charset=utf-8' },
     body: { status: 200, msg: '获取文章列表成功', data: [Array] } } }
[2018-10-18T11:49:50.738] [INFO] response - { method: 'GET',
  url: '/api/getArticle',
  body: {},
  costTime: 9,
  response: 
   { status: 200,
     message: 'OK',
     header: 
      { 'access-control-allow-origin': 'http://138.128.198.202',
        'content-type': 'application/json; charset=utf-8' },
     body: { status: 200, msg: '获取文章列表成功', data: [Array] } } }
[2018-10-18T11:49:50.755] [INFO] response - { method: 'GET',
  url: '/api/getArticle',
  body: {},
  costTime: 7,
  response: 
   { status: 200,
     message: 'OK',
     header: 
      { 'access-control-allow-origin': 'http://138.128.198.202',
        'content-type': 'application/json; charset=utf-8' },
     body: { status: 200, msg: '获取文章列表成功', data: [Array] } } }
[2018-10-18T11:50:13.535] [INFO] response - { method: 'GET',
  url: '/api/getArticle',
  body: {},
  costTime: 10,
  response: 
   { status: 200,
     message: 'OK',
     header: 
      { 'access-control-allow-origin': 'http://138.128.198.202',
        'content-type': 'application/json; charset=utf-8' },
     body: { status: 200, msg: '获取文章列表成功', data: [Array] } } }
[2018-10-18T11:50:13.545] [INFO] response - { method: 'GET',
  url: '/api/getArticle',
  body: {},
  costTime: 18,
  response: 
   { status: 200,
     message: 'OK',
     header: 
      { 'access-control-allow-origin': 'http://138.128.198.202',
        'content-type': 'application/json; charset=utf-8' },
     body: { status: 200, msg: '获取文章列表成功', data: [Array] } } }
[2018-10-18T11:50:24.563] [INFO] response - { method: 'GET',
  url: '/api/getArticle',
  body: {},
  costTime: 5,
  response: 
   { status: 200,
     message: 'OK',
     header: 
      { 'access-control-allow-origin': 'http://138.128.198.202',
        'content-type': 'application/json; charset=utf-8' },
     body: { status: 200, msg: '获取文章列表成功', data: [Array] } } }
[2018-10-18T11:50:58.073] [INFO] response - { method: 'GET',
  url: '/api/getArticle',
  body: {},
  costTime: 3,
  response: 
   { status: 200,
     message: 'OK',
     header: 
      { 'access-control-allow-origin': 'http://138.128.198.202',
        'content-type': 'application/json; charset=utf-8' },
     body: { status: 200, msg: '获取文章列表成功', data: [Array] } } }
[2018-10-18T11:50:58.082] [INFO] response - { method: 'GET',
  url: '/api/getArticle',
  body: {},
  costTime: 5,
  response: 
   { status: 200,
     message: 'OK',
     header: 
      { 'access-control-allow-origin': 'http://138.128.198.202',
        'content-type': 'application/json; charset=utf-8' },
     body: { status: 200, msg: '获取文章列表成功', data: [Array] } } }
[2018-10-18T11:53:52.535] [INFO] response - { method: 'GET',
  url: '/api/getArticle',
  body: {},
  costTime: 3,
  response: 
   { status: 200,
     message: 'OK',
     header: 
      { 'access-control-allow-origin': 'http://138.128.198.202',
        'content-type': 'application/json; charset=utf-8' },
     body: { status: 200, msg: '获取文章列表成功', data: [Array] } } }
[2018-10-18T11:53:52.550] [INFO] response - { method: 'GET',
  url: '/api/getArticle',
  body: {},
  costTime: 5,
  response: 
   { status: 200,
     message: 'OK',
     header: 
      { 'access-control-allow-origin': 'http://138.128.198.202',
        'content-type': 'application/json; charset=utf-8' },
     body: { status: 200, msg: '获取文章列表成功', data: [Array] } } }
[2018-10-18T15:20:38.524] [INFO] response - { method: 'POST',
  url: '/api/login',
  body: { username: '17602004746', password: 'wokaopy123' },
  costTime: 74,
  response: 
   { status: 200,
     message: 'OK',
     header: 
      { 'access-control-allow-origin': 'http://localhost:8080',
        'content-type': 'application/json; charset=utf-8' },
     body: 
      { status: 200,
        success: true,
        token: 'eyJhbGciOiJIUzI1NiIsInR5cCI6IkpXVCJ9.eyJ1c2VfaWQiOiIxNzYwMjAwNDc0NiIsImlhdCI6MTUzOTg0NzIzOCwiZXhwIjoxNTQwNDUyMDM4fQ.bsXOgiIgN3bhOmqqwHwffOw-A2xSxSEwETbI6Ofs5PU',
        msg: '恭喜主人,登录成功' } } }
[2018-10-18T15:20:39.668] [INFO] response - { method: 'POST',
  url: '/api/getStatistics',
  body: {},
  costTime: 10,
  response: 
   { status: 200,
     message: 'OK',
     header: 
      { 'access-control-allow-origin': 'http://localhost:8080',
        'content-type': 'application/json; charset=utf-8' },
     body: { status: 200, msg: '获取统计成功', data: [Object] } } }
[2018-10-18T15:21:18.326] [INFO] response - { method: 'POST',
  url: '/api/login',
  body: { username: '17602004746', password: 'wokaopy123' },
  costTime: 13,
  response: 
   { status: 200,
     message: 'OK',
     header: 
      { 'access-control-allow-origin': 'http://localhost:8080',
        'content-type': 'application/json; charset=utf-8' },
     body: 
      { status: 200,
        success: true,
        token: 'eyJhbGciOiJIUzI1NiIsInR5cCI6IkpXVCJ9.eyJ1c2VfaWQiOiIxNzYwMjAwNDc0NiIsImlhdCI6MTUzOTg0NzI3OCwiZXhwIjoxNTQwNDUyMDc4fQ.5N-NEmNzAcZETcENv4Lfma5Ej9idCfbxRJd5-jh32DE',
        msg: '恭喜主人,登录成功' } } }
[2018-10-18T15:21:19.363] [INFO] response - { method: 'POST',
  url: '/api/getStatistics',
  body: {},
  costTime: 3,
  response: 
   { status: 200,
     message: 'OK',
     header: 
      { 'access-control-allow-origin': 'http://localhost:8080',
        'content-type': 'application/json; charset=utf-8' },
     body: { status: 200, msg: '获取统计成功', data: [Object] } } }
[2018-10-18T15:21:35.567] [INFO] response - { method: 'POST',
  url: '/api/getStatistics',
  body: {},
  costTime: 2,
  response: 
   { status: 200,
     message: 'OK',
     header: 
      { 'access-control-allow-origin': 'http://localhost:8080',
        'content-type': 'application/json; charset=utf-8' },
     body: { status: 200, msg: '获取统计成功', data: [Object] } } }
[2018-10-18T15:21:40.973] [INFO] response - { method: 'POST',
  url: '/api/login',
  body: { username: '17602004746', password: 'wokaopy123' },
  costTime: 8,
  response: 
   { status: 200,
     message: 'OK',
     header: 
      { 'access-control-allow-origin': 'http://localhost:8080',
        'content-type': 'application/json; charset=utf-8' },
     body: 
      { status: 200,
        success: true,
        token: 'eyJhbGciOiJIUzI1NiIsInR5cCI6IkpXVCJ9.eyJ1c2VfaWQiOiIxNzYwMjAwNDc0NiIsImlhdCI6MTUzOTg0NzMwMCwiZXhwIjoxNTQwNDUyMTAwfQ.Lc4Wv20cue-14Wn_Y5ENJvqcZ1TolyxUhDjpgkdvUmY',
        msg: '恭喜主人,登录成功' } } }
[2018-10-18T15:21:41.062] [INFO] response - { method: 'POST',
  url: '/api/getStatistics',
  body: {},
  costTime: 2,
  response: 
   { status: 200,
     message: 'OK',
     header: 
      { 'access-control-allow-origin': 'http://localhost:8080',
        'content-type': 'application/json; charset=utf-8' },
     body: { status: 200, msg: '获取统计成功', data: [Object] } } }
[2018-10-18T15:21:46.490] [INFO] response - { method: 'POST',
  url: '/api/login',
  body: { username: '17602004746', password: 'wokaopy123' },
  costTime: 8,
  response: 
   { status: 200,
     message: 'OK',
     header: 
      { 'access-control-allow-origin': 'http://localhost:8080',
        'content-type': 'application/json; charset=utf-8' },
     body: 
      { status: 200,
        success: true,
        token: 'eyJhbGciOiJIUzI1NiIsInR5cCI6IkpXVCJ9.eyJ1c2VfaWQiOiIxNzYwMjAwNDc0NiIsImlhdCI6MTUzOTg0NzMwNiwiZXhwIjoxNTQwNDUyMTA2fQ.eePtdyIAvhGEqTcMKJuUhA-ZIyMPhs0qpu7BjOOnqQ4',
        msg: '恭喜主人,登录成功' } } }
[2018-10-18T15:21:46.561] [INFO] response - { method: 'POST',
  url: '/api/getStatistics',
  body: {},
  costTime: 3,
  response: 
   { status: 200,
     message: 'OK',
     header: 
      { 'access-control-allow-origin': 'http://localhost:8080',
        'content-type': 'application/json; charset=utf-8' },
     body: { status: 200, msg: '获取统计成功', data: [Object] } } }
[2018-10-18T15:21:49.963] [INFO] response - { method: 'POST',
  url: '/api/login',
  body: { username: '17602004746', password: 'wokaopy123' },
  costTime: 4,
  response: 
   { status: 200,
     message: 'OK',
     header: 
      { 'access-control-allow-origin': 'http://localhost:8080',
        'content-type': 'application/json; charset=utf-8' },
     body: 
      { status: 200,
        success: true,
        token: 'eyJhbGciOiJIUzI1NiIsInR5cCI6IkpXVCJ9.eyJ1c2VfaWQiOiIxNzYwMjAwNDc0NiIsImlhdCI6MTUzOTg0NzMwOSwiZXhwIjoxNTQwNDUyMTA5fQ._B_e1PnGb9eQbUxOhupfvQH1ghsbnmDyZYSLhzq3Tdw',
        msg: '恭喜主人,登录成功' } } }
[2018-10-18T15:21:50.017] [INFO] response - { method: 'POST',
  url: '/api/getStatistics',
  body: {},
  costTime: 9,
  response: 
   { status: 200,
     message: 'OK',
     header: 
      { 'access-control-allow-origin': 'http://localhost:8080',
        'content-type': 'application/json; charset=utf-8' },
     body: { status: 200, msg: '获取统计成功', data: [Object] } } }
[2018-10-18T15:22:08.100] [INFO] response - { method: 'POST',
  url: '/api/login',
  body: { username: '17602004746', password: 'wokaopy123' },
  costTime: 6,
  response: 
   { status: 200,
     message: 'OK',
     header: 
      { 'access-control-allow-origin': 'http://localhost:8080',
        'content-type': 'application/json; charset=utf-8' },
     body: 
      { status: 200,
        success: true,
        token: 'eyJhbGciOiJIUzI1NiIsInR5cCI6IkpXVCJ9.eyJ1c2VfaWQiOiIxNzYwMjAwNDc0NiIsImlhdCI6MTUzOTg0NzMyOCwiZXhwIjoxNTQwNDUyMTI4fQ.ZoGN7jFY8cbij1eU-ULWijvqlmmAO5o00Ve9RO_bL2U',
        msg: '恭喜主人,登录成功' } } }
[2018-10-18T15:22:08.326] [INFO] response - { method: 'POST',
  url: '/api/getStatistics',
  body: {},
  costTime: 3,
  response: 
   { status: 200,
     message: 'OK',
     header: 
      { 'access-control-allow-origin': 'http://localhost:8080',
        'content-type': 'application/json; charset=utf-8' },
     body: { status: 200, msg: '获取统计成功', data: [Object] } } }
[2018-10-18T15:22:19.832] [INFO] response - { method: 'GET',
  url: '/api/getArticleList',
  body: {},
  costTime: 7,
  response: 
   { status: 200,
     message: 'OK',
     header: 
      { 'access-control-allow-origin': 'http://localhost:8080',
        'content-type': 'application/json; charset=utf-8' },
     body: { status: 200, msg: '获取文章列表成功', data: [Array] } } }
[2018-10-18T17:08:59.112] [INFO] response - { method: 'GET',
  url: '/api/getArticle',
  body: {},
  costTime: 15,
  response: 
   { status: 200,
     message: 'OK',
     header: 
      { 'access-control-allow-origin': 'http://138.128.198.202',
        'content-type': 'application/json; charset=utf-8' },
     body: { status: 200, msg: '获取文章列表成功', data: [Array] } } }
[2018-10-18T17:08:59.136] [INFO] response - { method: 'GET',
  url: '/api/getArticle',
  body: {},
  costTime: 10,
  response: 
   { status: 200,
     message: 'OK',
     header: 
      { 'access-control-allow-origin': 'http://138.128.198.202',
        'content-type': 'application/json; charset=utf-8' },
     body: { status: 200, msg: '获取文章列表成功', data: [Array] } } }
