[2018-06-02T10:16:16.537] [INFO] response - { method: 'POST',
  url: '/api/login',
  body: { username: '17602004746', password: 'wokaopy123' },
  costTime: 72,
  response: 
   { status: 200,
     message: 'OK',
     header: 
      { 'access-control-allow-origin': 'http://localhost:8081',
        'content-type': 'application/json; charset=utf-8' },
     body: 
      { status: 200,
        success: true,
        token: 'eyJhbGciOiJIUzI1NiIsInR5cCI6IkpXVCJ9.eyJ1c2VfaWQiOiIxNzYwMjAwNDc0NiIsImlhdCI6MTUyNzkwNTc3NiwiZXhwIjoxNTI4NTEwNTc2fQ.fNK66GQmOcjIJw2rZaE2pHCnbE86LfpJwe00b6F-c4U',
        msg: '恭喜主人,登录成功' } } }
[2018-06-02T10:16:18.497] [INFO] response - { method: 'GET',
  url: '/api/getArticleList',
  body: {},
  costTime: 10,
  response: 
   { status: 200,
     message: 'OK',
     header: 
      { 'access-control-allow-origin': 'http://localhost:8081',
        'content-type': 'application/json; charset=utf-8' },
     body: { status: 200, msg: '获取文章列表成功', data: [Array] } } }
[2018-06-02T10:16:22.933] [INFO] response - { method: 'POST',
  url: '/api/postArticleContent',
  body: { id: '5b10b18b81d48eb98c91acd6' },
  costTime: 4,
  response: 
   { status: 200,
     message: 'OK',
     header: 
      { 'access-control-allow-origin': 'http://localhost:8081',
        'content-type': 'application/json; charset=utf-8' },
     body: { status: 200, data: [Object] } } }
[2018-06-02T10:21:32.786] [INFO] response - { method: 'POST',
  url: '/api/saveArticle',
  body: 
   { title: '新标题123',
     content: '> 使用koa::: hljs-cente\n# 一级标题\n```\nconsole.log(data)\nttttt\n\n```\n\n\n\n\n',
     id: '5b10b18b81d48eb98c91acd6' },
  costTime: 29,
  response: 
   { status: 200,
     message: 'OK',
     header: 
      { 'access-control-allow-origin': 'http://localhost:8081',
        'content-type': 'application/json; charset=utf-8' },
     body: { status: 200, msg: '保存成功', data: [Object] } } }
[2018-06-02T10:21:34.750] [INFO] response - { method: 'POST',
  url: '/api/saveArticle',
  body: 
   { title: '新标题123',
     content: '> 使用koa::: hljs-cente\n# 一级标题\n```\nconsole.log(data)\nttttt\n\n```\n\n\n\n\n',
     id: '5b10b18b81d48eb98c91acd6' },
  costTime: 7,
  response: 
   { status: 200,
     message: 'OK',
     header: 
      { 'access-control-allow-origin': 'http://localhost:8081',
        'content-type': 'application/json; charset=utf-8' },
     body: { status: 200, msg: '保存成功', data: [Object] } } }
[2018-06-02T10:23:15.297] [INFO] response - { method: 'GET',
  url: '/api/getArticleList',
  body: {},
  costTime: 14,
  response: 
   { status: 200,
     message: 'OK',
     header: 
      { 'access-control-allow-origin': 'http://localhost:8081',
        'content-type': 'application/json; charset=utf-8' },
     body: { status: 200, msg: '获取文章列表成功', data: [Array] } } }
[2018-06-02T10:23:59.771] [INFO] response - { method: 'GET',
  url: '/api/getArticleList',
  body: {},
  costTime: 9,
  response: 
   { status: 200,
     message: 'OK',
     header: 
      { 'access-control-allow-origin': 'http://localhost:8081',
        'content-type': 'application/json; charset=utf-8' },
     body: { status: 200, msg: '获取文章列表成功', data: [Array] } } }
[2018-06-02T10:24:35.351] [INFO] response - { method: 'GET',
  url: '/api/getArticleList',
  body: {},
  costTime: 17,
  response: 
   { status: 200,
     message: 'OK',
     header: 
      { 'access-control-allow-origin': 'http://localhost:8081',
        'content-type': 'application/json; charset=utf-8' },
     body: { status: 200, msg: '获取文章列表成功', data: [Array] } } }
[2018-06-02T10:24:38.978] [INFO] response - { method: 'POST',
  url: '/api/postArticleContent',
  body: { id: '5b10b18b81d48eb98c91acd6' },
  costTime: 7,
  response: 
   { status: 200,
     message: 'OK',
     header: 
      { 'access-control-allow-origin': 'http://localhost:8081',
        'content-type': 'application/json; charset=utf-8' },
     body: { status: 200, data: [Object] } } }
[2018-06-02T10:24:42.182] [INFO] response - { method: 'POST',
  url: '/api/saveArticle',
  body: 
   { title: '新标题123',
     content: '> 使用koa::: hljs-cente\n# 一级标题\n```\nconsole.log(data)\nttttt\n112\n```\n\n\n\n\n ',
     id: '5b10b18b81d48eb98c91acd6' },
  costTime: 9,
  response: 
   { status: 200,
     message: 'OK',
     header: 
      { 'access-control-allow-origin': 'http://localhost:8081',
        'content-type': 'application/json; charset=utf-8' },
     body: { status: 200, msg: '保存成功', data: [Object] } } }
[2018-06-02T10:24:55.804] [INFO] response - { method: 'POST',
  url: '/api/postArticleContent',
  body: { id: '5b10b18b81d48eb98c91acd6' },
  costTime: 4,
  response: 
   { status: 200,
     message: 'OK',
     header: 
      { 'access-control-allow-origin': 'http://localhost:8081',
        'content-type': 'application/json; charset=utf-8' },
     body: { status: 200, data: [Object] } } }
[2018-06-02T10:36:59.864] [INFO] response - { method: 'POST',
  url: '/api/ArticleList',
  body: {},
  costTime: 82,
  response: 
   { status: 200,
     message: 'OK',
     header: 
      { 'access-control-allow-origin': 'http://localhost:8081',
        'content-type': 'application/json; charset=utf-8' },
     body: { status: 200, success: true, data: [Object], msg: '添加成功' } } }
[2018-06-02T10:37:00.549] [INFO] response - { method: 'POST',
  url: '/api/postArticleContent',
  body: { id: '5b1202cb6642cdbd76fe0946' },
  costTime: 10,
  response: 
   { status: 200,
     message: 'OK',
     header: 
      { 'access-control-allow-origin': 'http://localhost:8081',
        'content-type': 'application/json; charset=utf-8' },
     body: { status: 200, data: [Object] } } }
[2018-06-02T10:39:10.456] [INFO] response - { method: 'POST',
  url: '/api/ArticleList',
  body: {},
  costTime: 34,
  response: 
   { status: 200,
     message: 'OK',
     header: 
      { 'access-control-allow-origin': 'http://localhost:8081',
        'content-type': 'application/json; charset=utf-8' },
     body: { status: 200, success: true, data: [Object], msg: '添加成功' } } }
[2018-06-02T10:39:11.854] [INFO] response - { method: 'POST',
  url: '/api/postArticleContent',
  body: { id: '5b12034e55395388704a15b6' },
  costTime: 24,
  response: 
   { status: 200,
     message: 'OK',
     header: 
      { 'access-control-allow-origin': 'http://localhost:8081',
        'content-type': 'application/json; charset=utf-8' },
     body: { status: 200, data: [Object] } } }
[2018-06-02T10:39:33.492] [INFO] response - { method: 'GET',
  url: '/api/getArticleList',
  body: {},
  costTime: 11,
  response: 
   { status: 200,
     message: 'OK',
     header: 
      { 'access-control-allow-origin': 'http://localhost:8081',
        'content-type': 'application/json; charset=utf-8' },
     body: { status: 200, msg: '获取文章列表成功', data: [Array] } } }
[2018-06-02T10:39:35.859] [INFO] response - { method: 'POST',
  url: '/api/ArticleList',
  body: {},
  costTime: 4,
  response: 
   { status: 200,
     message: 'OK',
     header: 
      { 'access-control-allow-origin': 'http://localhost:8081',
        'content-type': 'application/json; charset=utf-8' },
     body: { status: 200, success: true, data: [Object], msg: '添加成功' } } }
[2018-06-02T10:39:36.795] [INFO] response - { method: 'POST',
  url: '/api/postArticleContent',
  body: { id: '5b12036755395388704a15b7' },
  costTime: 3,
  response: 
   { status: 200,
     message: 'OK',
     header: 
      { 'access-control-allow-origin': 'http://localhost:8081',
        'content-type': 'application/json; charset=utf-8' },
     body: { status: 200, data: [Object] } } }
[2018-06-02T10:39:39.484] [INFO] response - { method: 'POST',
  url: '/api/postArticleContent',
  body: { id: '5b12034e55395388704a15b6' },
  costTime: 4,
  response: 
   { status: 200,
     message: 'OK',
     header: 
      { 'access-control-allow-origin': 'http://localhost:8081',
        'content-type': 'application/json; charset=utf-8' },
     body: { status: 200, data: [Object] } } }
[2018-06-02T10:39:40.104] [INFO] response - { method: 'POST',
  url: '/api/postArticleContent',
  body: { id: '5b12036755395388704a15b7' },
  costTime: 4,
  response: 
   { status: 200,
     message: 'OK',
     header: 
      { 'access-control-allow-origin': 'http://localhost:8081',
        'content-type': 'application/json; charset=utf-8' },
     body: { status: 200, data: [Object] } } }
[2018-06-02T10:39:45.823] [INFO] response - { method: 'POST',
  url: '/api/deleteArticle',
  body: { id: '5b12036755395388704a15b7' },
  costTime: 21,
  response: 
   { status: 200,
     message: 'OK',
     header: 
      { 'access-control-allow-origin': 'http://localhost:8081',
        'content-type': 'application/json; charset=utf-8' },
     body: { status: 200, msg: '\b文章删除成功' } } }
[2018-06-02T10:39:49.028] [INFO] response - { method: 'POST',
  url: '/api/postArticleContent',
  body: { id: '5b12034e55395388704a15b6' },
  costTime: 4,
  response: 
   { status: 200,
     message: 'OK',
     header: 
      { 'access-control-allow-origin': 'http://localhost:8081',
        'content-type': 'application/json; charset=utf-8' },
     body: { status: 200, data: [Object] } } }
[2018-06-02T10:39:51.638] [INFO] response - { method: 'POST',
  url: '/api/deleteArticle',
  body: { id: '5b12034e55395388704a15b6' },
  costTime: 7,
  response: 
   { status: 200,
     message: 'OK',
     header: 
      { 'access-control-allow-origin': 'http://localhost:8081',
        'content-type': 'application/json; charset=utf-8' },
     body: { status: 200, msg: '\b文章删除成功' } } }
[2018-06-02T10:40:56.465] [INFO] response - { method: 'GET',
  url: '/api/getArticleList',
  body: {},
  costTime: 5,
  response: 
   { status: 200,
     message: 'OK',
     header: 
      { 'access-control-allow-origin': 'http://localhost:8081',
        'content-type': 'application/json; charset=utf-8' },
     body: { status: 200, msg: '获取文章列表成功', data: [Array] } } }
[2018-06-02T10:40:56.586] [INFO] response - { method: 'POST',
  url: '/api/postArticleContent',
  body: { id: '5b1202cb6642cdbd76fe0946' },
  costTime: 5,
  response: 
   { status: 200,
     message: 'OK',
     header: 
      { 'access-control-allow-origin': 'http://localhost:8081',
        'content-type': 'application/json; charset=utf-8' },
     body: { status: 200, data: [Object] } } }
[2018-06-02T10:40:56.903] [INFO] response - { method: 'POST',
  url: '/api/postArticleContent',
  body: { id: '5b10b18b81d48eb98c91acd6' },
  costTime: 3,
  response: 
   { status: 200,
     message: 'OK',
     header: 
      { 'access-control-allow-origin': 'http://localhost:8081',
        'content-type': 'application/json; charset=utf-8' },
     body: { status: 200, data: [Object] } } }
[2018-06-02T10:40:57.356] [INFO] response - { method: 'POST',
  url: '/api/postArticleContent',
  body: { id: '5b1202cb6642cdbd76fe0946' },
  costTime: 3,
  response: 
   { status: 200,
     message: 'OK',
     header: 
      { 'access-control-allow-origin': 'http://localhost:8081',
        'content-type': 'application/json; charset=utf-8' },
     body: { status: 200, data: [Object] } } }
[2018-06-02T10:41:01.798] [INFO] response - { method: 'GET',
  url: '/api/getArticleList',
  body: {},
  costTime: 8,
  response: 
   { status: 200,
     message: 'OK',
     header: 
      { 'access-control-allow-origin': 'http://localhost:8081',
        'content-type': 'application/json; charset=utf-8' },
     body: { status: 200, msg: '获取文章列表成功', data: [Array] } } }
[2018-06-02T10:41:02.090] [INFO] response - { method: 'POST',
  url: '/api/postArticleContent',
  body: { id: '5b10b18b81d48eb98c91acd6' },
  costTime: 3,
  response: 
   { status: 200,
     message: 'OK',
     header: 
      { 'access-control-allow-origin': 'http://localhost:8081',
        'content-type': 'application/json; charset=utf-8' },
     body: { status: 200, data: [Object] } } }
[2018-06-02T10:41:02.547] [INFO] response - { method: 'POST',
  url: '/api/postArticleContent',
  body: { id: '5b1202cb6642cdbd76fe0946' },
  costTime: 4,
  response: 
   { status: 200,
     message: 'OK',
     header: 
      { 'access-control-allow-origin': 'http://localhost:8081',
        'content-type': 'application/json; charset=utf-8' },
     body: { status: 200, data: [Object] } } }
[2018-06-02T10:41:12.199] [INFO] response - { method: 'POST',
  url: '/api/postArticleContent',
  body: { id: '5b10b18b81d48eb98c91acd6' },
  costTime: 4,
  response: 
   { status: 200,
     message: 'OK',
     header: 
      { 'access-control-allow-origin': 'http://localhost:8081',
        'content-type': 'application/json; charset=utf-8' },
     body: { status: 200, data: [Object] } } }
[2018-06-02T10:41:13.132] [INFO] response - { method: 'POST',
  url: '/api/postArticleContent',
  body: { id: '5b1202cb6642cdbd76fe0946' },
  costTime: 3,
  response: 
   { status: 200,
     message: 'OK',
     header: 
      { 'access-control-allow-origin': 'http://localhost:8081',
        'content-type': 'application/json; charset=utf-8' },
     body: { status: 200, data: [Object] } } }
[2018-06-02T10:41:22.296] [INFO] response - { method: 'POST',
  url: '/api/ArticleList',
  body: {},
  costTime: 5,
  response: 
   { status: 200,
     message: 'OK',
     header: 
      { 'access-control-allow-origin': 'http://localhost:8081',
        'content-type': 'application/json; charset=utf-8' },
     body: { status: 200, success: true, data: [Object], msg: '添加成功' } } }
[2018-06-02T10:41:23.089] [INFO] response - { method: 'POST',
  url: '/api/postArticleContent',
  body: { id: '5b1203d255395388704a15b8' },
  costTime: 5,
  response: 
   { status: 200,
     message: 'OK',
     header: 
      { 'access-control-allow-origin': 'http://localhost:8081',
        'content-type': 'application/json; charset=utf-8' },
     body: { status: 200, data: [Object] } } }
[2018-06-02T10:41:46.298] [INFO] response - { method: 'GET',
  url: '/api/getArticleList',
  body: {},
  costTime: 4,
  response: 
   { status: 200,
     message: 'OK',
     header: 
      { 'access-control-allow-origin': 'http://localhost:8081',
        'content-type': 'application/json; charset=utf-8' },
     body: { status: 200, msg: '获取文章列表成功', data: [Array] } } }
[2018-06-02T10:42:02.110] [INFO] response - { method: 'POST',
  url: '/api/ArticleList',
  body: {},
  costTime: 38,
  response: 
   { status: 200,
     message: 'OK',
     header: 
      { 'access-control-allow-origin': 'http://localhost:8081',
        'content-type': 'application/json; charset=utf-8' },
     body: { status: 200, success: true, data: [Object], msg: '添加成功' } } }
[2018-06-02T10:42:02.927] [INFO] response - { method: 'POST',
  url: '/api/postArticleContent',
  body: { id: '5b1203faddf31d8a36a1f4fc' },
  costTime: 22,
  response: 
   { status: 200,
     message: 'OK',
     header: 
      { 'access-control-allow-origin': 'http://localhost:8081',
        'content-type': 'application/json; charset=utf-8' },
     body: { status: 200, data: [Object] } } }
[2018-06-02T10:42:06.580] [INFO] response - { method: 'POST',
  url: '/api/deleteArticle',
  body: { id: '5b1203faddf31d8a36a1f4fc' },
  costTime: 16,
  response: 
   { status: 200,
     message: 'OK',
     header: 
      { 'access-control-allow-origin': 'http://localhost:8081',
        'content-type': 'application/json; charset=utf-8' },
     body: { status: 200, msg: '\b文章删除成功' } } }
[2018-06-02T10:42:07.978] [INFO] response - { method: 'POST',
  url: '/api/postArticleContent',
  body: { id: '5b1203d255395388704a15b8' },
  costTime: 4,
  response: 
   { status: 200,
     message: 'OK',
     header: 
      { 'access-control-allow-origin': 'http://localhost:8081',
        'content-type': 'application/json; charset=utf-8' },
     body: { status: 200, data: [Object] } } }
[2018-06-02T10:42:10.070] [INFO] response - { method: 'POST',
  url: '/api/deleteArticle',
  body: { id: '5b1203d255395388704a15b8' },
  costTime: 6,
  response: 
   { status: 200,
     message: 'OK',
     header: 
      { 'access-control-allow-origin': 'http://localhost:8081',
        'content-type': 'application/json; charset=utf-8' },
     body: { status: 200, msg: '\b文章删除成功' } } }
[2018-06-02T10:42:11.246] [INFO] response - { method: 'POST',
  url: '/api/postArticleContent',
  body: { id: '5b1202cb6642cdbd76fe0946' },
  costTime: 6,
  response: 
   { status: 200,
     message: 'OK',
     header: 
      { 'access-control-allow-origin': 'http://localhost:8081',
        'content-type': 'application/json; charset=utf-8' },
     body: { status: 200, data: [Object] } } }
[2018-06-02T10:42:12.759] [INFO] response - { method: 'POST',
  url: '/api/deleteArticle',
  body: { id: '5b1202cb6642cdbd76fe0946' },
  costTime: 10,
  response: 
   { status: 200,
     message: 'OK',
     header: 
      { 'access-control-allow-origin': 'http://localhost:8081',
        'content-type': 'application/json; charset=utf-8' },
     body: { status: 200, msg: '\b文章删除成功' } } }
[2018-06-02T10:43:04.450] [INFO] response - { method: 'GET',
  url: '/api/getArticleList',
  body: {},
  costTime: 4,
  response: 
   { status: 200,
     message: 'OK',
     header: 
      { 'access-control-allow-origin': 'http://localhost:8081',
        'content-type': 'application/json; charset=utf-8' },
     body: { status: 200, msg: '获取文章列表成功', data: [Array] } } }
[2018-06-02T10:43:06.196] [INFO] response - { method: 'POST',
  url: '/api/postArticleContent',
  body: { id: '5b10b18b81d48eb98c91acd6' },
  costTime: 4,
  response: 
   { status: 200,
     message: 'OK',
     header: 
      { 'access-control-allow-origin': 'http://localhost:8081',
        'content-type': 'application/json; charset=utf-8' },
     body: { status: 200, data: [Object] } } }
[2018-06-02T10:43:07.082] [INFO] response - { method: 'POST',
  url: '/api/ArticleList',
  body: {},
  costTime: 8,
  response: 
   { status: 200,
     message: 'OK',
     header: 
      { 'access-control-allow-origin': 'http://localhost:8081',
        'content-type': 'application/json; charset=utf-8' },
     body: { status: 200, success: true, data: [Object], msg: '添加成功' } } }
[2018-06-02T10:43:07.652] [INFO] response - { method: 'POST',
  url: '/api/postArticleContent',
  body: { id: '5b12043bddf31d8a36a1f4fd' },
  costTime: 3,
  response: 
   { status: 200,
     message: 'OK',
     header: 
      { 'access-control-allow-origin': 'http://localhost:8081',
        'content-type': 'application/json; charset=utf-8' },
     body: { status: 200, data: [Object] } } }
[2018-06-02T10:43:31.998] [INFO] response - { method: 'GET',
  url: '/api/getArticleList',
  body: {},
  costTime: 3,
  response: 
   { status: 200,
     message: 'OK',
     header: 
      { 'access-control-allow-origin': 'http://localhost:8081',
        'content-type': 'application/json; charset=utf-8' },
     body: { status: 200, msg: '获取文章列表成功', data: [Array] } } }
[2018-06-02T10:43:33.496] [INFO] response - { method: 'POST',
  url: '/api/postArticleContent',
  body: { id: '5b10b18b81d48eb98c91acd6' },
  costTime: 2,
  response: 
   { status: 200,
     message: 'OK',
     header: 
      { 'access-control-allow-origin': 'http://localhost:8081',
        'content-type': 'application/json; charset=utf-8' },
     body: { status: 200, data: [Object] } } }
[2018-06-02T10:43:33.992] [INFO] response - { method: 'POST',
  url: '/api/postArticleContent',
  body: { id: '5b12043bddf31d8a36a1f4fd' },
  costTime: 4,
  response: 
   { status: 200,
     message: 'OK',
     header: 
      { 'access-control-allow-origin': 'http://localhost:8081',
        'content-type': 'application/json; charset=utf-8' },
     body: { status: 200, data: [Object] } } }
[2018-06-02T10:43:35.003] [INFO] response - { method: 'POST',
  url: '/api/postArticleContent',
  body: { id: '5b10b18b81d48eb98c91acd6' },
  costTime: 4,
  response: 
   { status: 200,
     message: 'OK',
     header: 
      { 'access-control-allow-origin': 'http://localhost:8081',
        'content-type': 'application/json; charset=utf-8' },
     body: { status: 200, data: [Object] } } }
[2018-06-02T10:43:35.451] [INFO] response - { method: 'POST',
  url: '/api/postArticleContent',
  body: { id: '5b12043bddf31d8a36a1f4fd' },
  costTime: 7,
  response: 
   { status: 200,
     message: 'OK',
     header: 
      { 'access-control-allow-origin': 'http://localhost:8081',
        'content-type': 'application/json; charset=utf-8' },
     body: { status: 200, data: [Object] } } }
[2018-06-02T10:43:56.896] [INFO] response - { method: 'GET',
  url: '/api/getArticleList',
  body: {},
  costTime: 2,
  response: 
   { status: 200,
     message: 'OK',
     header: 
      { 'access-control-allow-origin': 'http://localhost:8081',
        'content-type': 'application/json; charset=utf-8' },
     body: { status: 200, msg: '获取文章列表成功', data: [Array] } } }
[2018-06-02T10:44:02.164] [INFO] response - { method: 'GET',
  url: '/api/getArticleList',
  body: {},
  costTime: 2,
  response: 
   { status: 200,
     message: 'OK',
     header: 
      { 'access-control-allow-origin': 'http://localhost:8081',
        'content-type': 'application/json; charset=utf-8' },
     body: { status: 200, msg: '获取文章列表成功', data: [Array] } } }
[2018-06-02T10:44:12.407] [INFO] response - { method: 'GET',
  url: '/api/getArticleList',
  body: {},
  costTime: 3,
  response: 
   { status: 200,
     message: 'OK',
     header: 
      { 'access-control-allow-origin': 'http://localhost:8081',
        'content-type': 'application/json; charset=utf-8' },
     body: { status: 200, msg: '获取文章列表成功', data: [Array] } } }
[2018-06-02T10:44:12.888] [INFO] response - { method: 'POST',
  url: '/api/postArticleContent',
  body: { id: '5b10b18b81d48eb98c91acd6' },
  costTime: 3,
  response: 
   { status: 200,
     message: 'OK',
     header: 
      { 'access-control-allow-origin': 'http://localhost:8081',
        'content-type': 'application/json; charset=utf-8' },
     body: { status: 200, data: [Object] } } }
[2018-06-02T10:44:13.505] [INFO] response - { method: 'POST',
  url: '/api/postArticleContent',
  body: { id: '5b12043bddf31d8a36a1f4fd' },
  costTime: 3,
  response: 
   { status: 200,
     message: 'OK',
     header: 
      { 'access-control-allow-origin': 'http://localhost:8081',
        'content-type': 'application/json; charset=utf-8' },
     body: { status: 200, data: [Object] } } }
[2018-06-02T10:44:14.504] [INFO] response - { method: 'POST',
  url: '/api/postArticleContent',
  body: { id: '5b10b18b81d48eb98c91acd6' },
  costTime: 5,
  response: 
   { status: 200,
     message: 'OK',
     header: 
      { 'access-control-allow-origin': 'http://localhost:8081',
        'content-type': 'application/json; charset=utf-8' },
     body: { status: 200, data: [Object] } } }
[2018-06-02T10:44:14.941] [INFO] response - { method: 'POST',
  url: '/api/postArticleContent',
  body: { id: '5b12043bddf31d8a36a1f4fd' },
  costTime: 4,
  response: 
   { status: 200,
     message: 'OK',
     header: 
      { 'access-control-allow-origin': 'http://localhost:8081',
        'content-type': 'application/json; charset=utf-8' },
     body: { status: 200, data: [Object] } } }
[2018-06-02T10:44:16.226] [INFO] response - { method: 'POST',
  url: '/api/postArticleContent',
  body: { id: '5b10b18b81d48eb98c91acd6' },
  costTime: 5,
  response: 
   { status: 200,
     message: 'OK',
     header: 
      { 'access-control-allow-origin': 'http://localhost:8081',
        'content-type': 'application/json; charset=utf-8' },
     body: { status: 200, data: [Object] } } }
[2018-06-02T10:44:16.926] [INFO] response - { method: 'POST',
  url: '/api/postArticleContent',
  body: { id: '5b12043bddf31d8a36a1f4fd' },
  costTime: 5,
  response: 
   { status: 200,
     message: 'OK',
     header: 
      { 'access-control-allow-origin': 'http://localhost:8081',
        'content-type': 'application/json; charset=utf-8' },
     body: { status: 200, data: [Object] } } }
[2018-06-02T10:44:28.191] [INFO] response - { method: 'POST',
  url: '/api/postArticleContent',
  body: { id: '5b10b18b81d48eb98c91acd6' },
  costTime: 2,
  response: 
   { status: 200,
     message: 'OK',
     header: 
      { 'access-control-allow-origin': 'http://localhost:8081',
        'content-type': 'application/json; charset=utf-8' },
     body: { status: 200, data: [Object] } } }
[2018-06-02T10:44:28.699] [INFO] response - { method: 'POST',
  url: '/api/postArticleContent',
  body: { id: '5b12043bddf31d8a36a1f4fd' },
  costTime: 4,
  response: 
   { status: 200,
     message: 'OK',
     header: 
      { 'access-control-allow-origin': 'http://localhost:8081',
        'content-type': 'application/json; charset=utf-8' },
     body: { status: 200, data: [Object] } } }
[2018-06-02T10:44:29.852] [INFO] response - { method: 'POST',
  url: '/api/ArticleList',
  body: {},
  costTime: 5,
  response: 
   { status: 200,
     message: 'OK',
     header: 
      { 'access-control-allow-origin': 'http://localhost:8081',
        'content-type': 'application/json; charset=utf-8' },
     body: { status: 200, success: true, data: [Object], msg: '添加成功' } } }
[2018-06-02T10:44:30.493] [INFO] response - { method: 'POST',
  url: '/api/postArticleContent',
  body: { id: '5b12048dddf31d8a36a1f4fe' },
  costTime: 6,
  response: 
   { status: 200,
     message: 'OK',
     header: 
      { 'access-control-allow-origin': 'http://localhost:8081',
        'content-type': 'application/json; charset=utf-8' },
     body: { status: 200, data: [Object] } } }
[2018-06-02T10:44:31.197] [INFO] response - { method: 'POST',
  url: '/api/postArticleContent',
  body: { id: '5b12043bddf31d8a36a1f4fd' },
  costTime: 3,
  response: 
   { status: 200,
     message: 'OK',
     header: 
      { 'access-control-allow-origin': 'http://localhost:8081',
        'content-type': 'application/json; charset=utf-8' },
     body: { status: 200, data: [Object] } } }
[2018-06-02T10:44:32.009] [INFO] response - { method: 'POST',
  url: '/api/postArticleContent',
  body: { id: '5b10b18b81d48eb98c91acd6' },
  costTime: 5,
  response: 
   { status: 200,
     message: 'OK',
     header: 
      { 'access-control-allow-origin': 'http://localhost:8081',
        'content-type': 'application/json; charset=utf-8' },
     body: { status: 200, data: [Object] } } }
[2018-06-02T10:44:37.041] [INFO] response - { method: 'POST',
  url: '/api/postArticleContent',
  body: { id: '5b12043bddf31d8a36a1f4fd' },
  costTime: 3,
  response: 
   { status: 200,
     message: 'OK',
     header: 
      { 'access-control-allow-origin': 'http://localhost:8081',
        'content-type': 'application/json; charset=utf-8' },
     body: { status: 200, data: [Object] } } }
[2018-06-02T10:44:37.536] [INFO] response - { method: 'POST',
  url: '/api/postArticleContent',
  body: { id: '5b12048dddf31d8a36a1f4fe' },
  costTime: 4,
  response: 
   { status: 200,
     message: 'OK',
     header: 
      { 'access-control-allow-origin': 'http://localhost:8081',
        'content-type': 'application/json; charset=utf-8' },
     body: { status: 200, data: [Object] } } }
[2018-06-02T10:44:40.208] [INFO] response - { method: 'POST',
  url: '/api/deleteArticle',
  body: { id: '5b12048dddf31d8a36a1f4fe' },
  costTime: 6,
  response: 
   { status: 200,
     message: 'OK',
     header: 
      { 'access-control-allow-origin': 'http://localhost:8081',
        'content-type': 'application/json; charset=utf-8' },
     body: { status: 200, msg: '\b文章删除成功' } } }
[2018-06-02T10:44:40.835] [INFO] response - { method: 'POST',
  url: '/api/postArticleContent',
  body: { id: '5b12043bddf31d8a36a1f4fd' },
  costTime: 3,
  response: 
   { status: 200,
     message: 'OK',
     header: 
      { 'access-control-allow-origin': 'http://localhost:8081',
        'content-type': 'application/json; charset=utf-8' },
     body: { status: 200, data: [Object] } } }
[2018-06-02T10:44:42.531] [INFO] response - { method: 'POST',
  url: '/api/deleteArticle',
  body: { id: '5b12043bddf31d8a36a1f4fd' },
  costTime: 6,
  response: 
   { status: 200,
     message: 'OK',
     header: 
      { 'access-control-allow-origin': 'http://localhost:8081',
        'content-type': 'application/json; charset=utf-8' },
     body: { status: 200, msg: '\b文章删除成功' } } }
[2018-06-02T10:54:13.001] [INFO] response - { method: 'POST',
  url: '/api/postArticleContent',
  body: { id: '5b10b18b81d48eb98c91acd6' },
  costTime: 8,
  response: 
   { status: 200,
     message: 'OK',
     header: 
      { 'access-control-allow-origin': 'http://localhost:8081',
        'content-type': 'application/json; charset=utf-8' },
     body: { status: 200, data: [Object] } } }
[2018-06-02T11:28:36.261] [INFO] response - { method: 'GET',
  url: '/api/getArticleList',
  body: {},
  costTime: 20,
  response: 
   { status: 200,
     message: 'OK',
     header: 
      { 'access-control-allow-origin': 'http://localhost:8081',
        'content-type': 'application/json; charset=utf-8' },
     body: { status: 200, msg: '获取文章列表成功', data: [Array] } } }
[2018-06-02T11:28:38.479] [INFO] response - { method: 'POST',
  url: '/api/postArticleContent',
  body: { id: '5b10b18b81d48eb98c91acd6' },
  costTime: 5,
  response: 
   { status: 200,
     message: 'OK',
     header: 
      { 'access-control-allow-origin': 'http://localhost:8081',
        'content-type': 'application/json; charset=utf-8' },
     body: { status: 200, data: [Object] } } }
[2018-06-02T11:28:48.197] [INFO] response - { method: 'GET',
  url: '/api/getArticleList',
  body: {},
  costTime: 2,
  response: 
   { status: 200,
     message: 'OK',
     header: 
      { 'access-control-allow-origin': 'http://localhost:8081',
        'content-type': 'application/json; charset=utf-8' },
     body: { status: 200, msg: '获取文章列表成功', data: [Array] } } }
[2018-06-02T11:29:35.790] [INFO] response - { method: 'GET',
  url: '/api/getArticleList',
  body: {},
  costTime: 2,
  response: 
   { status: 200,
     message: 'OK',
     header: 
      { 'access-control-allow-origin': 'http://localhost:8081',
        'content-type': 'application/json; charset=utf-8' },
     body: { status: 200, msg: '获取文章列表成功', data: [Array] } } }
[2018-06-02T11:29:39.642] [INFO] response - { method: 'POST',
  url: '/api/postArticleContent',
  body: { id: '5b10b18b81d48eb98c91acd6' },
  costTime: 2,
  response: 
   { status: 200,
     message: 'OK',
     header: 
      { 'access-control-allow-origin': 'http://localhost:8081',
        'content-type': 'application/json; charset=utf-8' },
     body: { status: 200, data: [Object] } } }
[2018-06-02T11:29:52.350] [INFO] response - { method: 'GET',
  url: '/api/getArticleList',
  body: {},
  costTime: 4,
  response: 
   { status: 200,
     message: 'OK',
     header: 
      { 'access-control-allow-origin': 'http://localhost:8081',
        'content-type': 'application/json; charset=utf-8' },
     body: { status: 200, msg: '获取文章列表成功', data: [Array] } } }
[2018-06-02T11:29:55.588] [INFO] response - { method: 'GET',
  url: '/api/getArticleList',
  body: {},
  costTime: 4,
  response: 
   { status: 200,
     message: 'OK',
     header: 
      { 'access-control-allow-origin': 'http://localhost:8081',
        'content-type': 'application/json; charset=utf-8' },
     body: { status: 200, msg: '获取文章列表成功', data: [Array] } } }
[2018-06-02T11:29:57.971] [INFO] response - { method: 'POST',
  url: '/api/postArticleContent',
  body: { id: '5b10b18b81d48eb98c91acd6' },
  costTime: 2,
  response: 
   { status: 200,
     message: 'OK',
     header: 
      { 'access-control-allow-origin': 'http://localhost:8081',
        'content-type': 'application/json; charset=utf-8' },
     body: { status: 200, data: [Object] } } }
[2018-06-02T11:30:20.460] [INFO] response - { method: 'GET',
  url: '/api/getArticleList',
  body: {},
  costTime: 2,
  response: 
   { status: 200,
     message: 'OK',
     header: 
      { 'access-control-allow-origin': 'http://localhost:8081',
        'content-type': 'application/json; charset=utf-8' },
     body: { status: 200, msg: '获取文章列表成功', data: [Array] } } }
[2018-06-02T11:30:22.278] [INFO] response - { method: 'POST',
  url: '/api/postArticleContent',
  body: { id: '5b10b18b81d48eb98c91acd6' },
  costTime: 4,
  response: 
   { status: 200,
     message: 'OK',
     header: 
      { 'access-control-allow-origin': 'http://localhost:8081',
        'content-type': 'application/json; charset=utf-8' },
     body: { status: 200, data: [Object] } } }
[2018-06-02T11:30:33.198] [INFO] response - { method: 'POST',
  url: '/api/saveArticle',
  body: 
   { title: '新标题123',
     content: '> 使用koa::: hljs-cente\n# 一级标题\n```\nconsole.log(data)\nttttt\n112\n``',
     id: '5b10b18b81d48eb98c91acd6' },
  costTime: 9,
  response: 
   { status: 200,
     message: 'OK',
     header: 
      { 'access-control-allow-origin': 'http://localhost:8081',
        'content-type': 'application/json; charset=utf-8' },
     body: { status: 200, msg: '保存成功', data: [Object] } } }
[2018-06-02T11:30:48.463] [INFO] response - { method: 'GET',
  url: '/api/getArticleList',
  body: {},
  costTime: 4,
  response: 
   { status: 200,
     message: 'OK',
     header: 
      { 'access-control-allow-origin': 'http://localhost:8081',
        'content-type': 'application/json; charset=utf-8' },
     body: { status: 200, msg: '获取文章列表成功', data: [Array] } } }
[2018-06-02T11:30:49.470] [INFO] response - { method: 'GET',
  url: '/api/getArticleList',
  body: {},
  costTime: 2,
  response: 
   { status: 200,
     message: 'OK',
     header: 
      { 'access-control-allow-origin': 'http://localhost:8081',
        'content-type': 'application/json; charset=utf-8' },
     body: { status: 200, msg: '获取文章列表成功', data: [Array] } } }
[2018-06-02T11:30:51.473] [INFO] response - { method: 'POST',
  url: '/api/postArticleContent',
  body: { id: '5b10b18b81d48eb98c91acd6' },
  costTime: 2,
  response: 
   { status: 200,
     message: 'OK',
     header: 
      { 'access-control-allow-origin': 'http://localhost:8081',
        'content-type': 'application/json; charset=utf-8' },
     body: { status: 200, data: [Object] } } }
[2018-06-02T11:32:36.398] [INFO] response - { method: 'GET',
  url: '/api/getArticleList',
  body: {},
  costTime: 3,
  response: 
   { status: 200,
     message: 'OK',
     header: 
      { 'access-control-allow-origin': 'http://localhost:8081',
        'content-type': 'application/json; charset=utf-8' },
     body: { status: 200, msg: '获取文章列表成功', data: [Array] } } }
[2018-06-02T11:32:38.260] [INFO] response - { method: 'GET',
  url: '/api/getArticleList',
  body: {},
  costTime: 3,
  response: 
   { status: 200,
     message: 'OK',
     header: 
      { 'access-control-allow-origin': 'http://localhost:8081',
        'content-type': 'application/json; charset=utf-8' },
     body: { status: 200, msg: '获取文章列表成功', data: [Array] } } }
[2018-06-02T11:32:39.977] [INFO] response - { method: 'GET',
  url: '/api/getArticleList',
  body: {},
  costTime: 2,
  response: 
   { status: 200,
     message: 'OK',
     header: 
      { 'access-control-allow-origin': 'http://localhost:8081',
        'content-type': 'application/json; charset=utf-8' },
     body: { status: 200, msg: '获取文章列表成功', data: [Array] } } }
[2018-06-02T11:32:50.501] [INFO] response - { method: 'POST',
  url: '/api/postArticleContent',
  body: { id: '5b10b18b81d48eb98c91acd6' },
  costTime: 2,
  response: 
   { status: 200,
     message: 'OK',
     header: 
      { 'access-control-allow-origin': 'http://localhost:8081',
        'content-type': 'application/json; charset=utf-8' },
     body: { status: 200, data: [Object] } } }
[2018-06-02T11:33:11.506] [INFO] response - { method: 'GET',
  url: '/api/getArticleList',
  body: {},
  costTime: 2,
  response: 
   { status: 200,
     message: 'OK',
     header: 
      { 'access-control-allow-origin': 'http://localhost:8081',
        'content-type': 'application/json; charset=utf-8' },
     body: { status: 200, msg: '获取文章列表成功', data: [Array] } } }
[2018-06-02T11:33:15.591] [INFO] response - { method: 'GET',
  url: '/api/getArticleList',
  body: {},
  costTime: 3,
  response: 
   { status: 200,
     message: 'OK',
     header: 
      { 'access-control-allow-origin': 'http://localhost:8081',
        'content-type': 'application/json; charset=utf-8' },
     body: { status: 200, msg: '获取文章列表成功', data: [Array] } } }
[2018-06-02T11:33:17.489] [INFO] response - { method: 'POST',
  url: '/api/postArticleContent',
  body: { id: '5b10b18b81d48eb98c91acd6' },
  costTime: 3,
  response: 
   { status: 200,
     message: 'OK',
     header: 
      { 'access-control-allow-origin': 'http://localhost:8081',
        'content-type': 'application/json; charset=utf-8' },
     body: { status: 200, data: [Object] } } }
[2018-06-02T11:33:28.794] [INFO] response - { method: 'GET',
  url: '/api/getArticleList',
  body: {},
  costTime: 2,
  response: 
   { status: 200,
     message: 'OK',
     header: 
      { 'access-control-allow-origin': 'http://localhost:8081',
        'content-type': 'application/json; charset=utf-8' },
     body: { status: 200, msg: '获取文章列表成功', data: [Array] } } }
[2018-06-02T11:33:30.047] [INFO] response - { method: 'POST',
  url: '/api/postArticleContent',
  body: { id: '5b10b18b81d48eb98c91acd6' },
  costTime: 3,
  response: 
   { status: 200,
     message: 'OK',
     header: 
      { 'access-control-allow-origin': 'http://localhost:8081',
        'content-type': 'application/json; charset=utf-8' },
     body: { status: 200, data: [Object] } } }
[2018-06-02T11:34:01.623] [INFO] response - { method: 'GET',
  url: '/api/getArticleList',
  body: {},
  costTime: 2,
  response: 
   { status: 200,
     message: 'OK',
     header: 
      { 'access-control-allow-origin': 'http://localhost:8081',
        'content-type': 'application/json; charset=utf-8' },
     body: { status: 200, msg: '获取文章列表成功', data: [Array] } } }
[2018-06-02T11:34:05.213] [INFO] response - { method: 'GET',
  url: '/api/getArticleList',
  body: {},
  costTime: 2,
  response: 
   { status: 200,
     message: 'OK',
     header: 
      { 'access-control-allow-origin': 'http://localhost:8081',
        'content-type': 'application/json; charset=utf-8' },
     body: { status: 200, msg: '获取文章列表成功', data: [Array] } } }
[2018-06-02T11:34:09.556] [INFO] response - { method: 'GET',
  url: '/api/getArticleList',
  body: {},
  costTime: 2,
  response: 
   { status: 200,
     message: 'OK',
     header: 
      { 'access-control-allow-origin': 'http://localhost:8081',
        'content-type': 'application/json; charset=utf-8' },
     body: { status: 200, msg: '获取文章列表成功', data: [Array] } } }
[2018-06-02T11:34:10.845] [INFO] response - { method: 'POST',
  url: '/api/postArticleContent',
  body: { id: '5b10b18b81d48eb98c91acd6' },
  costTime: 4,
  response: 
   { status: 200,
     message: 'OK',
     header: 
      { 'access-control-allow-origin': 'http://localhost:8081',
        'content-type': 'application/json; charset=utf-8' },
     body: { status: 200, data: [Object] } } }
[2018-06-02T11:34:34.910] [INFO] response - { method: 'GET',
  url: '/api/getArticleList',
  body: {},
  costTime: 2,
  response: 
   { status: 200,
     message: 'OK',
     header: 
      { 'access-control-allow-origin': 'http://localhost:8081',
        'content-type': 'application/json; charset=utf-8' },
     body: { status: 200, msg: '获取文章列表成功', data: [Array] } } }
[2018-06-02T11:34:35.714] [INFO] response - { method: 'POST',
  url: '/api/postArticleContent',
  body: { id: '5b10b18b81d48eb98c91acd6' },
  costTime: 2,
  response: 
   { status: 200,
     message: 'OK',
     header: 
      { 'access-control-allow-origin': 'http://localhost:8081',
        'content-type': 'application/json; charset=utf-8' },
     body: { status: 200, data: [Object] } } }
[2018-06-02T11:34:49.967] [INFO] response - { method: 'GET',
  url: '/api/getArticleList',
  body: {},
  costTime: 3,
  response: 
   { status: 200,
     message: 'OK',
     header: 
      { 'access-control-allow-origin': 'http://localhost:8081',
        'content-type': 'application/json; charset=utf-8' },
     body: { status: 200, msg: '获取文章列表成功', data: [Array] } } }
[2018-06-02T11:35:07.864] [INFO] response - { method: 'GET',
  url: '/api/getArticleList',
  body: {},
  costTime: 1,
  response: 
   { status: 200,
     message: 'OK',
     header: 
      { 'access-control-allow-origin': 'http://localhost:8081',
        'content-type': 'application/json; charset=utf-8' },
     body: { status: 200, msg: '获取文章列表成功', data: [Array] } } }
[2018-06-02T11:35:21.123] [INFO] response - { method: 'GET',
  url: '/api/getArticleList',
  body: {},
  costTime: 2,
  response: 
   { status: 200,
     message: 'OK',
     header: 
      { 'access-control-allow-origin': 'http://localhost:8081',
        'content-type': 'application/json; charset=utf-8' },
     body: { status: 200, msg: '获取文章列表成功', data: [Array] } } }
[2018-06-02T11:35:24.303] [INFO] response - { method: 'POST',
  url: '/api/postArticleContent',
  body: { id: '5b10b18b81d48eb98c91acd6' },
  costTime: 2,
  response: 
   { status: 200,
     message: 'OK',
     header: 
      { 'access-control-allow-origin': 'http://localhost:8081',
        'content-type': 'application/json; charset=utf-8' },
     body: { status: 200, data: [Object] } } }
[2018-06-02T11:35:26.770] [INFO] response - { method: 'GET',
  url: '/api/getArticleList',
  body: {},
  costTime: 3,
  response: 
   { status: 200,
     message: 'OK',
     header: 
      { 'access-control-allow-origin': 'http://localhost:8081',
        'content-type': 'application/json; charset=utf-8' },
     body: { status: 200, msg: '获取文章列表成功', data: [Array] } } }
[2018-06-02T11:35:27.456] [INFO] response - { method: 'POST',
  url: '/api/postArticleContent',
  body: { id: '5b10b18b81d48eb98c91acd6' },
  costTime: 3,
  response: 
   { status: 200,
     message: 'OK',
     header: 
      { 'access-control-allow-origin': 'http://localhost:8081',
        'content-type': 'application/json; charset=utf-8' },
     body: { status: 200, data: [Object] } } }
[2018-06-02T11:35:28.989] [INFO] response - { method: 'POST',
  url: '/api/saveArticle',
  body: 
   { title: '新标题123',
     content: '> 使用koa::: hljs-cente\n# 一级标题\n```\nconsole.log(data)\nttttt\n112\n``',
     id: '5b10b18b81d48eb98c91acd6' },
  costTime: 7,
  response: 
   { status: 200,
     message: 'OK',
     header: 
      { 'access-control-allow-origin': 'http://localhost:8081',
        'content-type': 'application/json; charset=utf-8' },
     body: { status: 200, msg: '保存成功', data: [Object] } } }
[2018-06-02T11:36:13.941] [INFO] response - { method: 'GET',
  url: '/api/getArticleList',
  body: {},
  costTime: 2,
  response: 
   { status: 200,
     message: 'OK',
     header: 
      { 'access-control-allow-origin': 'http://localhost:8081',
        'content-type': 'application/json; charset=utf-8' },
     body: { status: 200, msg: '获取文章列表成功', data: [Array] } } }
[2018-06-02T11:36:15.719] [INFO] response - { method: 'GET',
  url: '/api/getArticleList',
  body: {},
  costTime: 3,
  response: 
   { status: 200,
     message: 'OK',
     header: 
      { 'access-control-allow-origin': 'http://localhost:8081',
        'content-type': 'application/json; charset=utf-8' },
     body: { status: 200, msg: '获取文章列表成功', data: [Array] } } }
[2018-06-02T11:40:45.096] [INFO] response - { method: 'POST',
  url: '/api/ArticleList',
  body: {},
  costTime: 5,
  response: 
   { status: 200,
     message: 'OK',
     header: 
      { 'access-control-allow-origin': 'http://localhost:8081',
        'content-type': 'application/json; charset=utf-8' },
     body: { status: 200, success: true, data: [Object], msg: '添加成功' } } }
[2018-06-02T11:40:46.001] [INFO] response - { method: 'POST',
  url: '/api/postArticleContent',
  body: { id: '5b1211bdddf31d8a36a1f4ff' },
  costTime: 3,
  response: 
   { status: 200,
     message: 'OK',
     header: 
      { 'access-control-allow-origin': 'http://localhost:8081',
        'content-type': 'application/json; charset=utf-8' },
     body: { status: 200, data: [Object] } } }
[2018-06-02T11:41:37.790] [INFO] response - { method: 'POST',
  url: '/api/ArticleList',
  body: {},
  costTime: 28,
  response: 
   { status: 200,
     message: 'OK',
     header: 
      { 'access-control-allow-origin': 'http://localhost:8081',
        'content-type': 'application/json; charset=utf-8' },
     body: { status: 200, success: true, data: [Object], msg: '添加成功' } } }
[2018-06-02T11:41:38.581] [INFO] response - { method: 'POST',
  url: '/api/postArticleContent',
  body: { id: '5b1211f1f593579d8ddfd17d' },
  costTime: 17,
  response: 
   { status: 200,
     message: 'OK',
     header: 
      { 'access-control-allow-origin': 'http://localhost:8081',
        'content-type': 'application/json; charset=utf-8' },
     body: { status: 200, data: [Object] } } }
[2018-06-02T11:41:49.774] [INFO] response - { method: 'POST',
  url: '/api/postArticleContent',
  body: { id: '5b10b18b81d48eb98c91acd6' },
  costTime: 6,
  response: 
   { status: 200,
     message: 'OK',
     header: 
      { 'access-control-allow-origin': 'http://localhost:8081',
        'content-type': 'application/json; charset=utf-8' },
     body: { status: 200, data: [Object] } } }
[2018-06-02T11:41:51.577] [INFO] response - { method: 'POST',
  url: '/api/saveArticle',
  body: 
   { title: '新标题123',
     content: '> 使用koa::: hljs-cente\n# 一级标题\n```\nconsole.log(data)\nttttt\n112\n``',
     id: '5b10b18b81d48eb98c91acd6',
     htmlCode: '<blockquote>\n<p>使用koa::: hljs-cente</p>\n</blockquote>\n<h1>一级标题</h1>\n<pre><code class="lang-">console.log(data)\nttttt\n112\n``</code></pre>\n' },
  costTime: 24,
  response: 
   { status: 200,
     message: 'OK',
     header: 
      { 'access-control-allow-origin': 'http://localhost:8081',
        'content-type': 'application/json; charset=utf-8' },
     body: { status: 200, msg: '保存成功', data: [Object] } } }
[2018-06-02T11:42:06.647] [INFO] response - { method: 'POST',
  url: '/api/upArticle',
  body: 
   { id: '5b10b18b81d48eb98c91acd6',
     title: '新标题123',
     creatTime: '2018-06-01 10:38',
     content: '> 使用koa::: hljs-cente\n# 一级标题\n```\nconsole.log(data)\nttttt\n11212\n213213\n111111111\n``' },
  costTime: 10,
  response: 
   { status: 200,
     message: 'OK',
     header: 
      { 'access-control-allow-origin': 'http://localhost:8081',
        'content-type': 'application/json; charset=utf-8' },
     body: { status: 200, success: true, data: [Object], msg: '发布成功' } } }
[2018-06-02T11:42:30.747] [INFO] response - { method: 'GET',
  url: '/api/getArticleList',
  body: {},
  costTime: 8,
  response: 
   { status: 200,
     message: 'OK',
     header: 
      { 'access-control-allow-origin': 'http://localhost:8081',
        'content-type': 'application/json; charset=utf-8' },
     body: { status: 200, msg: '获取文章列表成功', data: [Array] } } }
[2018-06-02T11:42:31.569] [INFO] response - { method: 'POST',
  url: '/api/postArticleContent',
  body: { id: '5b10b18b81d48eb98c91acd6' },
  costTime: 2,
  response: 
   { status: 200,
     message: 'OK',
     header: 
      { 'access-control-allow-origin': 'http://localhost:8081',
        'content-type': 'application/json; charset=utf-8' },
     body: { status: 200, data: [Object] } } }
[2018-06-02T11:43:36.609] [INFO] response - { method: 'GET',
  url: '/api/getArticleList',
  body: {},
  costTime: 2,
  response: 
   { status: 200,
     message: 'OK',
     header: 
      { 'access-control-allow-origin': 'http://localhost:8081',
        'content-type': 'application/json; charset=utf-8' },
     body: { status: 200, msg: '获取文章列表成功', data: [Array] } } }
[2018-06-02T11:43:49.216] [INFO] response - { method: 'GET',
  url: '/api/getArticleList',
  body: {},
  costTime: 2,
  response: 
   { status: 200,
     message: 'OK',
     header: 
      { 'access-control-allow-origin': 'http://localhost:8081',
        'content-type': 'application/json; charset=utf-8' },
     body: { status: 200, msg: '获取文章列表成功', data: [Array] } } }
[2018-06-02T11:44:08.807] [INFO] response - { method: 'GET',
  url: '/api/getArticleList',
  body: {},
  costTime: 4,
  response: 
   { status: 200,
     message: 'OK',
     header: 
      { 'access-control-allow-origin': 'http://localhost:8081',
        'content-type': 'application/json; charset=utf-8' },
     body: { status: 200, msg: '获取文章列表成功', data: [Array] } } }
[2018-06-02T11:44:21.740] [INFO] response - { method: 'POST',
  url: '/api/postArticleContent',
  body: { id: '5b10b18b81d48eb98c91acd6' },
  costTime: 2,
  response: 
   { status: 200,
     message: 'OK',
     header: 
      { 'access-control-allow-origin': 'http://localhost:8081',
        'content-type': 'application/json; charset=utf-8' },
     body: { status: 200, data: [Object] } } }
[2018-06-02T11:45:13.144] [INFO] response - { method: 'POST',
  url: '/api/deleteArticle',
  body: { id: '5b10b18b81d48eb98c91acd6' },
  costTime: 24,
  response: 
   { status: 200,
     message: 'OK',
     header: 
      { 'access-control-allow-origin': 'http://localhost:8081',
        'content-type': 'application/json; charset=utf-8' },
     body: { status: 200, msg: '\b文章删除成功' } } }
[2018-06-02T11:45:15.856] [INFO] response - { method: 'POST',
  url: '/api/upArticle',
  body: 
   { id: '5b10b18b81d48eb98c91acd6',
     title: '新标题123',
     creatTime: '2018-06-01 10:38',
     content: '> 使用koa::: hljs-cente\n# 一级标题\n```\nconsole.log(data)\nttttt\n112\n``',
     htmlCode: '' },
  costTime: 6,
  response: 
   { status: 200,
     message: 'OK',
     header: 
      { 'access-control-allow-origin': 'http://localhost:8081',
        'content-type': 'application/json; charset=utf-8' },
     body: { status: 200, success: true, data: [Object], msg: '发布成功' } } }
[2018-06-02T11:45:34.618] [INFO] response - { method: 'GET',
  url: '/api/getArticleList',
  body: {},
  costTime: 2,
  response: 
   { status: 200,
     message: 'OK',
     header: 
      { 'access-control-allow-origin': 'http://localhost:8081',
        'content-type': 'application/json; charset=utf-8' },
     body: { status: 200, msg: '获取文章列表成功', data: [Array] } } }
[2018-06-02T11:45:37.181] [INFO] response - { method: 'POST',
  url: '/api/postArticleContent',
  body: { id: '5b1211f1f593579d8ddfd17d' },
  costTime: 7,
  response: 
   { status: 200,
     message: 'OK',
     header: 
      { 'access-control-allow-origin': 'http://localhost:8081',
        'content-type': 'application/json; charset=utf-8' },
     body: { status: 200, data: [Object] } } }
[2018-06-02T11:45:46.450] [INFO] response - { method: 'POST',
  url: '/api/postArticleContent',
  body: { id: '5b1211bdddf31d8a36a1f4ff' },
  costTime: 4,
  response: 
   { status: 200,
     message: 'OK',
     header: 
      { 'access-control-allow-origin': 'http://localhost:8081',
        'content-type': 'application/json; charset=utf-8' },
     body: { status: 200, data: [Object] } } }
[2018-06-02T11:45:55.195] [INFO] response - { method: 'POST',
  url: '/api/saveArticle',
  body: 
   { title: '新标题',
     content: '12312312# 12321321',
     id: '5b1211bdddf31d8a36a1f4ff',
     htmlCode: '<p>12312312# 12321321</p>\n' },
  costTime: 5,
  response: 
   { status: 200,
     message: 'OK',
     header: 
      { 'access-control-allow-origin': 'http://localhost:8081',
        'content-type': 'application/json; charset=utf-8' },
     body: { status: 200, msg: '保存成功', data: [Object] } } }
[2018-06-02T11:46:01.292] [INFO] response - { method: 'POST',
  url: '/api/upArticle',
  body: 
   { id: '5b1211bdddf31d8a36a1f4ff',
     title: '新标题',
     creatTime: '2018-06-02 11:40',
     content: '12312312# 12321321',
     htmlCode: '<p>12312312# 12321321</p>\n' },
  costTime: 11,
  response: 
   { status: 200,
     message: 'OK',
     header: 
      { 'access-control-allow-origin': 'http://localhost:8081',
        'content-type': 'application/json; charset=utf-8' },
     body: { status: 200, success: true, data: [Object], msg: '发布成功' } } }
[2018-06-02T11:46:17.274] [INFO] response - { method: 'POST',
  url: '/api/downArticle',
  body: { id: '5b1211bdddf31d8a36a1f4ff' },
  costTime: 5,
  response: 
   { status: 200,
     message: 'OK',
     header: 
      { 'access-control-allow-origin': 'http://localhost:8081',
        'content-type': 'application/json; charset=utf-8' },
     body: { status: 200, msg: '\b文章下线成功' } } }
[2018-06-02T11:46:18.809] [INFO] response - { method: 'POST',
  url: '/api/upArticle',
  body: 
   { id: '5b1211bdddf31d8a36a1f4ff',
     title: '新标题',
     creatTime: '2018-06-02 11:40',
     content: '12312312# 12321321',
     htmlCode: '<p>12312312# 12321321</p>\n' },
  costTime: 3,
  response: 
   { status: 200,
     message: 'OK',
     header: 
      { 'access-control-allow-origin': 'http://localhost:8081',
        'content-type': 'application/json; charset=utf-8' },
     body: { status: 200, success: true, data: [Object], msg: '发布成功' } } }
[2018-06-02T11:46:22.253] [INFO] response - { method: 'POST',
  url: '/api/postArticleContent',
  body: { id: '5b1211f1f593579d8ddfd17d' },
  costTime: 3,
  response: 
   { status: 200,
     message: 'OK',
     header: 
      { 'access-control-allow-origin': 'http://localhost:8081',
        'content-type': 'application/json; charset=utf-8' },
     body: { status: 200, data: [Object] } } }
[2018-06-02T11:46:22.744] [INFO] response - { method: 'POST',
  url: '/api/postArticleContent',
  body: { id: '5b1211bdddf31d8a36a1f4ff' },
  costTime: 4,
  response: 
   { status: 200,
     message: 'OK',
     header: 
      { 'access-control-allow-origin': 'http://localhost:8081',
        'content-type': 'application/json; charset=utf-8' },
     body: { status: 200, data: [Object] } } }
[2018-06-02T11:46:26.250] [INFO] response - { method: 'POST',
  url: '/api/downArticle',
  body: { id: '5b1211bdddf31d8a36a1f4ff' },
  costTime: 5,
  response: 
   { status: 200,
     message: 'OK',
     header: 
      { 'access-control-allow-origin': 'http://localhost:8081',
        'content-type': 'application/json; charset=utf-8' },
     body: { status: 200, msg: '\b文章下线成功' } } }
[2018-06-02T11:46:27.535] [INFO] response - { method: 'POST',
  url: '/api/upArticle',
  body: 
   { id: '5b1211bdddf31d8a36a1f4ff',
     title: '新标题',
     creatTime: '2018-06-02 11:40',
     content: '12312312# 12321321',
     htmlCode: '<p>12312312# 12321321</p>\n' },
  costTime: 3,
  response: 
   { status: 200,
     message: 'OK',
     header: 
      { 'access-control-allow-origin': 'http://localhost:8081',
        'content-type': 'application/json; charset=utf-8' },
     body: { status: 200, success: true, data: [Object], msg: '发布成功' } } }
[2018-06-02T11:46:33.072] [INFO] response - { method: 'POST',
  url: '/api/downArticle',
  body: { id: '5b1211bdddf31d8a36a1f4ff' },
  costTime: 4,
  response: 
   { status: 200,
     message: 'OK',
     header: 
      { 'access-control-allow-origin': 'http://localhost:8081',
        'content-type': 'application/json; charset=utf-8' },
     body: { status: 200, msg: '\b文章下线成功' } } }
[2018-06-02T11:46:35.043] [INFO] response - { method: 'GET',
  url: '/api/getArticleList',
  body: {},
  costTime: 3,
  response: 
   { status: 200,
     message: 'OK',
     header: 
      { 'access-control-allow-origin': 'http://localhost:8081',
        'content-type': 'application/json; charset=utf-8' },
     body: { status: 200, msg: '获取文章列表成功', data: [Array] } } }
[2018-06-02T11:46:37.933] [INFO] response - { method: 'POST',
  url: '/api/postArticleContent',
  body: { id: '5b1211bdddf31d8a36a1f4ff' },
  costTime: 3,
  response: 
   { status: 200,
     message: 'OK',
     header: 
      { 'access-control-allow-origin': 'http://localhost:8081',
        'content-type': 'application/json; charset=utf-8' },
     body: { status: 200, data: [Object] } } }
[2018-06-02T11:46:39.195] [INFO] response - { method: 'POST',
  url: '/api/upArticle',
  body: 
   { id: '5b1211bdddf31d8a36a1f4ff',
     title: '新标题',
     creatTime: '2018-06-02 11:40',
     content: '12312312# 12321321',
     htmlCode: '' },
  costTime: 2,
  response: 
   { status: 200,
     message: 'OK',
     header: 
      { 'access-control-allow-origin': 'http://localhost:8081',
        'content-type': 'application/json; charset=utf-8' },
     body: { status: 200, success: true, data: [Object], msg: '发布成功' } } }
[2018-06-02T11:47:26.037] [INFO] response - { method: 'GET',
  url: '/api/getArticleList',
  body: {},
  costTime: 2,
  response: 
   { status: 200,
     message: 'OK',
     header: 
      { 'access-control-allow-origin': 'http://localhost:8081',
        'content-type': 'application/json; charset=utf-8' },
     body: { status: 200, msg: '获取文章列表成功', data: [Array] } } }
[2018-06-02T11:49:22.016] [INFO] response - { method: 'POST',
  url: '/api/postArticleContent',
  body: { id: '5b1211bdddf31d8a36a1f4ff' },
  costTime: 3,
  response: 
   { status: 200,
     message: 'OK',
     header: 
      { 'access-control-allow-origin': 'http://localhost:8081',
        'content-type': 'application/json; charset=utf-8' },
     body: { status: 200, data: [Object] } } }
[2018-06-02T11:51:17.665] [INFO] response - { method: 'GET',
  url: '/api/getArticleList',
  body: {},
  costTime: 29,
  response: 
   { status: 200,
     message: 'OK',
     header: 
      { 'access-control-allow-origin': 'http://localhost:8081',
        'content-type': 'application/json; charset=utf-8' },
     body: { status: 200, msg: '获取文章列表成功', data: [Array] } } }
[2018-06-02T11:51:18.509] [INFO] response - { method: 'POST',
  url: '/api/postArticleContent',
  body: { id: '5b1211f1f593579d8ddfd17d' },
  costTime: 13,
  response: 
   { status: 200,
     message: 'OK',
     header: 
      { 'access-control-allow-origin': 'http://localhost:8081',
        'content-type': 'application/json; charset=utf-8' },
     body: { status: 200, data: [Object] } } }
[2018-06-02T11:51:20.822] [INFO] response - { method: 'POST',
  url: '/api/postArticleContent',
  body: { id: '5b1211bdddf31d8a36a1f4ff' },
  costTime: 10,
  response: 
   { status: 200,
     message: 'OK',
     header: 
      { 'access-control-allow-origin': 'http://localhost:8081',
        'content-type': 'application/json; charset=utf-8' },
     body: { status: 200, data: [Object] } } }
[2018-06-02T11:51:24.602] [INFO] response - { method: 'POST',
  url: '/api/ArticleList',
  body: {},
  costTime: 23,
  response: 
   { status: 200,
     message: 'OK',
     header: 
      { 'access-control-allow-origin': 'http://localhost:8081',
        'content-type': 'application/json; charset=utf-8' },
     body: { status: 200, success: true, data: [Object], msg: '添加成功' } } }
[2018-06-02T11:51:25.201] [INFO] response - { method: 'POST',
  url: '/api/postArticleContent',
  body: { id: '5b12143c13e481a26b519959' },
  costTime: 7,
  response: 
   { status: 200,
     message: 'OK',
     header: 
      { 'access-control-allow-origin': 'http://localhost:8081',
        'content-type': 'application/json; charset=utf-8' },
     body: { status: 200, data: [Object] } } }
[2018-06-02T11:51:32.812] [INFO] response - { method: 'POST',
  url: '/api/saveArticle',
  body: 
   { title: '新标题',
     content: '12321321',
     id: '5b12143c13e481a26b519959',
     htmlCode: '<p>12321321</p>\n' },
  costTime: 20,
  response: 
   { status: 200,
     message: 'OK',
     header: 
      { 'access-control-allow-origin': 'http://localhost:8081',
        'content-type': 'application/json; charset=utf-8' },
     body: { status: 200, msg: '保存成功', data: [Object] } } }
