[2018-07-20T15:05:56.752] [INFO] response - { method: 'GET',
  url: '/api/getArticle',
  body: {},
  costTime: 48,
  response: 
   { status: 200,
     message: 'OK',
     header: 
      { 'access-control-allow-origin': 'http://localhost:8082',
        'content-type': 'application/json; charset=utf-8' },
     body: { status: 200, msg: '获取文章列表成功', data: [Array] } } }
[2018-07-20T15:12:39.746] [INFO] response - { method: 'GET',
  url: '/api/getArticle',
  body: {},
  costTime: 8,
  response: 
   { status: 200,
     message: 'OK',
     header: 
      { 'access-control-allow-origin': 'http://localhost:8082',
        'content-type': 'application/json; charset=utf-8' },
     body: { status: 200, msg: '获取文章列表成功', data: [Array] } } }
[2018-07-20T15:12:43.314] [INFO] response - { method: 'GET',
  url: '/api/getArticle',
  body: {},
  costTime: 3,
  response: 
   { status: 200,
     message: 'OK',
     header: 
      { 'access-control-allow-origin': 'http://localhost:8082',
        'content-type': 'application/json; charset=utf-8' },
     body: { status: 200, msg: '获取文章列表成功', data: [Array] } } }
[2018-07-20T15:13:17.290] [INFO] response - { method: 'GET',
  url: '/api/getArticle',
  body: {},
  costTime: 31,
  response: 
   { status: 200,
     message: 'OK',
     header: 
      { 'access-control-allow-origin': 'http://localhost:8082',
        'content-type': 'application/json; charset=utf-8' },
     body: { status: 200, msg: '获取文章列表成功', data: [Array] } } }
[2018-07-20T15:13:26.640] [INFO] response - { method: 'GET',
  url: '/api/getArticle',
  body: {},
  costTime: 5,
  response: 
   { status: 200,
     message: 'OK',
     header: 
      { 'access-control-allow-origin': 'http://localhost:8082',
        'content-type': 'application/json; charset=utf-8' },
     body: { status: 200, msg: '获取文章列表成功', data: [Array] } } }
[2018-07-20T15:22:28.464] [INFO] response - { method: 'GET',
  url: '/api/getArticle',
  body: {},
  costTime: 4,
  response: 
   { status: 200,
     message: 'OK',
     header: 
      { 'access-control-allow-origin': 'http://localhost:8082',
        'content-type': 'application/json; charset=utf-8' },
     body: { status: 200, msg: '获取文章列表成功', data: [Array] } } }
[2018-07-20T15:22:40.575] [INFO] response - { method: 'GET',
  url: '/api/getArticle',
  body: {},
  costTime: 5,
  response: 
   { status: 200,
     message: 'OK',
     header: 
      { 'access-control-allow-origin': 'http://localhost:8082',
        'content-type': 'application/json; charset=utf-8' },
     body: { status: 200, msg: '获取文章列表成功', data: [Array] } } }
[2018-07-20T15:22:44.796] [INFO] response - { method: 'GET',
  url: '/api/getArticle',
  body: {},
  costTime: 7,
  response: 
   { status: 200,
     message: 'OK',
     header: 
      { 'access-control-allow-origin': 'http://localhost:8082',
        'content-type': 'application/json; charset=utf-8' },
     body: { status: 200, msg: '获取文章列表成功', data: [Array] } } }
[2018-07-20T15:37:51.634] [INFO] response - { method: 'GET',
  url: '/api/getArticle',
  body: {},
  costTime: 15,
  response: 
   { status: 200,
     message: 'OK',
     header: 
      { 'access-control-allow-origin': 'http://localhost:8082',
        'content-type': 'application/json; charset=utf-8' },
     body: { status: 200, msg: '获取文章列表成功', data: [Array] } } }
[2018-07-20T15:38:02.761] [INFO] response - { method: 'GET',
  url: '/api/getArticle',
  body: {},
  costTime: 5,
  response: 
   { status: 200,
     message: 'OK',
     header: 
      { 'access-control-allow-origin': 'http://localhost:8082',
        'content-type': 'application/json; charset=utf-8' },
     body: { status: 200, msg: '获取文章列表成功', data: [Array] } } }
[2018-07-20T15:38:05.869] [INFO] response - { method: 'GET',
  url: '/api/getArticle',
  body: {},
  costTime: 3,
  response: 
   { status: 200,
     message: 'OK',
     header: 
      { 'access-control-allow-origin': 'http://localhost:8082',
        'content-type': 'application/json; charset=utf-8' },
     body: { status: 200, msg: '获取文章列表成功', data: [Array] } } }
[2018-07-20T15:38:08.252] [INFO] response - { method: 'GET',
  url: '/api/getArticle',
  body: {},
  costTime: 5,
  response: 
   { status: 200,
     message: 'OK',
     header: 
      { 'access-control-allow-origin': 'http://localhost:8082',
        'content-type': 'application/json; charset=utf-8' },
     body: { status: 200, msg: '获取文章列表成功', data: [Array] } } }
[2018-07-20T15:38:14.139] [INFO] response - { method: 'GET',
  url: '/api/getArticle',
  body: {},
  costTime: 3,
  response: 
   { status: 200,
     message: 'OK',
     header: 
      { 'access-control-allow-origin': 'http://localhost:8082',
        'content-type': 'application/json; charset=utf-8' },
     body: { status: 200, msg: '获取文章列表成功', data: [Array] } } }
[2018-07-20T15:38:23.004] [INFO] response - { method: 'GET',
  url: '/api/getArticle',
  body: {},
  costTime: 3,
  response: 
   { status: 200,
     message: 'OK',
     header: 
      { 'access-control-allow-origin': 'http://localhost:8082',
        'content-type': 'application/json; charset=utf-8' },
     body: { status: 200, msg: '获取文章列表成功', data: [Array] } } }
[2018-07-20T15:50:55.229] [INFO] response - { method: 'GET',
  url: '/api/getArticle',
  body: {},
  costTime: 91,
  response: 
   { status: 200,
     message: 'OK',
     header: 
      { 'access-control-allow-origin': 'http://localhost:8082',
        'content-type': 'application/json; charset=utf-8' },
     body: { status: 200, msg: '获取文章列表成功', data: [Array] } } }
[2018-07-20T15:53:15.091] [INFO] response - { method: 'GET',
  url: '/api/getArticle',
  body: {},
  costTime: 17,
  response: 
   { status: 200,
     message: 'OK',
     header: 
      { 'access-control-allow-origin': 'http://localhost:8082',
        'content-type': 'application/json; charset=utf-8' },
     body: { status: 200, msg: '获取文章列表成功', data: [Array] } } }
[2018-07-20T15:53:18.532] [INFO] response - { method: 'GET',
  url: '/api/getArticle',
  body: {},
  costTime: 2,
  response: 
   { status: 200,
     message: 'OK',
     header: 
      { 'access-control-allow-origin': 'http://localhost:8082',
        'content-type': 'application/json; charset=utf-8' },
     body: { status: 200, msg: '获取文章列表成功', data: [Array] } } }
[2018-07-20T15:53:43.809] [INFO] response - { method: 'GET',
  url: '/api/getArticle',
  body: {},
  costTime: 5,
  response: 
   { status: 200,
     message: 'OK',
     header: 
      { 'access-control-allow-origin': 'http://localhost:8082',
        'content-type': 'application/json; charset=utf-8' },
     body: { status: 200, msg: '获取文章列表成功', data: [Array] } } }
[2018-07-20T15:54:07.893] [INFO] response - { method: 'GET',
  url: '/api/getArticle',
  body: {},
  costTime: 6,
  response: 
   { status: 200,
     message: 'OK',
     header: 
      { 'access-control-allow-origin': 'http://localhost:8082',
        'content-type': 'application/json; charset=utf-8' },
     body: { status: 200, msg: '获取文章列表成功', data: [Array] } } }
[2018-07-20T15:55:47.553] [INFO] response - { method: 'GET',
  url: '/api/getArticle',
  body: {},
  costTime: 5,
  response: 
   { status: 200,
     message: 'OK',
     header: 
      { 'access-control-allow-origin': 'http://localhost:8082',
        'content-type': 'application/json; charset=utf-8' },
     body: { status: 200, msg: '获取文章列表成功', data: [Array] } } }
[2018-07-20T15:56:05.778] [INFO] response - { method: 'GET',
  url: '/api/getArticle',
  body: {},
  costTime: 6,
  response: 
   { status: 200,
     message: 'OK',
     header: 
      { 'access-control-allow-origin': 'http://localhost:8082',
        'content-type': 'application/json; charset=utf-8' },
     body: { status: 200, msg: '获取文章列表成功', data: [Array] } } }
[2018-07-20T15:56:10.209] [INFO] response - { method: 'GET',
  url: '/api/getArticle',
  body: {},
  costTime: 5,
  response: 
   { status: 200,
     message: 'OK',
     header: 
      { 'access-control-allow-origin': 'http://localhost:8082',
        'content-type': 'application/json; charset=utf-8' },
     body: { status: 200, msg: '获取文章列表成功', data: [Array] } } }
[2018-07-20T15:56:14.228] [INFO] response - { method: 'GET',
  url: '/api/getArticle',
  body: {},
  costTime: 4,
  response: 
   { status: 200,
     message: 'OK',
     header: 
      { 'access-control-allow-origin': 'http://localhost:8082',
        'content-type': 'application/json; charset=utf-8' },
     body: { status: 200, msg: '获取文章列表成功', data: [Array] } } }
[2018-07-20T15:56:27.668] [INFO] response - { method: 'GET',
  url: '/api/getArticle',
  body: {},
  costTime: 7,
  response: 
   { status: 200,
     message: 'OK',
     header: 
      { 'access-control-allow-origin': 'http://localhost:8082',
        'content-type': 'application/json; charset=utf-8' },
     body: { status: 200, msg: '获取文章列表成功', data: [Array] } } }
[2018-07-20T15:56:33.682] [INFO] response - { method: 'GET',
  url: '/api/getArticle',
  body: {},
  costTime: 3,
  response: 
   { status: 200,
     message: 'OK',
     header: 
      { 'access-control-allow-origin': 'http://localhost:8082',
        'content-type': 'application/json; charset=utf-8' },
     body: { status: 200, msg: '获取文章列表成功', data: [Array] } } }
[2018-07-20T15:56:36.848] [INFO] response - { method: 'GET',
  url: '/api/getArticle',
  body: {},
  costTime: 4,
  response: 
   { status: 200,
     message: 'OK',
     header: 
      { 'access-control-allow-origin': 'http://localhost:8082',
        'content-type': 'application/json; charset=utf-8' },
     body: { status: 200, msg: '获取文章列表成功', data: [Array] } } }
[2018-07-20T15:56:40.239] [INFO] response - { method: 'GET',
  url: '/api/getArticle',
  body: {},
  costTime: 6,
  response: 
   { status: 200,
     message: 'OK',
     header: 
      { 'access-control-allow-origin': 'http://localhost:8082',
        'content-type': 'application/json; charset=utf-8' },
     body: { status: 200, msg: '获取文章列表成功', data: [Array] } } }
