[2018-05-29T14:25:21.525] [INFO] response - { method: 'POST',
  url: '/api/login',
  body: { username: '17602004746', password: 'wokaopy123' },
  costTime: 85,
  response: 
   { status: 200,
     message: 'OK',
     header: 
      { 'access-control-allow-origin': 'http://localhost:8081',
        'content-type': 'application/json; charset=utf-8' },
     body: 
      { status: 200,
        success: true,
        token: 'eyJhbGciOiJIUzI1NiIsInR5cCI6IkpXVCJ9.eyJ1c2VfaWQiOiIxNzYwMjAwNDc0NiIsImlhdCI6MTUyNzU3NTEyMSwiZXhwIjoxNTI4MTc5OTIxfQ.oJSb0-YpvXHuJRP4qbbWm6w4nC5HMX-8AFOaJdJ1m_4',
        msg: '恭喜主人,登录成功' } } }
[2018-05-29T14:25:23.229] [INFO] response - { method: 'GET',
  url: '/api/getArticleList',
  body: {},
  costTime: 9,
  response: 
   { status: 200,
     message: 'OK',
     header: 
      { 'access-control-allow-origin': 'http://localhost:8081',
        'content-type': 'application/json; charset=utf-8' },
     body: { status: 200, msg: '获取文章列表成功', data: [] } } }
[2018-05-29T14:25:26.577] [INFO] response - { method: 'POST',
  url: '/api/ArticleList',
  body: {},
  costTime: 12,
  response: 
   { status: 200,
     message: 'OK',
     header: 
      { 'access-control-allow-origin': 'http://localhost:8081',
        'content-type': 'application/json; charset=utf-8' },
     body: { status: 200, success: true, data: [Object], msg: '添加成功' } } }
[2018-05-29T14:25:27.347] [INFO] response - { method: 'POST',
  url: '/api/postArticleContent',
  body: { id: '5b0cf256f03b1c64a227a3ea' },
  costTime: 6,
  response: 
   { status: 200,
     message: 'OK',
     header: 
      { 'access-control-allow-origin': 'http://localhost:8081',
        'content-type': 'application/json; charset=utf-8' },
     body: { status: 200, data: [Object] } } }
[2018-05-29T14:25:31.270] [INFO] response - { method: 'POST',
  url: '/api/deleteArticle',
  body: { id: '5b0cf256f03b1c64a227a3ea' },
  costTime: 17,
  response: 
   { status: 200,
     message: 'OK',
     header: 
      { 'access-control-allow-origin': 'http://localhost:8081',
        'content-type': 'application/json; charset=utf-8' },
     body: { status: 200, msg: '\b文章删除成功' } } }
[2018-05-29T14:26:03.002] [INFO] response - { method: 'POST',
  url: '/api/deleteArticle',
  body: { id: '5b0cf256f03b1c64a227a3ea' },
  costTime: 5,
  response: 
   { status: 200,
     message: 'OK',
     header: 
      { 'access-control-allow-origin': 'http://localhost:8081',
        'content-type': 'application/json; charset=utf-8' },
     body: { status: 200, msg: '\b文章删除成功' } } }
[2018-05-29T14:26:39.665] [INFO] response - { method: 'GET',
  url: '/api/getArticleList',
  body: {},
  costTime: 4,
  response: 
   { status: 200,
     message: 'OK',
     header: 
      { 'access-control-allow-origin': 'http://localhost:8081',
        'content-type': 'application/json; charset=utf-8' },
     body: { status: 200, msg: '获取文章列表成功', data: [] } } }
[2018-05-29T14:26:49.126] [INFO] response - { method: 'GET',
  url: '/api/getArticleList',
  body: {},
  costTime: 2,
  response: 
   { status: 200,
     message: 'OK',
     header: 
      { 'access-control-allow-origin': 'http://localhost:8081',
        'content-type': 'application/json; charset=utf-8' },
     body: { status: 200, msg: '获取文章列表成功', data: [] } } }
[2018-05-29T14:26:49.902] [INFO] response - { method: 'POST',
  url: '/api/ArticleList',
  body: {},
  costTime: 4,
  response: 
   { status: 200,
     message: 'OK',
     header: 
      { 'access-control-allow-origin': 'http://localhost:8081',
        'content-type': 'application/json; charset=utf-8' },
     body: { status: 200, success: true, data: [Object], msg: '添加成功' } } }
[2018-05-29T14:26:50.637] [INFO] response - { method: 'POST',
  url: '/api/postArticleContent',
  body: { id: '5b0cf2a9f03b1c64a227a3eb' },
  costTime: 3,
  response: 
   { status: 200,
     message: 'OK',
     header: 
      { 'access-control-allow-origin': 'http://localhost:8081',
        'content-type': 'application/json; charset=utf-8' },
     body: { status: 200, data: [Object] } } }
[2018-05-29T14:27:00.839] [INFO] response - { method: 'POST',
  url: '/api/upArticle',
  body: 
   { id: '5b0cf2a9f03b1c64a227a3eb',
     title: '新标题',
     creatTime: '2018-05-29 14:26',
     content: ' ' },
  costTime: 6,
  response: 
   { status: 200,
     message: 'OK',
     header: 
      { 'access-control-allow-origin': 'http://localhost:8081',
        'content-type': 'application/json; charset=utf-8' },
     body: { status: 200, success: true, data: [Object], msg: '发布成功' } } }
[2018-05-29T14:27:40.034] [INFO] response - { method: 'GET',
  url: '/api/getArticleList',
  body: {},
  costTime: 5,
  response: 
   { status: 200,
     message: 'OK',
     header: 
      { 'access-control-allow-origin': 'http://localhost:8081',
        'content-type': 'application/json; charset=utf-8' },
     body: { status: 200, msg: '获取文章列表成功', data: [Array] } } }
[2018-05-29T14:27:41.127] [INFO] response - { method: 'POST',
  url: '/api/postArticleContent',
  body: { id: '5b0cf2a9f03b1c64a227a3eb' },
  costTime: 3,
  response: 
   { status: 200,
     message: 'OK',
     header: 
      { 'access-control-allow-origin': 'http://localhost:8081',
        'content-type': 'application/json; charset=utf-8' },
     body: { status: 200, data: [Object] } } }
[2018-05-29T14:28:13.672] [INFO] response - { method: 'GET',
  url: '/api/getArticleList',
  body: {},
  costTime: 7,
  response: 
   { status: 200,
     message: 'OK',
     header: 
      { 'access-control-allow-origin': 'http://localhost:8081',
        'content-type': 'application/json; charset=utf-8' },
     body: { status: 200, msg: '获取文章列表成功', data: [Array] } } }
[2018-05-29T14:28:22.787] [INFO] response - { method: 'GET',
  url: '/api/getArticleList',
  body: {},
  costTime: 3,
  response: 
   { status: 200,
     message: 'OK',
     header: 
      { 'access-control-allow-origin': 'http://localhost:8081',
        'content-type': 'application/json; charset=utf-8' },
     body: { status: 200, msg: '获取文章列表成功', data: [Array] } } }
[2018-05-29T14:29:41.185] [INFO] response - { method: 'POST',
  url: '/api/postArticleContent',
  body: { id: '5b0cf2a9f03b1c64a227a3eb' },
  costTime: 21,
  response: 
   { status: 200,
     message: 'OK',
     header: 
      { 'access-control-allow-origin': 'http://localhost:8081',
        'content-type': 'application/json; charset=utf-8' },
     body: { status: 200, data: [Object] } } }
[2018-05-29T14:29:42.763] [INFO] response - { method: 'POST',
  url: '/api/deleteArticle',
  body: { id: '5b0cf2a9f03b1c64a227a3eb' },
  costTime: 23,
  response: 
   { status: 200,
     message: 'OK',
     header: 
      { 'access-control-allow-origin': 'http://localhost:8081',
        'content-type': 'application/json; charset=utf-8' },
     body: { status: 200, msg: '\b文章删除成功' } } }
[2018-05-29T14:29:47.782] [INFO] response - { method: 'POST',
  url: '/api/ArticleList',
  body: {},
  costTime: 16,
  response: 
   { status: 200,
     message: 'OK',
     header: 
      { 'access-control-allow-origin': 'http://localhost:8081',
        'content-type': 'application/json; charset=utf-8' },
     body: { status: 200, success: true, data: [Object], msg: '添加成功' } } }
[2018-05-29T14:29:48.284] [INFO] response - { method: 'POST',
  url: '/api/postArticleContent',
  body: { id: '5b0cf35b2d6da768558dfd94' },
  costTime: 4,
  response: 
   { status: 200,
     message: 'OK',
     header: 
      { 'access-control-allow-origin': 'http://localhost:8081',
        'content-type': 'application/json; charset=utf-8' },
     body: { status: 200, data: [Object] } } }
[2018-05-29T14:30:20.470] [INFO] response - { method: 'GET',
  url: '/api/getArticleList',
  body: {},
  costTime: 19,
  response: 
   { status: 200,
     message: 'OK',
     header: 
      { 'access-control-allow-origin': 'http://localhost:8081',
        'content-type': 'application/json; charset=utf-8' },
     body: { status: 200, msg: '获取文章列表成功', data: [Array] } } }
[2018-05-29T14:30:22.768] [INFO] response - { method: 'GET',
  url: '/api/getArticleList',
  body: {},
  costTime: 2,
  response: 
   { status: 200,
     message: 'OK',
     header: 
      { 'access-control-allow-origin': 'http://localhost:8081',
        'content-type': 'application/json; charset=utf-8' },
     body: { status: 200, msg: '获取文章列表成功', data: [Array] } } }
[2018-05-29T14:30:23.394] [INFO] response - { method: 'POST',
  url: '/api/postArticleContent',
  body: { id: '5b0cf35b2d6da768558dfd94' },
  costTime: 5,
  response: 
   { status: 200,
     message: 'OK',
     header: 
      { 'access-control-allow-origin': 'http://localhost:8081',
        'content-type': 'application/json; charset=utf-8' },
     body: { status: 200, data: [Object] } } }
[2018-05-29T14:30:44.579] [INFO] response - { method: 'GET',
  url: '/api/getArticleList',
  body: {},
  costTime: 1,
  response: 
   { status: 200,
     message: 'OK',
     header: 
      { 'access-control-allow-origin': 'http://localhost:8081',
        'content-type': 'application/json; charset=utf-8' },
     body: { status: 200, msg: '获取文章列表成功', data: [Array] } } }
[2018-05-29T14:30:51.893] [INFO] response - { method: 'GET',
  url: '/api/getArticleList',
  body: {},
  costTime: 3,
  response: 
   { status: 200,
     message: 'OK',
     header: 
      { 'access-control-allow-origin': 'http://localhost:8081',
        'content-type': 'application/json; charset=utf-8' },
     body: { status: 200, msg: '获取文章列表成功', data: [Array] } } }
[2018-05-29T14:30:52.603] [INFO] response - { method: 'POST',
  url: '/api/postArticleContent',
  body: { id: '5b0cf35b2d6da768558dfd94' },
  costTime: 2,
  response: 
   { status: 200,
     message: 'OK',
     header: 
      { 'access-control-allow-origin': 'http://localhost:8081',
        'content-type': 'application/json; charset=utf-8' },
     body: { status: 200, data: [Object] } } }
[2018-05-29T14:31:25.140] [INFO] response - { method: 'GET',
  url: '/api/getArticleList',
  body: {},
  costTime: 2,
  response: 
   { status: 200,
     message: 'OK',
     header: 
      { 'access-control-allow-origin': 'http://localhost:8081',
        'content-type': 'application/json; charset=utf-8' },
     body: { status: 200, msg: '获取文章列表成功', data: [Array] } } }
[2018-05-29T14:31:31.043] [INFO] response - { method: 'GET',
  url: '/api/getArticleList',
  body: {},
  costTime: 2,
  response: 
   { status: 200,
     message: 'OK',
     header: 
      { 'access-control-allow-origin': 'http://localhost:8081',
        'content-type': 'application/json; charset=utf-8' },
     body: { status: 200, msg: '获取文章列表成功', data: [Array] } } }
[2018-05-29T14:31:41.233] [INFO] response - { method: 'GET',
  url: '/api/getArticleList',
  body: {},
  costTime: 2,
  response: 
   { status: 200,
     message: 'OK',
     header: 
      { 'access-control-allow-origin': 'http://localhost:8081',
        'content-type': 'application/json; charset=utf-8' },
     body: { status: 200, msg: '获取文章列表成功', data: [Array] } } }
[2018-05-29T14:32:01.963] [INFO] response - { method: 'GET',
  url: '/api/getArticleList',
  body: {},
  costTime: 3,
  response: 
   { status: 200,
     message: 'OK',
     header: 
      { 'access-control-allow-origin': 'http://localhost:8081',
        'content-type': 'application/json; charset=utf-8' },
     body: { status: 200, msg: '获取文章列表成功', data: [Array] } } }
[2018-05-29T14:32:16.510] [INFO] response - { method: 'GET',
  url: '/api/getArticleList',
  body: {},
  costTime: 2,
  response: 
   { status: 200,
     message: 'OK',
     header: 
      { 'access-control-allow-origin': 'http://localhost:8081',
        'content-type': 'application/json; charset=utf-8' },
     body: { status: 200, msg: '获取文章列表成功', data: [Array] } } }
[2018-05-29T14:32:17.392] [INFO] response - { method: 'POST',
  url: '/api/postArticleContent',
  body: { id: '5b0cf35b2d6da768558dfd94' },
  costTime: 3,
  response: 
   { status: 200,
     message: 'OK',
     header: 
      { 'access-control-allow-origin': 'http://localhost:8081',
        'content-type': 'application/json; charset=utf-8' },
     body: { status: 200, data: [Object] } } }
[2018-05-29T14:32:35.853] [INFO] response - { method: 'GET',
  url: '/api/getArticleList',
  body: {},
  costTime: 2,
  response: 
   { status: 200,
     message: 'OK',
     header: 
      { 'access-control-allow-origin': 'http://localhost:8081',
        'content-type': 'application/json; charset=utf-8' },
     body: { status: 200, msg: '获取文章列表成功', data: [Array] } } }
[2018-05-29T14:32:57.940] [INFO] response - { method: 'GET',
  url: '/api/getArticleList',
  body: {},
  costTime: 3,
  response: 
   { status: 200,
     message: 'OK',
     header: 
      { 'access-control-allow-origin': 'http://localhost:8081',
        'content-type': 'application/json; charset=utf-8' },
     body: { status: 200, msg: '获取文章列表成功', data: [Array] } } }
[2018-05-29T14:32:58.621] [INFO] response - { method: 'POST',
  url: '/api/postArticleContent',
  body: { id: '5b0cf35b2d6da768558dfd94' },
  costTime: 4,
  response: 
   { status: 200,
     message: 'OK',
     header: 
      { 'access-control-allow-origin': 'http://localhost:8081',
        'content-type': 'application/json; charset=utf-8' },
     body: { status: 200, data: [Object] } } }
[2018-05-29T14:33:13.084] [INFO] response - { method: 'GET',
  url: '/api/getArticleList',
  body: {},
  costTime: 7,
  response: 
   { status: 200,
     message: 'OK',
     header: 
      { 'access-control-allow-origin': 'http://localhost:8081',
        'content-type': 'application/json; charset=utf-8' },
     body: { status: 200, msg: '获取文章列表成功', data: [Array] } } }
[2018-05-29T14:33:16.188] [INFO] response - { method: 'GET',
  url: '/api/getArticleList',
  body: {},
  costTime: 2,
  response: 
   { status: 200,
     message: 'OK',
     header: 
      { 'access-control-allow-origin': 'http://localhost:8081',
        'content-type': 'application/json; charset=utf-8' },
     body: { status: 200, msg: '获取文章列表成功', data: [Array] } } }
[2018-05-29T14:33:45.302] [INFO] response - { method: 'GET',
  url: '/api/getArticleList',
  body: {},
  costTime: 3,
  response: 
   { status: 200,
     message: 'OK',
     header: 
      { 'access-control-allow-origin': 'http://localhost:8081',
        'content-type': 'application/json; charset=utf-8' },
     body: { status: 200, msg: '获取文章列表成功', data: [Array] } } }
[2018-05-29T14:34:06.655] [INFO] response - { method: 'GET',
  url: '/api/getArticleList',
  body: {},
  costTime: 4,
  response: 
   { status: 200,
     message: 'OK',
     header: 
      { 'access-control-allow-origin': 'http://localhost:8081',
        'content-type': 'application/json; charset=utf-8' },
     body: { status: 200, msg: '获取文章列表成功', data: [Array] } } }
[2018-05-29T14:34:10.369] [INFO] response - { method: 'GET',
  url: '/api/getArticleList',
  body: {},
  costTime: 3,
  response: 
   { status: 200,
     message: 'OK',
     header: 
      { 'access-control-allow-origin': 'http://localhost:8081',
        'content-type': 'application/json; charset=utf-8' },
     body: { status: 200, msg: '获取文章列表成功', data: [Array] } } }
[2018-05-29T14:34:11.111] [INFO] response - { method: 'POST',
  url: '/api/postArticleContent',
  body: { id: '5b0cf35b2d6da768558dfd94' },
  costTime: 2,
  response: 
   { status: 200,
     message: 'OK',
     header: 
      { 'access-control-allow-origin': 'http://localhost:8081',
        'content-type': 'application/json; charset=utf-8' },
     body: { status: 200, data: [Object] } } }
[2018-05-29T14:34:16.808] [INFO] response - { method: 'GET',
  url: '/api/getArticleList',
  body: {},
  costTime: 12,
  response: 
   { status: 200,
     message: 'OK',
     header: 
      { 'access-control-allow-origin': 'http://localhost:8081',
        'content-type': 'application/json; charset=utf-8' },
     body: { status: 200, msg: '获取文章列表成功', data: [Array] } } }
[2018-05-29T14:34:16.918] [INFO] response - { method: 'POST',
  url: '/api/postArticleContent',
  body: { id: '5b0cf35b2d6da768558dfd94' },
  costTime: 3,
  response: 
   { status: 200,
     message: 'OK',
     header: 
      { 'access-control-allow-origin': 'http://localhost:8081',
        'content-type': 'application/json; charset=utf-8' },
     body: { status: 200, data: [Object] } } }
[2018-05-29T14:34:17.607] [INFO] response - { method: 'POST',
  url: '/api/postArticleContent',
  body: { id: '5b0cf35b2d6da768558dfd94' },
  costTime: 3,
  response: 
   { status: 200,
     message: 'OK',
     header: 
      { 'access-control-allow-origin': 'http://localhost:8081',
        'content-type': 'application/json; charset=utf-8' },
     body: { status: 200, data: [Object] } } }
[2018-05-29T14:34:19.338] [INFO] response - { method: 'POST',
  url: '/api/downArticle',
  body: { id: '5b0cf35b2d6da768558dfd94' },
  costTime: 20,
  response: 
   { status: 200,
     message: 'OK',
     header: 
      { 'access-control-allow-origin': 'http://localhost:8081',
        'content-type': 'application/json; charset=utf-8' },
     body: { status: 200, success: true, data: [Object], msg: '发布成功' } } }
[2018-05-29T14:34:39.370] [INFO] response - { method: 'POST',
  url: '/api/postArticleContent',
  body: { id: '5b0cf35b2d6da768558dfd94' },
  costTime: 2,
  response: 
   { status: 200,
     message: 'OK',
     header: 
      { 'access-control-allow-origin': 'http://localhost:8081',
        'content-type': 'application/json; charset=utf-8' },
     body: { status: 200, data: [Object] } } }
[2018-05-29T14:36:23.061] [INFO] response - { method: 'POST',
  url: '/api/ArticleList',
  body: {},
  costTime: 6,
  response: 
   { status: 200,
     message: 'OK',
     header: 
      { 'access-control-allow-origin': 'http://localhost:8081',
        'content-type': 'application/json; charset=utf-8' },
     body: { status: 200, success: true, data: [Object], msg: '添加成功' } } }
[2018-05-29T14:36:23.632] [INFO] response - { method: 'POST',
  url: '/api/postArticleContent',
  body: { id: '5b0cf4e72d6da768558dfd95' },
  costTime: 3,
  response: 
   { status: 200,
     message: 'OK',
     header: 
      { 'access-control-allow-origin': 'http://localhost:8081',
        'content-type': 'application/json; charset=utf-8' },
     body: { status: 200, data: [Object] } } }
[2018-05-29T14:36:25.631] [INFO] response - { method: 'POST',
  url: '/api/downArticle',
  body: { id: '5b0cf4e72d6da768558dfd95' },
  costTime: 10,
  response: 
   { status: 200,
     message: 'OK',
     header: 
      { 'access-control-allow-origin': 'http://localhost:8081',
        'content-type': 'application/json; charset=utf-8' },
     body: { status: 200, success: true, data: [Object], msg: '发布成功' } } }
[2018-05-29T14:38:58.376] [INFO] response - { method: 'POST',
  url: '/api/deleteArticle',
  body: { id: '5b0cf4e72d6da768558dfd95' },
  costTime: 78,
  response: 
   { status: 200,
     message: 'OK',
     header: 
      { 'access-control-allow-origin': 'http://localhost:8081',
        'content-type': 'application/json; charset=utf-8' },
     body: { status: 200, msg: '\b文章删除成功' } } }
[2018-05-29T14:39:02.806] [INFO] response - { method: 'POST',
  url: '/api/postArticleContent',
  body: { id: '5b0cf35b2d6da768558dfd94' },
  costTime: 14,
  response: 
   { status: 200,
     message: 'OK',
     header: 
      { 'access-control-allow-origin': 'http://localhost:8081',
        'content-type': 'application/json; charset=utf-8' },
     body: { status: 200, data: [Object] } } }
[2018-05-29T14:39:04.409] [INFO] response - { method: 'POST',
  url: '/api/downArticle',
  body: { id: '5b0cf35b2d6da768558dfd94' },
  costTime: 2,
  response: 
   { status: 404,
     message: 'Not Found',
     header: 
      { 'access-control-allow-origin': 'http://localhost:8081',
        'content-type': 'application/json; charset=utf-8' },
     body: undefined } }
[2018-05-29T14:39:09.283] [INFO] response - { method: 'POST',
  url: '/api/downArticle',
  body: { id: '5b0cf35b2d6da768558dfd94' },
  costTime: 1,
  response: 
   { status: 404,
     message: 'Not Found',
     header: 
      { 'access-control-allow-origin': 'http://localhost:8081',
        'content-type': 'application/json; charset=utf-8' },
     body: undefined } }
[2018-05-29T14:39:12.980] [INFO] response - { method: 'POST',
  url: '/api/downArticle',
  body: { id: '5b0cf35b2d6da768558dfd94' },
  costTime: 2,
  response: 
   { status: 404,
     message: 'Not Found',
     header: 
      { 'access-control-allow-origin': 'http://localhost:8081',
        'content-type': 'application/json; charset=utf-8' },
     body: undefined } }
[2018-05-29T14:39:16.570] [INFO] response - { method: 'POST',
  url: '/api/downArticle',
  body: { id: '5b0cf35b2d6da768558dfd94' },
  costTime: 2,
  response: 
   { status: 404,
     message: 'Not Found',
     header: 
      { 'access-control-allow-origin': 'http://localhost:8081',
        'content-type': 'application/json; charset=utf-8' },
     body: undefined } }
[2018-05-29T14:39:24.641] [INFO] response - { method: 'GET',
  url: '/api/getArticleList',
  body: {},
  costTime: 8,
  response: 
   { status: 200,
     message: 'OK',
     header: 
      { 'access-control-allow-origin': 'http://localhost:8081',
        'content-type': 'application/json; charset=utf-8' },
     body: { status: 200, msg: '获取文章列表成功', data: [Array] } } }
[2018-05-29T14:39:25.446] [INFO] response - { method: 'POST',
  url: '/api/postArticleContent',
  body: { id: '5b0cf35b2d6da768558dfd94' },
  costTime: 4,
  response: 
   { status: 200,
     message: 'OK',
     header: 
      { 'access-control-allow-origin': 'http://localhost:8081',
        'content-type': 'application/json; charset=utf-8' },
     body: { status: 200, data: [Object] } } }
[2018-05-29T14:39:27.125] [INFO] response - { method: 'POST',
  url: '/api/downArticle',
  body: { id: '5b0cf35b2d6da768558dfd94' },
  costTime: 5,
  response: 
   { status: 404,
     message: 'Not Found',
     header: 
      { 'access-control-allow-origin': 'http://localhost:8081',
        'content-type': 'application/json; charset=utf-8' },
     body: undefined } }
[2018-05-29T14:39:33.822] [INFO] response - { method: 'POST',
  url: '/api/downArticle',
  body: { id: '5b0cf35b2d6da768558dfd94' },
  costTime: 3,
  response: 
   { status: 404,
     message: 'Not Found',
     header: 
      { 'access-control-allow-origin': 'http://localhost:8081',
        'content-type': 'application/json; charset=utf-8' },
     body: undefined } }
[2018-05-29T14:39:48.789] [INFO] response - { method: 'POST',
  url: '/api/downArticle',
  body: { id: '5b0cf35b2d6da768558dfd94' },
  costTime: 6,
  response: 
   { status: 404,
     message: 'Not Found',
     header: 
      { 'access-control-allow-origin': 'http://localhost:8081',
        'content-type': 'application/json; charset=utf-8' },
     body: undefined } }
[2018-05-29T14:40:14.011] [INFO] response - { method: 'GET',
  url: '/api/getArticleList',
  body: {},
  costTime: 2,
  response: 
   { status: 200,
     message: 'OK',
     header: 
      { 'access-control-allow-origin': 'http://localhost:8081',
        'content-type': 'application/json; charset=utf-8' },
     body: { status: 200, msg: '获取文章列表成功', data: [Array] } } }
[2018-05-29T14:40:15.472] [INFO] response - { method: 'POST',
  url: '/api/downArticle',
  body: { id: '' },
  costTime: 1,
  response: 
   { status: 404,
     message: 'Not Found',
     header: 
      { 'access-control-allow-origin': 'http://localhost:8081',
        'content-type': 'application/json; charset=utf-8' },
     body: undefined } }
[2018-05-29T14:40:30.785] [INFO] response - { method: 'GET',
  url: '/api/getArticleList',
  body: {},
  costTime: 3,
  response: 
   { status: 200,
     message: 'OK',
     header: 
      { 'access-control-allow-origin': 'http://localhost:8081',
        'content-type': 'application/json; charset=utf-8' },
     body: { status: 200, msg: '获取文章列表成功', data: [Array] } } }
[2018-05-29T14:40:33.851] [INFO] response - { method: 'GET',
  url: '/api/getArticleList',
  body: {},
  costTime: 3,
  response: 
   { status: 200,
     message: 'OK',
     header: 
      { 'access-control-allow-origin': 'http://localhost:8081',
        'content-type': 'application/json; charset=utf-8' },
     body: { status: 200, msg: '获取文章列表成功', data: [Array] } } }
[2018-05-29T14:40:34.634] [INFO] response - { method: 'POST',
  url: '/api/postArticleContent',
  body: { id: '5b0cf35b2d6da768558dfd94' },
  costTime: 2,
  response: 
   { status: 200,
     message: 'OK',
     header: 
      { 'access-control-allow-origin': 'http://localhost:8081',
        'content-type': 'application/json; charset=utf-8' },
     body: { status: 200, data: [Object] } } }
[2018-05-29T14:40:36.340] [INFO] response - { method: 'POST',
  url: '/api/downArticle',
  body: { id: '5b0cf35b2d6da768558dfd94' },
  costTime: 2,
  response: 
   { status: 404,
     message: 'Not Found',
     header: 
      { 'access-control-allow-origin': 'http://localhost:8081',
        'content-type': 'application/json; charset=utf-8' },
     body: undefined } }
[2018-05-29T14:40:42.867] [INFO] response - { method: 'GET',
  url: '/api/getArticleList',
  body: {},
  costTime: 1,
  response: 
   { status: 200,
     message: 'OK',
     header: 
      { 'access-control-allow-origin': 'http://localhost:8081',
        'content-type': 'application/json; charset=utf-8' },
     body: { status: 200, msg: '获取文章列表成功', data: [Array] } } }
[2018-05-29T14:43:30.623] [INFO] response - { method: 'GET',
  url: '/api/getArticleList',
  body: {},
  costTime: 4,
  response: 
   { status: 200,
     message: 'OK',
     header: 
      { 'access-control-allow-origin': 'http://localhost:8081',
        'content-type': 'application/json; charset=utf-8' },
     body: { status: 200, msg: '获取文章列表成功', data: [Array] } } }
[2018-05-29T14:43:36.855] [INFO] response - { method: 'POST',
  url: '/api/postArticleContent',
  body: { id: '5b0cf35b2d6da768558dfd94' },
  costTime: 3,
  response: 
   { status: 200,
     message: 'OK',
     header: 
      { 'access-control-allow-origin': 'http://localhost:8081',
        'content-type': 'application/json; charset=utf-8' },
     body: { status: 200, data: [Object] } } }
[2018-05-29T14:43:38.568] [INFO] response - { method: 'POST',
  url: '/api/downArticle',
  body: { id: '5b0cf35b2d6da768558dfd94' },
  costTime: 2,
  response: 
   { status: 404,
     message: 'Not Found',
     header: 
      { 'access-control-allow-origin': 'http://localhost:8081',
        'content-type': 'application/json; charset=utf-8' },
     body: undefined } }
[2018-05-29T14:44:01.746] [INFO] response - { method: 'GET',
  url: '/api/getArticleList',
  body: {},
  costTime: 2,
  response: 
   { status: 200,
     message: 'OK',
     header: 
      { 'access-control-allow-origin': 'http://localhost:8081',
        'content-type': 'application/json; charset=utf-8' },
     body: { status: 200, msg: '获取文章列表成功', data: [Array] } } }
