[2018-06-12T16:06:05.632] [INFO] response - { method: 'POST',
  url: '/api/login',
  body: { username: '17602004746', password: 'wokaopy123' },
  costTime: 64,
  response: 
   { status: 200,
     message: 'OK',
     header: 
      { 'access-control-allow-origin': 'http://localhost:8082',
        'content-type': 'application/json; charset=utf-8' },
     body: 
      { status: 200,
        success: true,
        token: 'eyJhbGciOiJIUzI1NiIsInR5cCI6IkpXVCJ9.eyJ1c2VfaWQiOiIxNzYwMjAwNDc0NiIsImlhdCI6MTUyODc5MDc2NSwiZXhwIjoxNTI5Mzk1NTY1fQ.bPJ1yUbw748IjjuimnpSmO9s1GV4bt9akwuMGs3RApQ',
        msg: '恭喜主人,登录成功' } } }
[2018-06-12T16:06:07.851] [INFO] response - { method: 'GET',
  url: '/api/getArticleList',
  body: {},
  costTime: 9,
  response: 
   { status: 200,
     message: 'OK',
     header: 
      { 'access-control-allow-origin': 'http://localhost:8082',
        'content-type': 'application/json; charset=utf-8' },
     body: { status: 200, msg: '获取文章列表成功', data: [Array] } } }
[2018-06-12T16:19:42.929] [INFO] response - { method: 'GET',
  url: '/api/getArticleList',
  body: {},
  costTime: 44,
  response: 
   { status: 200,
     message: 'OK',
     header: 
      { 'access-control-allow-origin': 'http://localhost:8082',
        'content-type': 'application/json; charset=utf-8' },
     body: { status: 200, msg: '获取文章列表成功', data: [] } } }
[2018-06-12T16:19:43.685] [INFO] response - { method: 'POST',
  url: '/api/ArticleList',
  body: {},
  costTime: 19,
  response: 
   { status: 200,
     message: 'OK',
     header: 
      { 'access-control-allow-origin': 'http://localhost:8082',
        'content-type': 'application/json; charset=utf-8' },
     body: { status: 200, success: true, data: [Object], msg: '添加成功' } } }
[2018-06-12T16:19:44.358] [INFO] response - { method: 'POST',
  url: '/api/postArticleContent',
  body: { id: '5b1f821ff033d22579c610a4' },
  costTime: 11,
  response: 
   { status: 200,
     message: 'OK',
     header: 
      { 'access-control-allow-origin': 'http://localhost:8082',
        'content-type': 'application/json; charset=utf-8' },
     body: { status: 200, data: [Object] } } }
[2018-06-12T16:26:43.289] [INFO] response - { method: 'POST',
  url: '/api/ArticleList',
  body: {},
  costTime: 19,
  response: 
   { status: 200,
     message: 'OK',
     header: 
      { 'access-control-allow-origin': 'http://localhost:8082',
        'content-type': 'application/json; charset=utf-8' },
     body: { status: 200, success: true, data: [Object], msg: '添加成功' } } }
[2018-06-12T16:26:44.427] [INFO] response - { method: 'POST',
  url: '/api/postArticleContent',
  body: { id: '5b1f83c333738f263a7477d6' },
  costTime: 17,
  response: 
   { status: 200,
     message: 'OK',
     header: 
      { 'access-control-allow-origin': 'http://localhost:8082',
        'content-type': 'application/json; charset=utf-8' },
     body: { status: 200, data: [Object] } } }
[2018-06-12T16:28:35.641] [INFO] response - { method: 'POST',
  url: '/api/postArticleContent',
  body: { id: '5b1f83c333738f263a7477d6' },
  costTime: 19,
  response: 
   { status: 200,
     message: 'OK',
     header: 
      { 'access-control-allow-origin': 'http://localhost:8082',
        'content-type': 'application/json; charset=utf-8' },
     body: { status: 200, data: [Object] } } }
[2018-06-12T16:28:36.190] [INFO] response - { method: 'POST',
  url: '/api/postArticleContent',
  body: { id: '5b1f821ff033d22579c610a4' },
  costTime: 6,
  response: 
   { status: 200,
     message: 'OK',
     header: 
      { 'access-control-allow-origin': 'http://localhost:8082',
        'content-type': 'application/json; charset=utf-8' },
     body: { status: 200, data: [Object] } } }
[2018-06-12T16:28:36.743] [INFO] response - { method: 'POST',
  url: '/api/postArticleContent',
  body: { id: '5b1f83c333738f263a7477d6' },
  costTime: 4,
  response: 
   { status: 200,
     message: 'OK',
     header: 
      { 'access-control-allow-origin': 'http://localhost:8082',
        'content-type': 'application/json; charset=utf-8' },
     body: { status: 200, data: [Object] } } }
[2018-06-12T16:28:43.908] [INFO] response - { method: 'POST',
  url: '/api/postArticleContent',
  body: { id: '5b1f821ff033d22579c610a4' },
  costTime: 5,
  response: 
   { status: 200,
     message: 'OK',
     header: 
      { 'access-control-allow-origin': 'http://localhost:8082',
        'content-type': 'application/json; charset=utf-8' },
     body: { status: 200, data: [Object] } } }
[2018-06-12T16:28:44.414] [INFO] response - { method: 'POST',
  url: '/api/postArticleContent',
  body: { id: '5b1f83c333738f263a7477d6' },
  costTime: 5,
  response: 
   { status: 200,
     message: 'OK',
     header: 
      { 'access-control-allow-origin': 'http://localhost:8082',
        'content-type': 'application/json; charset=utf-8' },
     body: { status: 200, data: [Object] } } }
[2018-06-12T16:28:54.166] [INFO] response - { method: 'POST',
  url: '/api/upArticle',
  body: { id: '5b1f83c333738f263a7477d6' },
  costTime: 20,
  response: 
   { status: 200,
     message: 'OK',
     header: 
      { 'access-control-allow-origin': 'http://localhost:8082',
        'content-type': 'application/json; charset=utf-8' },
     body: { status: 200, msg: '上线成功', data: [Object] } } }
[2018-06-12T16:40:25.535] [INFO] response - { method: 'POST',
  url: '/api/postArticleContent',
  body: { id: '5b1f821ff033d22579c610a4' },
  costTime: 36,
  response: 
   { status: 200,
     message: 'OK',
     header: 
      { 'access-control-allow-origin': 'http://localhost:8082',
        'content-type': 'application/json; charset=utf-8' },
     body: { status: 200, data: [Object] } } }
[2018-06-12T16:40:34.598] [INFO] response - { method: 'POST',
  url: '/api/postArticleContent',
  body: { id: '5b1f83c333738f263a7477d6' },
  costTime: 9,
  response: 
   { status: 200,
     message: 'OK',
     header: 
      { 'access-control-allow-origin': 'http://localhost:8082',
        'content-type': 'application/json; charset=utf-8' },
     body: { status: 200, data: [Object] } } }
[2018-06-12T16:40:36.076] [INFO] response - { method: 'POST',
  url: '/api/postArticleContent',
  body: { id: '5b1f821ff033d22579c610a4' },
  costTime: 3,
  response: 
   { status: 200,
     message: 'OK',
     header: 
      { 'access-control-allow-origin': 'http://localhost:8082',
        'content-type': 'application/json; charset=utf-8' },
     body: { status: 200, data: [Object] } } }
[2018-06-12T16:41:02.646] [INFO] response - { method: 'GET',
  url: '/api/getArticleList',
  body: {},
  costTime: 11,
  response: 
   { status: 200,
     message: 'OK',
     header: 
      { 'access-control-allow-origin': 'http://localhost:8082',
        'content-type': 'application/json; charset=utf-8' },
     body: { status: 200, msg: '获取文章列表成功', data: [] } } }
[2018-06-12T16:41:03.654] [INFO] response - { method: 'POST',
  url: '/api/ArticleList',
  body: {},
  costTime: 20,
  response: 
   { status: 200,
     message: 'OK',
     header: 
      { 'access-control-allow-origin': 'http://localhost:8082',
        'content-type': 'application/json; charset=utf-8' },
     body: { status: 200, success: true, data: [Object], msg: '添加成功' } } }
[2018-06-12T16:41:04.629] [INFO] response - { method: 'POST',
  url: '/api/postArticleContent',
  body: { id: '5b1f871f11903c2673e89d23' },
  costTime: 3,
  response: 
   { status: 200,
     message: 'OK',
     header: 
      { 'access-control-allow-origin': 'http://localhost:8082',
        'content-type': 'application/json; charset=utf-8' },
     body: { status: 200, data: [Object] } } }
[2018-06-12T16:41:17.899] [INFO] response - { method: 'POST',
  url: '/api/upArticle',
  body: { id: '5b1f871f11903c2673e89d23' },
  costTime: 13,
  response: 
   { status: 200,
     message: 'OK',
     header: 
      { 'access-control-allow-origin': 'http://localhost:8082',
        'content-type': 'application/json; charset=utf-8' },
     body: { status: 200, msg: '上线成功', data: [Object] } } }
[2018-06-12T16:42:11.182] [INFO] response - { method: 'POST',
  url: '/api/upArticle',
  body: { id: '5b1f871f11903c2673e89d23' },
  costTime: 26,
  response: 
   { status: 200,
     message: 'OK',
     header: 
      { 'access-control-allow-origin': 'http://localhost:8082',
        'content-type': 'application/json; charset=utf-8' },
     body: { status: 200, msg: '上线成功' } } }
[2018-06-12T16:42:50.058] [INFO] response - { method: 'POST',
  url: '/api/upArticle',
  body: { id: '5b1f871f11903c2673e89d23' },
  costTime: 38,
  response: 
   { status: 200,
     message: 'OK',
     header: 
      { 'access-control-allow-origin': 'http://localhost:8082',
        'content-type': 'application/json; charset=utf-8' },
     body: { status: 200, msg: '上线成功', data: [Object] } } }
[2018-06-12T16:44:13.503] [INFO] response - { method: 'POST',
  url: '/api/upArticle',
  body: { id: '5b1f871f11903c2673e89d23' },
  costTime: 25,
  response: 
   { status: 200,
     message: 'OK',
     header: 
      { 'access-control-allow-origin': 'http://localhost:8082',
        'content-type': 'application/json; charset=utf-8' },
     body: { status: 200, msg: '上线成功', data: [Object] } } }
[2018-06-12T16:44:30.990] [INFO] response - { method: 'POST',
  url: '/api/upArticle',
  body: { id: '5b1f871f11903c2673e89d23' },
  costTime: 9,
  response: 
   { status: 200,
     message: 'OK',
     header: 
      { 'access-control-allow-origin': 'http://localhost:8082',
        'content-type': 'application/json; charset=utf-8' },
     body: { status: 200, msg: '上线成功', data: [Object] } } }
[2018-06-12T16:53:14.492] [INFO] response - { method: 'POST',
  url: '/api/upArticle',
  body: { id: '5b1f871f11903c2673e89d23' },
  costTime: 34,
  response: 
   { status: 200,
     message: 'OK',
     header: 
      { 'access-control-allow-origin': 'http://localhost:8082',
        'content-type': 'application/json; charset=utf-8' },
     body: { status: 200, msg: '上线成功' } } }
[2018-06-12T16:53:41.071] [INFO] response - { method: 'POST',
  url: '/api/upArticle',
  body: { id: '5b1f871f11903c2673e89d23' },
  costTime: 6,
  response: 
   { status: 200,
     message: 'OK',
     header: 
      { 'access-control-allow-origin': 'http://localhost:8082',
        'content-type': 'application/json; charset=utf-8' },
     body: { status: 200, msg: '上线成功' } } }
[2018-06-12T16:53:49.706] [INFO] response - { method: 'GET',
  url: '/api/getArticleList',
  body: {},
  costTime: 19,
  response: 
   { status: 200,
     message: 'OK',
     header: 
      { 'access-control-allow-origin': 'http://localhost:8082',
        'content-type': 'application/json; charset=utf-8' },
     body: { status: 200, msg: '获取文章列表成功', data: [Array] } } }
[2018-06-12T16:53:51.911] [INFO] response - { method: 'POST',
  url: '/api/postArticleContent',
  body: { id: '5b1f871f11903c2673e89d23' },
  costTime: 11,
  response: 
   { status: 200,
     message: 'OK',
     header: 
      { 'access-control-allow-origin': 'http://localhost:8082',
        'content-type': 'application/json; charset=utf-8' },
     body: { status: 200, data: [Object] } } }
[2018-06-12T16:53:53.116] [INFO] response - { method: 'POST',
  url: '/api/upArticle',
  body: { id: '5b1f871f11903c2673e89d23' },
  costTime: 4,
  response: 
   { status: 200,
     message: 'OK',
     header: 
      { 'access-control-allow-origin': 'http://localhost:8082',
        'content-type': 'application/json; charset=utf-8' },
     body: { status: 200, msg: '上线成功' } } }
[2018-06-12T16:55:09.271] [INFO] response - { method: 'POST',
  url: '/api/upArticle',
  body: { id: '5b1f871f11903c2673e89d23' },
  costTime: 19,
  response: 
   { status: 200,
     message: 'OK',
     header: 
      { 'access-control-allow-origin': 'http://localhost:8082',
        'content-type': 'application/json; charset=utf-8' },
     body: { status: 200, msg: '上线成功' } } }
[2018-06-12T16:55:29.630] [INFO] response - { method: 'POST',
  url: '/api/upArticle',
  body: { id: '5b1f871f11903c2673e89d23' },
  costTime: 29,
  response: 
   { status: 200,
     message: 'OK',
     header: 
      { 'access-control-allow-origin': 'http://localhost:8082',
        'content-type': 'application/json; charset=utf-8' },
     body: { status: 200, msg: '上线成功' } } }
[2018-06-12T16:57:20.352] [INFO] response - { method: 'POST',
  url: '/api/upArticle',
  body: { id: '5b1f871f11903c2673e89d23' },
  costTime: 23,
  response: 
   { status: 200,
     message: 'OK',
     header: 
      { 'access-control-allow-origin': 'http://localhost:8082',
        'content-type': 'application/json; charset=utf-8' },
     body: { status: 200, msg: '上线成功' } } }
[2018-06-12T16:57:24.043] [INFO] response - { method: 'POST',
  url: '/api/upArticle',
  body: { id: '5b1f871f11903c2673e89d23' },
  costTime: 5,
  response: 
   { status: 200,
     message: 'OK',
     header: 
      { 'access-control-allow-origin': 'http://localhost:8082',
        'content-type': 'application/json; charset=utf-8' },
     body: { status: 200, msg: '上线成功' } } }
[2018-06-12T16:57:31.783] [INFO] response - { method: 'POST',
  url: '/api/upArticle',
  body: { id: '5b1f871f11903c2673e89d23' },
  costTime: 5,
  response: 
   { status: 200,
     message: 'OK',
     header: 
      { 'access-control-allow-origin': 'http://localhost:8082',
        'content-type': 'application/json; charset=utf-8' },
     body: { status: 200, msg: '上线成功' } } }
[2018-06-12T16:57:33.619] [INFO] response - { method: 'POST',
  url: '/api/postArticleContent',
  body: { id: '5b1f871f11903c2673e89d23' },
  costTime: 21,
  response: 
   { status: 200,
     message: 'OK',
     header: 
      { 'access-control-allow-origin': 'http://localhost:8082',
        'content-type': 'application/json; charset=utf-8' },
     body: { status: 200, data: [Object] } } }
[2018-06-12T16:57:35.055] [INFO] response - { method: 'POST',
  url: '/api/upArticle',
  body: { id: '5b1f871f11903c2673e89d23' },
  costTime: 4,
  response: 
   { status: 200,
     message: 'OK',
     header: 
      { 'access-control-allow-origin': 'http://localhost:8082',
        'content-type': 'application/json; charset=utf-8' },
     body: { status: 200, msg: '上线成功' } } }
[2018-06-12T16:58:29.497] [INFO] response - { method: 'POST',
  url: '/api/upArticle',
  body: { id: '5b1f871f11903c2673e89d23' },
  costTime: 39,
  response: 
   { status: 200,
     message: 'OK',
     header: 
      { 'access-control-allow-origin': 'http://localhost:8082',
        'content-type': 'application/json; charset=utf-8' },
     body: { status: 200, msg: '上线成功' } } }
[2018-06-12T16:58:38.788] [INFO] response - { method: 'POST',
  url: '/api/upArticle',
  body: { id: '5b1f871f11903c2673e89d23' },
  costTime: 7,
  response: 
   { status: 200,
     message: 'OK',
     header: 
      { 'access-control-allow-origin': 'http://localhost:8082',
        'content-type': 'application/json; charset=utf-8' },
     body: { status: 200, msg: '上线成功' } } }
[2018-06-12T16:58:59.265] [INFO] response - { method: 'POST',
  url: '/api/upArticle',
  body: { id: '5b1f871f11903c2673e89d23' },
  costTime: 31,
  response: 
   { status: 200,
     message: 'OK',
     header: 
      { 'access-control-allow-origin': 'http://localhost:8082',
        'content-type': 'application/json; charset=utf-8' },
     body: { status: 200, msg: '上线成功' } } }
[2018-06-12T17:00:30.388] [INFO] response - { method: 'POST',
  url: '/api/upArticle',
  body: { id: '5b1f871f11903c2673e89d23' },
  costTime: 32,
  response: 
   { status: 200,
     message: 'OK',
     header: 
      { 'access-control-allow-origin': 'http://localhost:8082',
        'content-type': 'application/json; charset=utf-8' },
     body: { status: 201, msg: '文章不存在' } } }
[2018-06-12T17:00:57.498] [INFO] response - { method: 'POST',
  url: '/api/upArticle',
  body: { id: '5b1f871f11903c2673e89d23' },
  costTime: 3,
  response: 
   { status: 200,
     message: 'OK',
     header: 
      { 'access-control-allow-origin': 'http://localhost:8082',
        'content-type': 'application/json; charset=utf-8' },
     body: { status: 201, msg: '文章不存在' } } }
[2018-06-12T17:01:17.685] [INFO] response - { method: 'POST',
  url: '/api/upArticle',
  body: { id: '5b1f871f11903c2673e89d23' },
  costTime: 37,
  response: 
   { status: 200,
     message: 'OK',
     header: 
      { 'access-control-allow-origin': 'http://localhost:8082',
        'content-type': 'application/json; charset=utf-8' },
     body: { status: 200, msg: '上线成功' } } }
[2018-06-12T17:01:31.812] [INFO] response - { method: 'POST',
  url: '/api/upArticle',
  body: { id: '5b1f871f11903c2673e89d23' },
  costTime: 5,
  response: 
   { status: 200,
     message: 'OK',
     header: 
      { 'access-control-allow-origin': 'http://localhost:8082',
        'content-type': 'application/json; charset=utf-8' },
     body: { status: 200, msg: '上线成功' } } }
[2018-06-12T17:01:39.101] [INFO] response - { method: 'POST',
  url: '/api/upArticle',
  body: { id: '5b1f871f11903c2673e89d23' },
  costTime: 3,
  response: 
   { status: 200,
     message: 'OK',
     header: 
      { 'access-control-allow-origin': 'http://localhost:8082',
        'content-type': 'application/json; charset=utf-8' },
     body: { status: 200, msg: '上线成功' } } }
[2018-06-12T17:01:51.518] [INFO] response - { method: 'POST',
  url: '/api/upArticle',
  body: { id: '5b1f871f11903c2673e89d23' },
  costTime: 26,
  response: 
   { status: 200,
     message: 'OK',
     header: 
      { 'access-control-allow-origin': 'http://localhost:8082',
        'content-type': 'application/json; charset=utf-8' },
     body: { status: 200, msg: '上线成功' } } }
[2018-06-12T17:02:11.302] [INFO] response - { method: 'POST',
  url: '/api/upArticle',
  body: { id: '5b1f871f11903c2673e89d23' },
  costTime: 6,
  response: 
   { status: 200,
     message: 'OK',
     header: 
      { 'access-control-allow-origin': 'http://localhost:8082',
        'content-type': 'application/json; charset=utf-8' },
     body: { status: 200, msg: '上线成功' } } }
[2018-06-12T17:02:40.775] [INFO] response - { method: 'POST',
  url: '/api/downArticle',
  body: { id: '5b1f871f11903c2673e89d23' },
  costTime: 16,
  response: 
   { status: 404,
     message: 'Not Found',
     header: 
      { 'access-control-allow-origin': 'http://localhost:8082',
        'content-type': 'application/json; charset=utf-8' },
     body: undefined } }
[2018-06-12T17:03:17.265] [INFO] response - { method: 'POST',
  url: '/api/saveArticle',
  body: 
   { title: '新标题',
     content: '123',
     id: '5b1f871f11903c2673e89d23',
     htmlCode: '<p>123</p>\n' },
  costTime: 37,
  response: 
   { status: 200,
     message: 'OK',
     header: 
      { 'access-control-allow-origin': 'http://localhost:8082',
        'content-type': 'application/json; charset=utf-8' },
     body: { status: 200, msg: '保存成功', data: null } } }
[2018-06-12T17:09:03.410] [INFO] response - { method: 'POST',
  url: '/api/upArticle',
  body: { id: '5b1f871f11903c2673e89d23' },
  costTime: 26,
  response: 
   { status: 200,
     message: 'OK',
     header: 
      { 'access-control-allow-origin': 'http://localhost:8082',
        'content-type': 'application/json; charset=utf-8' },
     body: { status: 200, msg: '上线成功' } } }
[2018-06-12T17:47:10.793] [INFO] response - { method: 'GET',
  url: '/api/getArticleList',
  body: {},
  costTime: 19,
  response: 
   { status: 200,
     message: 'OK',
     header: 
      { 'access-control-allow-origin': 'http://localhost:8082',
        'content-type': 'application/json; charset=utf-8' },
     body: { status: 200, msg: '获取文章列表成功', data: [Array] } } }
[2018-06-12T17:47:12.686] [INFO] response - { method: 'POST',
  url: '/api/postArticleContent',
  body: { id: '5b1f871f11903c2673e89d23' },
  costTime: 12,
  response: 
   { status: 200,
     message: 'OK',
     header: 
      { 'access-control-allow-origin': 'http://localhost:8082',
        'content-type': 'application/json; charset=utf-8' },
     body: { status: 200, data: [Object] } } }
