[2018-05-25T10:22:07.177] [INFO] response - { method: 'POST',
  url: '/api/login',
  body: { username: '17602004746', password: 'wokaopy123' },
  costTime: 52,
  response: 
   { status: 200,
     message: 'OK',
     header: 
      { 'access-control-allow-origin': 'http://localhost:8081',
        'content-type': 'application/json; charset=utf-8' },
     body: 
      { status: 200,
        success: true,
        token: 'eyJhbGciOiJIUzI1NiIsInR5cCI6IkpXVCJ9.eyJ1c2VfaWQiOiIxNzYwMjAwNDc0NiIsImlhdCI6MTUyNzIxNDkyNywiZXhwIjoxNTI3ODE5NzI3fQ.OvGr4gJuBdc5syBlQMf0gXp17GK-q0pCVxJceKy7Qzg',
        msg: '恭喜主人,登录成功' } } }
[2018-05-25T10:22:09.731] [INFO] response - { method: 'GET',
  url: '/api/getArticleList',
  body: {},
  costTime: 7,
  response: 
   { status: 200,
     message: 'OK',
     header: 
      { 'access-control-allow-origin': 'http://localhost:8081',
        'content-type': 'application/json; charset=utf-8' },
     body: { status: 200, msg: '获取文章列表成功', data: [Array] } } }
[2018-05-25T10:22:37.616] [INFO] response - { method: 'GET',
  url: '/api/getArticleList',
  body: {},
  costTime: 3,
  response: 
   { status: 200,
     message: 'OK',
     header: 
      { 'access-control-allow-origin': 'http://localhost:8081',
        'content-type': 'application/json; charset=utf-8' },
     body: { status: 200, msg: '获取文章列表成功', data: [Array] } } }
[2018-05-25T10:22:43.830] [INFO] response - { method: 'GET',
  url: '/api/getArticleList',
  body: {},
  costTime: 4,
  response: 
   { status: 200,
     message: 'OK',
     header: 
      { 'access-control-allow-origin': 'http://localhost:8081',
        'content-type': 'application/json; charset=utf-8' },
     body: { status: 200, msg: '获取文章列表成功', data: [Array] } } }
[2018-05-25T10:22:57.700] [INFO] response - { method: 'GET',
  url: '/api/getArticleList',
  body: {},
  costTime: 21,
  response: 
   { status: 200,
     message: 'OK',
     header: 
      { 'access-control-allow-origin': 'http://localhost:8081',
        'content-type': 'application/json; charset=utf-8' },
     body: { status: 200, msg: '获取文章列表成功', data: [Array] } } }
[2018-05-25T10:28:27.299] [INFO] response - { method: 'GET',
  url: '/api/getArticleList',
  body: {},
  costTime: 2,
  response: 
   { status: 200,
     message: 'OK',
     header: 
      { 'access-control-allow-origin': 'http://localhost:8081',
        'content-type': 'application/json; charset=utf-8' },
     body: { status: 200, msg: '获取文章列表成功', data: [Array] } } }
[2018-05-25T10:31:46.183] [INFO] response - { method: 'POST',
  url: '/api/ArticleList',
  body: {},
  costTime: 27,
  response: 
   { status: 200,
     message: 'OK',
     header: 
      { 'access-control-allow-origin': 'http://localhost:8081',
        'content-type': 'application/json; charset=utf-8' },
     body: { status: 200, success: true, data: [Object], msg: '添加成功' } } }
[2018-05-25T10:31:46.295] [INFO] response - { method: 'POST',
  url: '/api/ArticleList',
  body: {},
  costTime: 4,
  response: 
   { status: 200,
     message: 'OK',
     header: 
      { 'access-control-allow-origin': 'http://localhost:8081',
        'content-type': 'application/json; charset=utf-8' },
     body: { status: 200, success: true, data: [Object], msg: '添加成功' } } }
[2018-05-25T10:31:46.470] [INFO] response - { method: 'POST',
  url: '/api/ArticleList',
  body: {},
  costTime: 3,
  response: 
   { status: 200,
     message: 'OK',
     header: 
      { 'access-control-allow-origin': 'http://localhost:8081',
        'content-type': 'application/json; charset=utf-8' },
     body: { status: 200, success: true, data: [Object], msg: '添加成功' } } }
[2018-05-25T10:31:46.639] [INFO] response - { method: 'POST',
  url: '/api/ArticleList',
  body: {},
  costTime: 2,
  response: 
   { status: 200,
     message: 'OK',
     header: 
      { 'access-control-allow-origin': 'http://localhost:8081',
        'content-type': 'application/json; charset=utf-8' },
     body: { status: 200, success: true, data: [Object], msg: '添加成功' } } }
[2018-05-25T10:31:46.815] [INFO] response - { method: 'POST',
  url: '/api/ArticleList',
  body: {},
  costTime: 3,
  response: 
   { status: 200,
     message: 'OK',
     header: 
      { 'access-control-allow-origin': 'http://localhost:8081',
        'content-type': 'application/json; charset=utf-8' },
     body: { status: 200, success: true, data: [Object], msg: '添加成功' } } }
[2018-05-25T10:31:46.986] [INFO] response - { method: 'POST',
  url: '/api/ArticleList',
  body: {},
  costTime: 4,
  response: 
   { status: 200,
     message: 'OK',
     header: 
      { 'access-control-allow-origin': 'http://localhost:8081',
        'content-type': 'application/json; charset=utf-8' },
     body: { status: 200, success: true, data: [Object], msg: '添加成功' } } }
[2018-05-25T10:31:47.164] [INFO] response - { method: 'POST',
  url: '/api/ArticleList',
  body: {},
  costTime: 2,
  response: 
   { status: 200,
     message: 'OK',
     header: 
      { 'access-control-allow-origin': 'http://localhost:8081',
        'content-type': 'application/json; charset=utf-8' },
     body: { status: 200, success: true, data: [Object], msg: '添加成功' } } }
[2018-05-25T10:31:47.334] [INFO] response - { method: 'POST',
  url: '/api/ArticleList',
  body: {},
  costTime: 2,
  response: 
   { status: 200,
     message: 'OK',
     header: 
      { 'access-control-allow-origin': 'http://localhost:8081',
        'content-type': 'application/json; charset=utf-8' },
     body: { status: 200, success: true, data: [Object], msg: '添加成功' } } }
[2018-05-25T10:31:47.499] [INFO] response - { method: 'POST',
  url: '/api/ArticleList',
  body: {},
  costTime: 3,
  response: 
   { status: 200,
     message: 'OK',
     header: 
      { 'access-control-allow-origin': 'http://localhost:8081',
        'content-type': 'application/json; charset=utf-8' },
     body: { status: 200, success: true, data: [Object], msg: '添加成功' } } }
[2018-05-25T10:31:47.668] [INFO] response - { method: 'POST',
  url: '/api/ArticleList',
  body: {},
  costTime: 2,
  response: 
   { status: 200,
     message: 'OK',
     header: 
      { 'access-control-allow-origin': 'http://localhost:8081',
        'content-type': 'application/json; charset=utf-8' },
     body: { status: 200, success: true, data: [Object], msg: '添加成功' } } }
[2018-05-25T10:31:55.965] [INFO] response - { method: 'POST',
  url: '/api/postArticleContent',
  body: { id: '5b068cfcd3c8fc5271811634' },
  costTime: 6,
  response: 
   { status: 200,
     message: 'OK',
     header: 
      { 'access-control-allow-origin': 'http://localhost:8081',
        'content-type': 'application/json; charset=utf-8' },
     body: { status: 200, data: [Object] } } }
[2018-05-25T10:32:00.019] [INFO] response - { method: 'POST',
  url: '/api/deleteArticle',
  body: { id: '5b068cfcd3c8fc5271811634' },
  costTime: 8,
  response: 
   { status: 200,
     message: 'OK',
     header: 
      { 'access-control-allow-origin': 'http://localhost:8081',
        'content-type': 'application/json; charset=utf-8' },
     body: { status: 200, msg: '\b文章删除成功' } } }
[2018-05-25T10:32:01.611] [INFO] response - { method: 'POST',
  url: '/api/postArticleContent',
  body: { id: '5b077592388340bc4945e7dd' },
  costTime: 6,
  response: 
   { status: 200,
     message: 'OK',
     header: 
      { 'access-control-allow-origin': 'http://localhost:8081',
        'content-type': 'application/json; charset=utf-8' },
     body: { status: 200, data: [Object] } } }
[2018-05-25T10:32:04.424] [INFO] response - { method: 'POST',
  url: '/api/deleteArticle',
  body: { id: '5b077592388340bc4945e7dd' },
  costTime: 2,
  response: 
   { status: 200,
     message: 'OK',
     header: 
      { 'access-control-allow-origin': 'http://localhost:8081',
        'content-type': 'application/json; charset=utf-8' },
     body: { status: 200, msg: '\b文章删除成功' } } }
[2018-05-25T10:32:05.964] [INFO] response - { method: 'POST',
  url: '/api/postArticleContent',
  body: { id: '5b068d5af896b253aed6be6c' },
  costTime: 2,
  response: 
   { status: 200,
     message: 'OK',
     header: 
      { 'access-control-allow-origin': 'http://localhost:8081',
        'content-type': 'application/json; charset=utf-8' },
     body: { status: 200, data: [Object] } } }
[2018-05-25T10:32:10.247] [INFO] response - { method: 'GET',
  url: '/api/getArticleList',
  body: {},
  costTime: 3,
  response: 
   { status: 200,
     message: 'OK',
     header: 
      { 'access-control-allow-origin': 'http://localhost:8081',
        'content-type': 'application/json; charset=utf-8' },
     body: { status: 200, msg: '获取文章列表成功', data: [Array] } } }
[2018-05-25T10:32:12.115] [INFO] response - { method: 'POST',
  url: '/api/postArticleContent',
  body: { id: '5b068d5af896b253aed6be6c' },
  costTime: 2,
  response: 
   { status: 200,
     message: 'OK',
     header: 
      { 'access-control-allow-origin': 'http://localhost:8081',
        'content-type': 'application/json; charset=utf-8' },
     body: { status: 200, data: [Object] } } }
[2018-05-25T10:32:14.196] [INFO] response - { method: 'POST',
  url: '/api/deleteArticle',
  body: { id: '5b068d5af896b253aed6be6c' },
  costTime: 3,
  response: 
   { status: 200,
     message: 'OK',
     header: 
      { 'access-control-allow-origin': 'http://localhost:8081',
        'content-type': 'application/json; charset=utf-8' },
     body: { status: 200, msg: '\b文章删除成功' } } }
[2018-05-25T10:32:15.135] [INFO] response - { method: 'POST',
  url: '/api/postArticleContent',
  body: { id: '5b077592388340bc4945e7df' },
  costTime: 2,
  response: 
   { status: 200,
     message: 'OK',
     header: 
      { 'access-control-allow-origin': 'http://localhost:8081',
        'content-type': 'application/json; charset=utf-8' },
     body: { status: 200, data: [Object] } } }
[2018-05-25T10:32:16.779] [INFO] response - { method: 'POST',
  url: '/api/deleteArticle',
  body: { id: '5b077592388340bc4945e7df' },
  costTime: 4,
  response: 
   { status: 200,
     message: 'OK',
     header: 
      { 'access-control-allow-origin': 'http://localhost:8081',
        'content-type': 'application/json; charset=utf-8' },
     body: { status: 200, msg: '\b文章删除成功' } } }
[2018-05-25T10:32:17.620] [INFO] response - { method: 'POST',
  url: '/api/postArticleContent',
  body: { id: '5b077592388340bc4945e7e0' },
  costTime: 3,
  response: 
   { status: 200,
     message: 'OK',
     header: 
      { 'access-control-allow-origin': 'http://localhost:8081',
        'content-type': 'application/json; charset=utf-8' },
     body: { status: 200, data: [Object] } } }
[2018-05-25T10:32:19.189] [INFO] response - { method: 'POST',
  url: '/api/deleteArticle',
  body: { id: '5b077592388340bc4945e7e0' },
  costTime: 5,
  response: 
   { status: 200,
     message: 'OK',
     header: 
      { 'access-control-allow-origin': 'http://localhost:8081',
        'content-type': 'application/json; charset=utf-8' },
     body: { status: 200, msg: '\b文章删除成功' } } }
[2018-05-25T10:32:19.954] [INFO] response - { method: 'POST',
  url: '/api/postArticleContent',
  body: { id: '5b077592388340bc4945e7e2' },
  costTime: 2,
  response: 
   { status: 200,
     message: 'OK',
     header: 
      { 'access-control-allow-origin': 'http://localhost:8081',
        'content-type': 'application/json; charset=utf-8' },
     body: { status: 200, data: [Object] } } }
[2018-05-25T10:32:21.425] [INFO] response - { method: 'POST',
  url: '/api/deleteArticle',
  body: { id: '5b077592388340bc4945e7e2' },
  costTime: 3,
  response: 
   { status: 200,
     message: 'OK',
     header: 
      { 'access-control-allow-origin': 'http://localhost:8081',
        'content-type': 'application/json; charset=utf-8' },
     body: { status: 200, msg: '\b文章删除成功' } } }
[2018-05-25T10:32:22.224] [INFO] response - { method: 'POST',
  url: '/api/postArticleContent',
  body: { id: '5b077593388340bc4945e7e3' },
  costTime: 4,
  response: 
   { status: 200,
     message: 'OK',
     header: 
      { 'access-control-allow-origin': 'http://localhost:8081',
        'content-type': 'application/json; charset=utf-8' },
     body: { status: 200, data: [Object] } } }
[2018-05-25T10:32:23.633] [INFO] response - { method: 'POST',
  url: '/api/deleteArticle',
  body: { id: '5b077593388340bc4945e7e3' },
  costTime: 4,
  response: 
   { status: 200,
     message: 'OK',
     header: 
      { 'access-control-allow-origin': 'http://localhost:8081',
        'content-type': 'application/json; charset=utf-8' },
     body: { status: 200, msg: '\b文章删除成功' } } }
[2018-05-25T10:32:24.407] [INFO] response - { method: 'POST',
  url: '/api/postArticleContent',
  body: { id: '5b077593388340bc4945e7e4' },
  costTime: 3,
  response: 
   { status: 200,
     message: 'OK',
     header: 
      { 'access-control-allow-origin': 'http://localhost:8081',
        'content-type': 'application/json; charset=utf-8' },
     body: { status: 200, data: [Object] } } }
[2018-05-25T10:32:25.750] [INFO] response - { method: 'POST',
  url: '/api/deleteArticle',
  body: { id: '5b077593388340bc4945e7e4' },
  costTime: 4,
  response: 
   { status: 200,
     message: 'OK',
     header: 
      { 'access-control-allow-origin': 'http://localhost:8081',
        'content-type': 'application/json; charset=utf-8' },
     body: { status: 200, msg: '\b文章删除成功' } } }
[2018-05-25T10:32:26.428] [INFO] response - { method: 'POST',
  url: '/api/postArticleContent',
  body: { id: '5b077592388340bc4945e7de' },
  costTime: 3,
  response: 
   { status: 200,
     message: 'OK',
     header: 
      { 'access-control-allow-origin': 'http://localhost:8081',
        'content-type': 'application/json; charset=utf-8' },
     body: { status: 200, data: [Object] } } }
[2018-05-25T10:32:27.910] [INFO] response - { method: 'POST',
  url: '/api/deleteArticle',
  body: { id: '5b077592388340bc4945e7de' },
  costTime: 5,
  response: 
   { status: 200,
     message: 'OK',
     header: 
      { 'access-control-allow-origin': 'http://localhost:8081',
        'content-type': 'application/json; charset=utf-8' },
     body: { status: 200, msg: '\b文章删除成功' } } }
[2018-05-25T10:32:28.611] [INFO] response - { method: 'POST',
  url: '/api/postArticleContent',
  body: { id: '5b077592388340bc4945e7e1' },
  costTime: 3,
  response: 
   { status: 200,
     message: 'OK',
     header: 
      { 'access-control-allow-origin': 'http://localhost:8081',
        'content-type': 'application/json; charset=utf-8' },
     body: { status: 200, data: [Object] } } }
[2018-05-25T10:32:30.161] [INFO] response - { method: 'POST',
  url: '/api/deleteArticle',
  body: { id: '5b077592388340bc4945e7e1' },
  costTime: 3,
  response: 
   { status: 200,
     message: 'OK',
     header: 
      { 'access-control-allow-origin': 'http://localhost:8081',
        'content-type': 'application/json; charset=utf-8' },
     body: { status: 200, msg: '\b文章删除成功' } } }
[2018-05-25T10:32:30.934] [INFO] response - { method: 'POST',
  url: '/api/postArticleContent',
  body: { id: '5b077593388340bc4945e7e5' },
  costTime: 6,
  response: 
   { status: 200,
     message: 'OK',
     header: 
      { 'access-control-allow-origin': 'http://localhost:8081',
        'content-type': 'application/json; charset=utf-8' },
     body: { status: 200, data: [Object] } } }
[2018-05-25T10:32:56.197] [INFO] response - { method: 'GET',
  url: '/api/getArticleList',
  body: {},
  costTime: 3,
  response: 
   { status: 200,
     message: 'OK',
     header: 
      { 'access-control-allow-origin': 'http://localhost:8081',
        'content-type': 'application/json; charset=utf-8' },
     body: { status: 200, msg: '获取文章列表成功', data: [Array] } } }
[2018-05-25T10:32:57.797] [INFO] response - { method: 'POST',
  url: '/api/postArticleContent',
  body: { id: '5b077593388340bc4945e7e6' },
  costTime: 4,
  response: 
   { status: 200,
     message: 'OK',
     header: 
      { 'access-control-allow-origin': 'http://localhost:8081',
        'content-type': 'application/json; charset=utf-8' },
     body: { status: 200, data: [Object] } } }
[2018-05-25T10:32:58.306] [INFO] response - { method: 'POST',
  url: '/api/postArticleContent',
  body: { id: '5b077593388340bc4945e7e5' },
  costTime: 4,
  response: 
   { status: 200,
     message: 'OK',
     header: 
      { 'access-control-allow-origin': 'http://localhost:8081',
        'content-type': 'application/json; charset=utf-8' },
     body: { status: 200, data: [Object] } } }
[2018-05-25T10:32:59.200] [INFO] response - { method: 'POST',
  url: '/api/postArticleContent',
  body: { id: '5b077593388340bc4945e7e6' },
  costTime: 3,
  response: 
   { status: 200,
     message: 'OK',
     header: 
      { 'access-control-allow-origin': 'http://localhost:8081',
        'content-type': 'application/json; charset=utf-8' },
     body: { status: 200, data: [Object] } } }
[2018-05-25T10:32:59.731] [INFO] response - { method: 'POST',
  url: '/api/postArticleContent',
  body: { id: '5b077593388340bc4945e7e5' },
  costTime: 4,
  response: 
   { status: 200,
     message: 'OK',
     header: 
      { 'access-control-allow-origin': 'http://localhost:8081',
        'content-type': 'application/json; charset=utf-8' },
     body: { status: 200, data: [Object] } } }
[2018-05-25T10:34:33.594] [INFO] response - { method: 'POST',
  url: '/api/postArticleContent',
  body: { id: '5b077593388340bc4945e7e6' },
  costTime: 4,
  response: 
   { status: 200,
     message: 'OK',
     header: 
      { 'access-control-allow-origin': 'http://localhost:8081',
        'content-type': 'application/json; charset=utf-8' },
     body: { status: 200, data: [Object] } } }
[2018-05-25T10:34:34.155] [INFO] response - { method: 'POST',
  url: '/api/postArticleContent',
  body: { id: '5b077593388340bc4945e7e5' },
  costTime: 4,
  response: 
   { status: 200,
     message: 'OK',
     header: 
      { 'access-control-allow-origin': 'http://localhost:8081',
        'content-type': 'application/json; charset=utf-8' },
     body: { status: 200, data: [Object] } } }
[2018-05-25T15:03:06.803] [INFO] response - { method: 'GET',
  url: '/api/getArticleList',
  body: {},
  costTime: 10,
  response: 
   { status: 200,
     message: 'OK',
     header: 
      { 'access-control-allow-origin': 'http://localhost:8081',
        'content-type': 'application/json; charset=utf-8' },
     body: { status: 200, msg: '获取文章列表成功', data: [] } } }
[2018-05-25T15:03:07.939] [INFO] response - { method: 'POST',
  url: '/api/ArticleList',
  body: {},
  costTime: 11,
  response: 
   { status: 200,
     message: 'OK',
     header: 
      { 'access-control-allow-origin': 'http://localhost:8081',
        'content-type': 'application/json; charset=utf-8' },
     body: { status: 200, success: true, data: [Object], msg: '添加成功' } } }
[2018-05-25T15:03:09.975] [INFO] response - { method: 'POST',
  url: '/api/postArticleContent',
  body: { id: '5b07b52b388340bc4945e7e7' },
  costTime: 2,
  response: 
   { status: 200,
     message: 'OK',
     header: 
      { 'access-control-allow-origin': 'http://localhost:8081',
        'content-type': 'application/json; charset=utf-8' },
     body: { status: 200, data: [Object] } } }
[2018-05-25T15:03:11.326] [INFO] response - { method: 'POST',
  url: '/api/upArticle',
  body: 
   { id: '5b07b52b388340bc4945e7e7',
     title: '新标题',
     creatTime: '2018-05-25 15:03',
     content: ' ' },
  costTime: 4,
  response: 
   { status: 200,
     message: 'OK',
     header: 
      { 'access-control-allow-origin': 'http://localhost:8081',
        'content-type': 'application/json; charset=utf-8' },
     body: { status: 200, success: true, data: [Object], msg: '发布成功' } } }
[2018-05-25T15:11:02.372] [INFO] response - { method: 'POST',
  url: '/api/deleteArticle',
  body: { id: '5b07b52b388340bc4945e7e7' },
  costTime: 12,
  response: 
   { status: 200,
     message: 'OK',
     header: 
      { 'access-control-allow-origin': 'http://localhost:8081',
        'content-type': 'application/json; charset=utf-8' },
     body: { status: 200, msg: '\b文章删除成功' } } }
[2018-05-25T15:12:03.489] [INFO] response - { method: 'GET',
  url: '/api/getArticleList',
  body: {},
  costTime: 21,
  response: 
   { status: 200,
     message: 'OK',
     header: 
      { 'access-control-allow-origin': 'http://localhost:8081',
        'content-type': 'application/json; charset=utf-8' },
     body: { status: 200, msg: '获取文章列表成功', data: [] } } }
[2018-05-25T15:13:18.081] [INFO] response - { method: 'POST',
  url: '/api/ArticleList',
  body: {},
  costTime: 35,
  response: 
   { status: 200,
     message: 'OK',
     header: 
      { 'access-control-allow-origin': 'http://localhost:8081',
        'content-type': 'application/json; charset=utf-8' },
     body: { status: 200, success: true, data: [Object], msg: '添加成功' } } }
[2018-05-25T15:13:19.868] [INFO] response - { method: 'POST',
  url: '/api/postArticleContent',
  body: { id: '5b07b78e85b4a2061b4c8a8a' },
  costTime: 34,
  response: 
   { status: 200,
     message: 'OK',
     header: 
      { 'access-control-allow-origin': 'http://localhost:8081',
        'content-type': 'application/json; charset=utf-8' },
     body: { status: 200, data: [Object] } } }
[2018-05-25T15:13:25.469] [INFO] response - { method: 'POST',
  url: '/api/deleteArticle',
  body: { id: '5b07b78e85b4a2061b4c8a8a' },
  costTime: 9,
  response: 
   { status: 200,
     message: 'OK',
     header: 
      { 'access-control-allow-origin': 'http://localhost:8081',
        'content-type': 'application/json; charset=utf-8' },
     body: { status: 200, msg: '\b文章删除成功' } } }
[2018-05-25T15:13:50.059] [INFO] response - { method: 'POST',
  url: '/api/ArticleList',
  body: {},
  costTime: 4,
  response: 
   { status: 200,
     message: 'OK',
     header: 
      { 'access-control-allow-origin': 'http://localhost:8081',
        'content-type': 'application/json; charset=utf-8' },
     body: { status: 200, success: true, data: [Object], msg: '添加成功' } } }
[2018-05-25T15:13:52.378] [INFO] response - { method: 'POST',
  url: '/api/postArticleContent',
  body: { id: '5b07b7ae85b4a2061b4c8a8b' },
  costTime: 9,
  response: 
   { status: 200,
     message: 'OK',
     header: 
      { 'access-control-allow-origin': 'http://localhost:8081',
        'content-type': 'application/json; charset=utf-8' },
     body: { status: 200, data: [Object] } } }
[2018-05-25T15:14:12.620] [INFO] response - { method: 'POST',
  url: '/api/deleteArticle',
  body: { id: '5b07b7ae85b4a2061b4c8a8b' },
  costTime: 14,
  response: 
   { status: 200,
     message: 'OK',
     header: 
      { 'access-control-allow-origin': 'http://localhost:8081',
        'content-type': 'application/json; charset=utf-8' },
     body: { status: 200, msg: '\b文章删除成功' } } }
[2018-05-25T15:14:29.833] [INFO] response - { method: 'POST',
  url: '/api/ArticleList',
  body: {},
  costTime: 5,
  response: 
   { status: 200,
     message: 'OK',
     header: 
      { 'access-control-allow-origin': 'http://localhost:8081',
        'content-type': 'application/json; charset=utf-8' },
     body: { status: 200, success: true, data: [Object], msg: '添加成功' } } }
[2018-05-25T15:14:30.477] [INFO] response - { method: 'POST',
  url: '/api/postArticleContent',
  body: { id: '5b07b7d585b4a2061b4c8a8c' },
  costTime: 7,
  response: 
   { status: 200,
     message: 'OK',
     header: 
      { 'access-control-allow-origin': 'http://localhost:8081',
        'content-type': 'application/json; charset=utf-8' },
     body: { status: 200, data: [Object] } } }
[2018-05-25T15:14:32.034] [INFO] response - { method: 'POST',
  url: '/api/upArticle',
  body: 
   { id: '5b07b7d585b4a2061b4c8a8c',
     title: '新标题',
     creatTime: '2018-05-25 15:14',
     content: ' ' },
  costTime: 6,
  response: 
   { status: 200,
     message: 'OK',
     header: 
      { 'access-control-allow-origin': 'http://localhost:8081',
        'content-type': 'application/json; charset=utf-8' },
     body: { status: 200, success: true, data: [Object], msg: '发布成功' } } }
[2018-05-25T15:14:39.793] [INFO] response - { method: 'POST',
  url: '/api/deleteArticle',
  body: { id: '5b07b7d585b4a2061b4c8a8c' },
  costTime: 12,
  response: 
   { status: 200,
     message: 'OK',
     header: 
      { 'access-control-allow-origin': 'http://localhost:8081',
        'content-type': 'application/json; charset=utf-8' },
     body: { status: 200, msg: '\b文章删除成功' } } }
[2018-05-25T15:14:54.387] [INFO] response - { method: 'POST',
  url: '/api/ArticleList',
  body: {},
  costTime: 3,
  response: 
   { status: 200,
     message: 'OK',
     header: 
      { 'access-control-allow-origin': 'http://localhost:8081',
        'content-type': 'application/json; charset=utf-8' },
     body: { status: 200, success: true, data: [Object], msg: '添加成功' } } }
[2018-05-25T15:14:55.468] [INFO] response - { method: 'POST',
  url: '/api/postArticleContent',
  body: { id: '5b07b7ee85b4a2061b4c8a8d' },
  costTime: 4,
  response: 
   { status: 200,
     message: 'OK',
     header: 
      { 'access-control-allow-origin': 'http://localhost:8081',
        'content-type': 'application/json; charset=utf-8' },
     body: { status: 200, data: [Object] } } }
[2018-05-25T15:14:56.682] [INFO] response - { method: 'POST',
  url: '/api/upArticle',
  body: 
   { id: '5b07b7ee85b4a2061b4c8a8d',
     title: '新标题',
     creatTime: '2018-05-25 15:14',
     content: ' ' },
  costTime: 4,
  response: 
   { status: 200,
     message: 'OK',
     header: 
      { 'access-control-allow-origin': 'http://localhost:8081',
        'content-type': 'application/json; charset=utf-8' },
     body: { status: 200, success: true, data: [Object], msg: '发布成功' } } }
[2018-05-25T15:15:07.858] [INFO] response - { method: 'POST',
  url: '/api/deleteArticle',
  body: { id: '5b07b7ee85b4a2061b4c8a8d' },
  costTime: 25,
  response: 
   { status: 200,
     message: 'OK',
     header: 
      { 'access-control-allow-origin': 'http://localhost:8081',
        'content-type': 'application/json; charset=utf-8' },
     body: { status: 200, msg: '\b文章删除成功' } } }
