[2018-05-23T16:37:28.353] [INFO] response - { method: 'POST',
  url: '/api/login',
  body: { username: '17602004746', password: 'wokaopy123' },
  costTime: 70,
  response: 
   { status: 200,
     message: 'OK',
     header: 
      { 'access-control-allow-origin': 'http://localhost:8081',
        'content-type': 'application/json; charset=utf-8' },
     body: 
      { status: 200,
        success: true,
        token: 'eyJhbGciOiJIUzI1NiIsInR5cCI6IkpXVCJ9.eyJ1c2VfaWQiOiIxNzYwMjAwNDc0NiIsImlhdCI6MTUyNzA2NDY0OCwiZXhwIjoxNTI3NjY5NDQ4fQ.BRVcfgrSBBAjMrS4_MH-OTww1Jj4hi7A1-6KIExrMNQ',
        msg: '恭喜主人,登录成功' } } }
[2018-05-23T16:51:47.811] [INFO] response - { method: 'POST',
  url: '/api/login',
  body: { username: '13016220642', password: '123456789' },
  costTime: 20,
  response: 
   { status: 200,
     message: 'OK',
     header: 
      { 'access-control-allow-origin': 'http://localhost:8081',
        'content-type': 'application/json; charset=utf-8' },
     body: { success: false, msg: '你不是管理员噢，请勿登录。' } } }
[2018-05-23T17:05:01.094] [INFO] response - { method: 'POST',
  url: '/api/login',
  body: { username: '17602004746', password: 'wokaopy123' },
  costTime: 90,
  response: 
   { status: 200,
     message: 'OK',
     header: 
      { 'access-control-allow-origin': 'http://localhost:8081',
        'content-type': 'application/json; charset=utf-8' },
     body: 
      { status: 200,
        success: true,
        token: 'eyJhbGciOiJIUzI1NiIsInR5cCI6IkpXVCJ9.eyJ1c2VfaWQiOiIxNzYwMjAwNDc0NiIsImlhdCI6MTUyNzA2NjMwMSwiZXhwIjoxNTI3NjcxMTAxfQ.N-9Ptni9mkACoArYID9bVYb30PRyQjgIhYHX4Sgb3VU',
        msg: '恭喜主人,登录成功' } } }
[2018-05-23T17:05:02.957] [INFO] response - { method: 'GET',
  url: '/api/getArticleList',
  body: {},
  costTime: 16,
  response: 
   { status: 200,
     message: 'OK',
     header: 
      { 'access-control-allow-origin': 'http://localhost:8081',
        'content-type': 'application/json; charset=utf-8' },
     body: { status: 200, msg: '获取文章列表成功', data: [Array] } } }
[2018-05-23T17:05:05.157] [INFO] response - { method: 'POST',
  url: '/api/postArticleContent',
  body: { id: '5afa9c4eec988955bcf0efc2' },
  costTime: 12,
  response: 
   { status: 200,
     message: 'OK',
     header: 
      { 'access-control-allow-origin': 'http://localhost:8081',
        'content-type': 'application/json; charset=utf-8' },
     body: { status: 200, data: [Object] } } }
[2018-05-23T17:22:08.894] [INFO] response - { method: 'GET',
  url: '/api/getArticleList',
  body: {},
  costTime: 30,
  response: 
   { status: 200,
     message: 'OK',
     header: 
      { 'access-control-allow-origin': 'http://localhost:8081',
        'content-type': 'application/json; charset=utf-8' },
     body: { status: 200, msg: '获取文章列表成功', data: [Array] } } }
[2018-05-23T17:22:10.368] [INFO] response - { method: 'POST',
  url: '/api/postArticleContent',
  body: { id: '5afa9c4eec988955bcf0efc2' },
  costTime: 21,
  response: 
   { status: 200,
     message: 'OK',
     header: 
      { 'access-control-allow-origin': 'http://localhost:8081',
        'content-type': 'application/json; charset=utf-8' },
     body: { status: 200, data: [Object] } } }
[2018-05-23T17:22:11.484] [INFO] response - { method: 'POST',
  url: '/api/postArticleContent',
  body: { id: '5afd315ee53b923d4cd09252' },
  costTime: 24,
  response: 
   { status: 200,
     message: 'OK',
     header: 
      { 'access-control-allow-origin': 'http://localhost:8081',
        'content-type': 'application/json; charset=utf-8' },
     body: { status: 200, data: [Object] } } }
[2018-05-23T17:22:12.051] [INFO] response - { method: 'POST',
  url: '/api/postArticleContent',
  body: { id: '5afbe8362f36f2a985b2fd00' },
  costTime: 4,
  response: 
   { status: 200,
     message: 'OK',
     header: 
      { 'access-control-allow-origin': 'http://localhost:8081',
        'content-type': 'application/json; charset=utf-8' },
     body: { status: 200, data: [Object] } } }
[2018-05-23T17:22:12.716] [INFO] response - { method: 'POST',
  url: '/api/postArticleContent',
  body: { id: '5afd31d8f228fe7b05b67e00' },
  costTime: 7,
  response: 
   { status: 200,
     message: 'OK',
     header: 
      { 'access-control-allow-origin': 'http://localhost:8081',
        'content-type': 'application/json; charset=utf-8' },
     body: { status: 200, data: [Object] } } }
[2018-05-23T17:22:13.250] [INFO] response - { method: 'POST',
  url: '/api/postArticleContent',
  body: { id: '5afe9ecd5d8b8b075dfab9f0' },
  costTime: 4,
  response: 
   { status: 200,
     message: 'OK',
     header: 
      { 'access-control-allow-origin': 'http://localhost:8081',
        'content-type': 'application/json; charset=utf-8' },
     body: { status: 200, data: [Object] } } }
[2018-05-23T17:22:13.815] [INFO] response - { method: 'POST',
  url: '/api/postArticleContent',
  body: { id: '5b03c91904f97674c3c1989d' },
  costTime: 5,
  response: 
   { status: 200,
     message: 'OK',
     header: 
      { 'access-control-allow-origin': 'http://localhost:8081',
        'content-type': 'application/json; charset=utf-8' },
     body: { status: 200, data: [Object] } } }
[2018-05-23T17:22:14.438] [INFO] response - { method: 'POST',
  url: '/api/postArticleContent',
  body: { id: '5afd315ee53b923d4cd09252' },
  costTime: 6,
  response: 
   { status: 200,
     message: 'OK',
     header: 
      { 'access-control-allow-origin': 'http://localhost:8081',
        'content-type': 'application/json; charset=utf-8' },
     body: { status: 200, data: [Object] } } }
[2018-05-23T17:22:15.129] [INFO] response - { method: 'POST',
  url: '/api/postArticleContent',
  body: { id: '5afa9c4eec988955bcf0efc2' },
  costTime: 11,
  response: 
   { status: 200,
     message: 'OK',
     header: 
      { 'access-control-allow-origin': 'http://localhost:8081',
        'content-type': 'application/json; charset=utf-8' },
     body: { status: 200, data: [Object] } } }
[2018-05-23T17:22:16.766] [INFO] response - { method: 'POST',
  url: '/api/deleteArticle',
  body: {},
  costTime: 2,
  response: 
   { status: 404,
     message: 'Not Found',
     header: 
      { 'access-control-allow-origin': 'http://localhost:8081',
        'content-type': 'application/json; charset=utf-8' },
     body: undefined } }
[2018-05-23T17:32:36.734] [INFO] response - { method: 'GET',
  url: '/api/getArticleList',
  body: {},
  costTime: 33,
  response: 
   { status: 200,
     message: 'OK',
     header: 
      { 'access-control-allow-origin': 'http://localhost:8081',
        'content-type': 'application/json; charset=utf-8' },
     body: { status: 200, msg: '获取文章列表成功', data: [Array] } } }
[2018-05-23T17:32:37.917] [INFO] response - { method: 'POST',
  url: '/api/postArticleContent',
  body: { id: '5afa9c4eec988955bcf0efc2' },
  costTime: 18,
  response: 
   { status: 200,
     message: 'OK',
     header: 
      { 'access-control-allow-origin': 'http://localhost:8081',
        'content-type': 'application/json; charset=utf-8' },
     body: { status: 200, data: [Object] } } }
[2018-05-23T17:32:49.948] [INFO] response - { method: 'POST',
  url: '/api/deleteArticle',
  body: {},
  costTime: 30,
  response: 
   { status: 404,
     message: 'Not Found',
     header: 
      { 'access-control-allow-origin': 'http://localhost:8081',
        'content-type': 'application/json; charset=utf-8' },
     body: undefined } }
[2018-05-23T17:33:17.488] [INFO] response - { method: 'POST',
  url: '/api/deleteArticle',
  body: {},
  costTime: 25,
  response: 
   { status: 404,
     message: 'Not Found',
     header: 
      { 'access-control-allow-origin': 'http://localhost:8081',
        'content-type': 'application/json; charset=utf-8' },
     body: undefined } }
[2018-05-23T17:34:19.336] [INFO] response - { method: 'GET',
  url: '/api/getArticleList',
  body: {},
  costTime: 28,
  response: 
   { status: 200,
     message: 'OK',
     header: 
      { 'access-control-allow-origin': 'http://localhost:8081',
        'content-type': 'application/json; charset=utf-8' },
     body: { status: 200, msg: '获取文章列表成功', data: [Array] } } }
[2018-05-23T17:34:20.284] [INFO] response - { method: 'POST',
  url: '/api/postArticleContent',
  body: { id: '5afd315ee53b923d4cd09252' },
  costTime: 13,
  response: 
   { status: 200,
     message: 'OK',
     header: 
      { 'access-control-allow-origin': 'http://localhost:8081',
        'content-type': 'application/json; charset=utf-8' },
     body: { status: 200, data: [Object] } } }
[2018-05-23T17:34:23.133] [INFO] response - { method: 'POST',
  url: '/api/deleteArticle',
  body: {},
  costTime: 9,
  response: 
   { status: 200,
     message: 'OK',
     header: 
      { 'access-control-allow-origin': 'http://localhost:8081',
        'content-type': 'application/json; charset=utf-8' },
     body: { status: 200, msg: '删除成功' } } }
[2018-05-23T17:35:08.456] [INFO] response - { method: 'GET',
  url: '/api/getArticleList',
  body: {},
  costTime: 26,
  response: 
   { status: 200,
     message: 'OK',
     header: 
      { 'access-control-allow-origin': 'http://localhost:8081',
        'content-type': 'application/json; charset=utf-8' },
     body: { status: 200, msg: '获取文章列表成功', data: [Array] } } }
[2018-05-23T17:35:11.388] [INFO] response - { method: 'POST',
  url: '/api/postArticleContent',
  body: { id: '5afd315ee53b923d4cd09252' },
  costTime: 14,
  response: 
   { status: 200,
     message: 'OK',
     header: 
      { 'access-control-allow-origin': 'http://localhost:8081',
        'content-type': 'application/json; charset=utf-8' },
     body: { status: 200, data: [Object] } } }
[2018-05-23T17:35:11.968] [INFO] response - { method: 'POST',
  url: '/api/deleteArticle',
  body: { data: { id: '5afd315ee53b923d4cd09252' } },
  costTime: 12,
  response: 
   { status: 200,
     message: 'OK',
     header: 
      { 'access-control-allow-origin': 'http://localhost:8081',
        'content-type': 'application/json; charset=utf-8' },
     body: { status: 200, msg: '删除成功' } } }
[2018-05-23T17:35:49.645] [INFO] response - { method: 'GET',
  url: '/api/getArticleList',
  body: {},
  costTime: 26,
  response: 
   { status: 200,
     message: 'OK',
     header: 
      { 'access-control-allow-origin': 'http://localhost:8081',
        'content-type': 'application/json; charset=utf-8' },
     body: { status: 200, msg: '获取文章列表成功', data: [Array] } } }
[2018-05-23T17:37:31.812] [INFO] response - { method: 'POST',
  url: '/api/postArticleContent',
  body: { id: '5afd315ee53b923d4cd09252' },
  costTime: 33,
  response: 
   { status: 200,
     message: 'OK',
     header: 
      { 'access-control-allow-origin': 'http://localhost:8081',
        'content-type': 'application/json; charset=utf-8' },
     body: { status: 200, data: [Object] } } }
[2018-05-23T17:41:04.591] [INFO] response - { method: 'POST',
  url: '/api/deleteArticle',
  body: { data: { id: '5afd315ee53b923d4cd09252' } },
  costTime: 30,
  response: 
   { status: 404,
     message: 'Not Found',
     header: 
      { 'access-control-allow-origin': 'http://localhost:8081',
        'content-type': 'application/json; charset=utf-8' },
     body: undefined } }
[2018-05-23T17:41:24.589] [INFO] response - { method: 'POST',
  url: '/api/deleteArticle',
  body: { data: { id: '5afd315ee53b923d4cd09252' } },
  costTime: 12,
  response: 
   { status: 404,
     message: 'Not Found',
     header: 
      { 'access-control-allow-origin': 'http://localhost:8081',
        'content-type': 'application/json; charset=utf-8' },
     body: undefined } }
[2018-05-23T17:41:33.678] [INFO] response - { method: 'POST',
  url: '/api/deleteArticle',
  body: { data: { id: '5afd315ee53b923d4cd09252' } },
  costTime: 2,
  response: 
   { status: 404,
     message: 'Not Found',
     header: 
      { 'access-control-allow-origin': 'http://localhost:8081',
        'content-type': 'application/json; charset=utf-8' },
     body: undefined } }
[2018-05-23T17:42:09.989] [INFO] response - { method: 'GET',
  url: '/api/getArticleList',
  body: {},
  costTime: 13,
  response: 
   { status: 200,
     message: 'OK',
     header: 
      { 'access-control-allow-origin': 'http://localhost:8081',
        'content-type': 'application/json; charset=utf-8' },
     body: { status: 200, msg: '获取文章列表成功', data: [Array] } } }
[2018-05-23T17:53:11.659] [INFO] response - { method: 'POST',
  url: '/api/postArticleContent',
  body: { id: '5afbe8362f36f2a985b2fd00' },
  costTime: 34,
  response: 
   { status: 200,
     message: 'OK',
     header: 
      { 'access-control-allow-origin': 'http://localhost:8081',
        'content-type': 'application/json; charset=utf-8' },
     body: { status: 200, data: [Object] } } }
[2018-05-23T17:53:43.018] [INFO] response - { method: 'POST',
  url: '/api/deleteArticle',
  body: { id: '5afbe8362f36f2a985b2fd00' },
  costTime: 26,
  response: 
   { status: 404,
     message: 'Not Found',
     header: 
      { 'access-control-allow-origin': 'http://localhost:8081',
        'content-type': 'application/json; charset=utf-8' },
     body: undefined } }
[2018-05-23T17:54:27.953] [INFO] response - { method: 'POST',
  url: '/api/postArticleContent',
  body: { id: '5afe9ecd5d8b8b075dfab9f0' },
  costTime: 55,
  response: 
   { status: 200,
     message: 'OK',
     header: 
      { 'access-control-allow-origin': 'http://localhost:8081',
        'content-type': 'application/json; charset=utf-8' },
     body: { status: 200, data: [Object] } } }
[2018-05-23T17:54:28.897] [INFO] response - { method: 'POST',
  url: '/api/deleteArticle',
  body: { id: '5afe9ecd5d8b8b075dfab9f0' },
  costTime: 12,
  response: 
   { status: 404,
     message: 'Not Found',
     header: 
      { 'access-control-allow-origin': 'http://localhost:8081',
        'content-type': 'application/json; charset=utf-8' },
     body: undefined } }
[2018-05-23T17:54:38.610] [INFO] response - { method: 'GET',
  url: '/api/getArticleList',
  body: {},
  costTime: 8,
  response: 
   { status: 200,
     message: 'OK',
     header: 
      { 'access-control-allow-origin': 'http://localhost:8081',
        'content-type': 'application/json; charset=utf-8' },
     body: { status: 200, msg: '获取文章列表成功', data: [Array] } } }
[2018-05-23T17:59:01.936] [INFO] response - { method: 'GET',
  url: '/api/getArticleList',
  body: {},
  costTime: 12,
  response: 
   { status: 200,
     message: 'OK',
     header: 
      { 'access-control-allow-origin': 'http://localhost:8081',
        'content-type': 'application/json; charset=utf-8' },
     body: { status: 200, msg: '获取文章列表成功', data: [Array] } } }
[2018-05-23T17:59:17.347] [INFO] response - { method: 'POST',
  url: '/api/postArticleContent',
  body: { id: '5afd315ee53b923d4cd09252' },
  costTime: 29,
  response: 
   { status: 200,
     message: 'OK',
     header: 
      { 'access-control-allow-origin': 'http://localhost:8081',
        'content-type': 'application/json; charset=utf-8' },
     body: { status: 200, data: [Object] } } }
[2018-05-23T17:59:18.138] [INFO] response - { method: 'POST',
  url: '/api/deleteArticle',
  body: { id: 112 },
  costTime: 9,
  response: 
   { status: 404,
     message: 'Not Found',
     header: 
      { 'access-control-allow-origin': 'http://localhost:8081',
        'content-type': 'application/json; charset=utf-8' },
     body: undefined } }
[2018-05-23T17:59:55.348] [INFO] response - { method: 'POST',
  url: '/api/deleteArticle',
  body: { id: 112 },
  costTime: 20,
  response: 
   { status: 404,
     message: 'Not Found',
     header: 
      { 'access-control-allow-origin': 'http://localhost:8081',
        'content-type': 'application/json; charset=utf-8' },
     body: undefined } }
[2018-05-23T18:00:23.406] [INFO] response - { method: 'GET',
  url: '/api/getArticleList',
  body: {},
  costTime: 23,
  response: 
   { status: 200,
     message: 'OK',
     header: 
      { 'access-control-allow-origin': 'http://localhost:8081',
        'content-type': 'application/json; charset=utf-8' },
     body: { status: 200, msg: '获取文章列表成功', data: [Array] } } }
[2018-05-23T18:00:24.271] [INFO] response - { method: 'POST',
  url: '/api/postArticleContent',
  body: { id: '5afa9c4eec988955bcf0efc2' },
  costTime: 13,
  response: 
   { status: 200,
     message: 'OK',
     header: 
      { 'access-control-allow-origin': 'http://localhost:8081',
        'content-type': 'application/json; charset=utf-8' },
     body: { status: 200, data: [Object] } } }
[2018-05-23T18:00:24.833] [INFO] response - { method: 'POST',
  url: '/api/deleteArticle',
  body: { id: 112 },
  costTime: 8,
  response: 
   { status: 404,
     message: 'Not Found',
     header: 
      { 'access-control-allow-origin': 'http://localhost:8081',
        'content-type': 'application/json; charset=utf-8' },
     body: undefined } }
