[2018-06-05T17:06:00.484] [INFO] response - { method: 'POST',
  url: '/api/login',
  body: { username: '17602004746', password: 'wokaopy123' },
  costTime: 56,
  response: 
   { status: 200,
     message: 'OK',
     header: 
      { 'access-control-allow-origin': 'http://localhost:8082',
        'content-type': 'application/json; charset=utf-8' },
     body: 
      { status: 200,
        success: true,
        token: 'eyJhbGciOiJIUzI1NiIsInR5cCI6IkpXVCJ9.eyJ1c2VfaWQiOiIxNzYwMjAwNDc0NiIsImlhdCI6MTUyODE4OTU2MCwiZXhwIjoxNTI4Nzk0MzYwfQ.tJnHsDoyVPbTQmBS_RP60s4mom2SGjNY98J4OlJYC6c',
        msg: '恭喜主人,登录成功' } } }
[2018-06-05T17:06:03.069] [INFO] response - { method: 'GET',
  url: '/api/getArticleList',
  body: {},
  costTime: 15,
  response: 
   { status: 200,
     message: 'OK',
     header: 
      { 'access-control-allow-origin': 'http://localhost:8082',
        'content-type': 'application/json; charset=utf-8' },
     body: { status: 200, msg: '获取文章列表成功', data: [Array] } } }
[2018-06-05T17:06:05.352] [INFO] response - { method: 'POST',
  url: '/api/postArticleContent',
  body: { id: '5b1211bdddf31d8a36a1f4ff' },
  costTime: 7,
  response: 
   { status: 200,
     message: 'OK',
     header: 
      { 'access-control-allow-origin': 'http://localhost:8082',
        'content-type': 'application/json; charset=utf-8' },
     body: { status: 200, data: [Object] } } }
[2018-06-05T17:07:37.340] [INFO] response - { method: 'GET',
  url: '/api/getArticleList',
  body: {},
  costTime: 21,
  response: 
   { status: 200,
     message: 'OK',
     header: 
      { 'access-control-allow-origin': 'http://localhost:8082',
        'content-type': 'application/json; charset=utf-8' },
     body: { status: 200, msg: '获取文章列表成功', data: [Array] } } }
[2018-06-05T17:08:05.753] [INFO] response - { method: 'POST',
  url: '/api/postArticleContent',
  body: { id: '5b14fcd111fac960d136a71d' },
  costTime: 15,
  response: 
   { status: 200,
     message: 'OK',
     header: 
      { 'access-control-allow-origin': 'http://localhost:8082',
        'content-type': 'application/json; charset=utf-8' },
     body: { status: 200, data: [Object] } } }
[2018-06-05T17:08:27.587] [INFO] response - { method: 'POST',
  url: '/api/upArticle',
  body: { id: '5b14fcd111fac960d136a71d' },
  costTime: 4,
  response: 
   { status: 200,
     message: 'OK',
     header: 
      { 'access-control-allow-origin': 'http://localhost:8082',
        'content-type': 'application/json; charset=utf-8' },
     body: { status: 200, msg: '保存成功', data: '5b14fcd111fac960d136a71d' } } }
[2018-06-05T17:14:13.818] [INFO] response - { method: 'POST',
  url: '/api/upArticle',
  body: { id: '5b14fcd111fac960d136a71d' },
  costTime: 31,
  response: 
   { status: 200,
     message: 'OK',
     header: 
      { 'access-control-allow-origin': 'http://localhost:8082',
        'content-type': 'application/json; charset=utf-8' },
     body: { status: 200, msg: '保存成功', data: '5b14fcd111fac960d136a71d' } } }
[2018-06-05T17:15:25.851] [INFO] response - { method: 'POST',
  url: '/api/upArticle',
  body: { id: '5b14fcd111fac960d136a71d' },
  costTime: 39,
  response: 
   { status: 200,
     message: 'OK',
     header: 
      { 'access-control-allow-origin': 'http://localhost:8082',
        'content-type': 'application/json; charset=utf-8' },
     body: { status: 200, msg: '保存成功', data: [Object] } } }
[2018-06-05T17:23:25.918] [INFO] response - { method: 'POST',
  url: '/api/upArticle',
  body: { id: '5b14fcd111fac960d136a71d' },
  costTime: 32,
  response: 
   { status: 200,
     message: 'OK',
     header: 
      { 'access-control-allow-origin': 'http://localhost:8082',
        'content-type': 'application/json; charset=utf-8' },
     body: { status: 200, msg: '保存成功', data: [Object] } } }
[2018-06-05T17:23:58.693] [INFO] response - { method: 'POST',
  url: '/api/upArticle',
  body: { id: '5b14fcd111fac960d136a71d' },
  costTime: 5,
  response: 
   { status: 200,
     message: 'OK',
     header: 
      { 'access-control-allow-origin': 'http://localhost:8082',
        'content-type': 'application/json; charset=utf-8' },
     body: { status: 200, msg: '保存成功', data: [Object] } } }
[2018-06-05T17:24:12.176] [INFO] response - { method: 'POST',
  url: '/api/saveArticle',
  body: 
   { title: '新标题',
     content: '111111111111111',
     id: '5b14fcd111fac960d136a71d',
     htmlCode: '<p>111111111111111</p>\n' },
  costTime: 22,
  response: 
   { status: 200,
     message: 'OK',
     header: 
      { 'access-control-allow-origin': 'http://localhost:8082',
        'content-type': 'application/json; charset=utf-8' },
     body: { status: 200, msg: '保存成功', data: [Object] } } }
[2018-06-05T17:24:17.718] [INFO] response - { method: 'POST',
  url: '/api/upArticle',
  body: { id: '5b14fcd111fac960d136a71d' },
  costTime: 4,
  response: 
   { status: 200,
     message: 'OK',
     header: 
      { 'access-control-allow-origin': 'http://localhost:8082',
        'content-type': 'application/json; charset=utf-8' },
     body: { status: 200, msg: '保存成功', data: [Object] } } }
[2018-06-05T17:25:09.638] [INFO] response - { method: 'POST',
  url: '/api/upArticle',
  body: { id: '5b14fcd111fac960d136a71d' },
  costTime: 9,
  response: 
   { status: 200,
     message: 'OK',
     header: 
      { 'access-control-allow-origin': 'http://localhost:8082',
        'content-type': 'application/json; charset=utf-8' },
     body: { status: 200, msg: '保存成功', data: [Object] } } }
[2018-06-05T17:30:11.193] [INFO] response - { method: 'GET',
  url: '/api/getArticleList',
  body: {},
  costTime: 7,
  response: 
   { status: 200,
     message: 'OK',
     header: 
      { 'access-control-allow-origin': 'http://localhost:8082',
        'content-type': 'application/json; charset=utf-8' },
     body: { status: 200, msg: '获取文章列表成功', data: [Array] } } }
[2018-06-05T17:30:14.497] [INFO] response - { method: 'POST',
  url: '/api/postArticleContent',
  body: { id: '5b14fcd111fac960d136a71d' },
  costTime: 5,
  response: 
   { status: 200,
     message: 'OK',
     header: 
      { 'access-control-allow-origin': 'http://localhost:8082',
        'content-type': 'application/json; charset=utf-8' },
     body: { status: 200, data: [Object] } } }
[2018-06-05T17:33:55.937] [INFO] response - { method: 'POST',
  url: '/api/upArticle',
  body: { id: '5b14fcd111fac960d136a71d' },
  costTime: 40,
  response: 
   { status: 200,
     message: 'OK',
     header: 
      { 'access-control-allow-origin': 'http://localhost:8082',
        'content-type': 'application/json; charset=utf-8' },
     body: { status: 200, msg: '保存成功', data: [Object] } } }
[2018-06-05T17:35:43.392] [INFO] response - { method: 'POST',
  url: '/api/upArticle',
  body: { id: '5b14fcd111fac960d136a71d' },
  costTime: 41,
  response: 
   { status: 200,
     message: 'OK',
     header: 
      { 'access-control-allow-origin': 'http://localhost:8082',
        'content-type': 'application/json; charset=utf-8' },
     body: { status: 200, msg: '保存成功', data: [Object] } } }
[2018-06-05T17:40:59.553] [INFO] response - { method: 'POST',
  url: '/api/upArticle',
  body: { id: '5b14fcd111fac960d136a71d' },
  costTime: 37,
  response: 
   { status: 200,
     message: 'OK',
     header: 
      { 'access-control-allow-origin': 'http://localhost:8082',
        'content-type': 'application/json; charset=utf-8' },
     body: { status: 200, msg: '保存成功', data: [Object] } } }
[2018-06-05T17:46:16.792] [INFO] response - { method: 'POST',
  url: '/api/upArticle',
  body: { id: '5b14fcd111fac960d136a71d' },
  costTime: 43,
  response: 
   { status: 200,
     message: 'OK',
     header: 
      { 'access-control-allow-origin': 'http://localhost:8082',
        'content-type': 'application/json; charset=utf-8' },
     body: { status: 200, msg: '保存成功', data: [Object] } } }
[2018-06-05T17:47:13.705] [INFO] response - { method: 'POST',
  url: '/api/upArticle',
  body: { id: '5b14fcd111fac960d136a71d' },
  costTime: 48,
  response: 
   { status: 200,
     message: 'OK',
     header: 
      { 'access-control-allow-origin': 'http://localhost:8082',
        'content-type': 'application/json; charset=utf-8' },
     body: { status: 200, msg: '保存成功', data: [Object] } } }
[2018-06-05T17:50:26.903] [INFO] response - { method: 'POST',
  url: '/api/saveArticle',
  body: 
   { title: '新标题',
     content: '111111111111111',
     id: '5b14fcd111fac960d136a71d',
     htmlCode: '<p>111111111111111</p>\n' },
  costTime: 45,
  response: 
   { status: 200,
     message: 'OK',
     header: 
      { 'access-control-allow-origin': 'http://localhost:8082',
        'content-type': 'application/json; charset=utf-8' },
     body: { status: 200, msg: '保存成功', data: [Object] } } }
[2018-06-05T17:51:56.706] [INFO] response - { method: 'POST',
  url: '/api/upArticle',
  body: { id: '5b14fcd111fac960d136a71d' },
  costTime: 53,
  response: 
   { status: 200,
     message: 'OK',
     header: 
      { 'access-control-allow-origin': 'http://localhost:8082',
        'content-type': 'application/json; charset=utf-8' },
     body: { status: 200, msg: '保存成功', data: [Object] } } }
