[2018-06-06T09:08:54.963] [INFO] response - { method: 'POST',
  url: '/api/login',
  body: { username: '17602004746', password: '88888888' },
  costTime: 29,
  response: 
   { status: 201,
     message: 'Created',
     header: 
      { 'access-control-allow-origin': 'http://localhost:8082',
        'content-type': 'application/json; charset=utf-8' },
     body: { success: false } } }
[2018-06-06T09:09:01.301] [INFO] response - { method: 'POST',
  url: '/api/login',
  body: { username: '17602004746', password: 'wokaopy123' },
  costTime: 50,
  response: 
   { status: 200,
     message: 'OK',
     header: 
      { 'access-control-allow-origin': 'http://localhost:8082',
        'content-type': 'application/json; charset=utf-8' },
     body: 
      { status: 200,
        success: true,
        token: 'eyJhbGciOiJIUzI1NiIsInR5cCI6IkpXVCJ9.eyJ1c2VfaWQiOiIxNzYwMjAwNDc0NiIsImlhdCI6MTUyODI0NzM0MSwiZXhwIjoxNTI4ODUyMTQxfQ.gJggpqEG80gPN1dDBZy-nyoXnbqHmLhBHxqGPQI3B2M',
        msg: '恭喜主人,登录成功' } } }
[2018-06-06T09:09:16.505] [INFO] response - { method: 'GET',
  url: '/api/getArticleList',
  body: {},
  costTime: 15,
  response: 
   { status: 200,
     message: 'OK',
     header: 
      { 'access-control-allow-origin': 'http://localhost:8082',
        'content-type': 'application/json; charset=utf-8' },
     body: { status: 200, msg: '获取文章列表成功', data: [Array] } } }
[2018-06-06T09:09:19.137] [INFO] response - { method: 'POST',
  url: '/api/postArticleContent',
  body: { id: '5b14fcd111fac960d136a71d' },
  costTime: 3,
  response: 
   { status: 200,
     message: 'OK',
     header: 
      { 'access-control-allow-origin': 'http://localhost:8082',
        'content-type': 'application/json; charset=utf-8' },
     body: { status: 200, data: [Object] } } }
[2018-06-06T09:10:34.602] [INFO] response - { method: 'POST',
  url: '/api/upArticle',
  body: { id: '5b14fcd111fac960d136a71d' },
  costTime: 21,
  response: 
   { status: 200,
     message: 'OK',
     header: 
      { 'access-control-allow-origin': 'http://localhost:8082',
        'content-type': 'application/json; charset=utf-8' },
     body: { status: 200, msg: '保存成功', data: [Object] } } }
[2018-06-06T09:11:00.393] [INFO] response - { method: 'POST',
  url: '/api/upArticle',
  body: { id: '5b14fcd111fac960d136a71d' },
  costTime: 30,
  response: 
   { status: 200,
     message: 'OK',
     header: 
      { 'access-control-allow-origin': 'http://localhost:8082',
        'content-type': 'application/json; charset=utf-8' },
     body: { status: 200, msg: '保存成功', data: [Object] } } }
[2018-06-06T09:11:35.868] [INFO] response - { method: 'POST',
  url: '/api/upArticle',
  body: { id: '5b14fcd111fac960d136a71d' },
  costTime: 62,
  response: 
   { status: 200,
     message: 'OK',
     header: 
      { 'access-control-allow-origin': 'http://localhost:8082',
        'content-type': 'application/json; charset=utf-8' },
     body: { status: 200, msg: '保存成功', data: [Object] } } }
[2018-06-06T17:49:27.238] [INFO] response - { method: 'POST',
  url: '/api/upArticle',
  body: { id: '5b14fcd111fac960d136a71d' },
  costTime: 58,
  response: 
   { status: 200,
     message: 'OK',
     header: 
      { 'access-control-allow-origin': 'http://localhost:8082',
        'content-type': 'application/json; charset=utf-8' },
     body: { status: 200, msg: '保存成功', data: [Object] } } }
[2018-06-06T17:50:24.317] [INFO] response - { method: 'POST',
  url: '/api/upArticle',
  body: { id: '5b14fcd111fac960d136a71d' },
  costTime: 110,
  response: 
   { status: 200,
     message: 'OK',
     header: 
      { 'access-control-allow-origin': 'http://localhost:8082',
        'content-type': 'application/json; charset=utf-8' },
     body: { status: 200, msg: '保存成功', data: [Object] } } }
[2018-06-06T17:50:49.130] [INFO] response - { method: 'POST',
  url: '/api/upArticle',
  body: { id: '5b14fcd111fac960d136a71d' },
  costTime: 78,
  response: 
   { status: 200,
     message: 'OK',
     header: 
      { 'access-control-allow-origin': 'http://localhost:8082',
        'content-type': 'application/json; charset=utf-8' },
     body: { status: 200, msg: '保存成功', data: [Object] } } }
[2018-06-06T17:51:10.065] [INFO] response - { method: 'POST',
  url: '/api/upArticle',
  body: { id: '5b14fcd111fac960d136a71d' },
  costTime: 30,
  response: 
   { status: 200,
     message: 'OK',
     header: 
      { 'access-control-allow-origin': 'http://localhost:8082',
        'content-type': 'application/json; charset=utf-8' },
     body: { status: 200, msg: '保存成功', data: [Object] } } }
[2018-06-06T17:51:48.808] [INFO] response - { method: 'POST',
  url: '/api/upArticle',
  body: { id: '5b14fcd111fac960d136a71d' },
  costTime: 92,
  response: 
   { status: 200,
     message: 'OK',
     header: 
      { 'access-control-allow-origin': 'http://localhost:8082',
        'content-type': 'application/json; charset=utf-8' },
     body: { status: 200, msg: '保存成功', data: [Object] } } }
[2018-06-06T17:52:48.299] [INFO] response - { method: 'POST',
  url: '/api/saveArticle',
  body: 
   { title: '新标题',
     content: '111111111111111123123',
     id: '5b14fcd111fac960d136a71d',
     htmlCode: '<p>111111111111111123123</p>\n' },
  costTime: 10,
  response: 
   { status: 200,
     message: 'OK',
     header: 
      { 'access-control-allow-origin': 'http://localhost:8082',
        'content-type': 'application/json; charset=utf-8' },
     body: { status: 200, msg: '保存成功', data: [Object] } } }
