[2018-09-06T14:17:44.353] [INFO] response - { method: 'GET',
  url: '/api/getArticle',
  body: {},
  costTime: 37,
  response: 
   { status: 200,
     message: 'OK',
     header: 
      { 'access-control-allow-origin': 'http://localhost:8080',
        'content-type': 'application/json; charset=utf-8' },
     body: { status: 200, msg: '获取文章列表成功', data: [Array] } } }
[2018-09-06T14:17:51.912] [INFO] response - { method: 'GET',
  url: '/api/getArticle',
  body: {},
  costTime: 4,
  response: 
   { status: 200,
     message: 'OK',
     header: 
      { 'access-control-allow-origin': 'http://localhost:8080',
        'content-type': 'application/json; charset=utf-8' },
     body: { status: 200, msg: '获取文章列表成功', data: [Array] } } }
[2018-09-06T14:17:59.058] [INFO] response - { method: 'GET',
  url: '/api/getArticle',
  body: {},
  costTime: 4,
  response: 
   { status: 200,
     message: 'OK',
     header: 
      { 'access-control-allow-origin': 'http://localhost:8080',
        'content-type': 'application/json; charset=utf-8' },
     body: { status: 200, msg: '获取文章列表成功', data: [Array] } } }
[2018-09-06T14:23:57.419] [INFO] response - { method: 'GET',
  url: '/api/getArticle',
  body: {},
  costTime: 7,
  response: 
   { status: 200,
     message: 'OK',
     header: 
      { 'access-control-allow-origin': 'http://localhost:8080',
        'content-type': 'application/json; charset=utf-8' },
     body: { status: 200, msg: '获取文章列表成功', data: [Array] } } }
[2018-09-06T14:42:34.231] [INFO] response - { method: 'GET',
  url: '/api/getArticle',
  body: {},
  costTime: 38,
  response: 
   { status: 200,
     message: 'OK',
     header: 
      { 'access-control-allow-origin': 'http://localhost:8080',
        'content-type': 'application/json; charset=utf-8' },
     body: { status: 200, msg: '获取文章列表成功', data: [Array] } } }
[2018-09-06T14:42:57.527] [INFO] response - { method: 'GET',
  url: '/api/getArticle',
  body: {},
  costTime: 4,
  response: 
   { status: 200,
     message: 'OK',
     header: 
      { 'access-control-allow-origin': 'http://localhost:8080',
        'content-type': 'application/json; charset=utf-8' },
     body: { status: 200, msg: '获取文章列表成功', data: [Array] } } }
[2018-09-06T14:43:02.230] [INFO] response - { method: 'GET',
  url: '/api/getArticle',
  body: {},
  costTime: 3,
  response: 
   { status: 200,
     message: 'OK',
     header: 
      { 'access-control-allow-origin': 'http://localhost:8080',
        'content-type': 'application/json; charset=utf-8' },
     body: { status: 200, msg: '获取文章列表成功', data: [Array] } } }
[2018-09-06T14:43:55.471] [INFO] response - { method: 'GET',
  url: '/api/getArticle',
  body: {},
  costTime: 4,
  response: 
   { status: 200,
     message: 'OK',
     header: 
      { 'access-control-allow-origin': 'http://localhost:8080',
        'content-type': 'application/json; charset=utf-8' },
     body: { status: 200, msg: '获取文章列表成功', data: [Array] } } }
[2018-09-06T14:45:08.734] [INFO] response - { method: 'GET',
  url: '/api/getArticle',
  body: {},
  costTime: 3,
  response: 
   { status: 200,
     message: 'OK',
     header: 
      { 'access-control-allow-origin': 'http://localhost:8080',
        'content-type': 'application/json; charset=utf-8' },
     body: { status: 200, msg: '获取文章列表成功', data: [Array] } } }
[2018-09-06T14:45:48.484] [INFO] response - { method: 'GET',
  url: '/api/getArticle',
  body: {},
  costTime: 4,
  response: 
   { status: 200,
     message: 'OK',
     header: 
      { 'access-control-allow-origin': 'http://localhost:8080',
        'content-type': 'application/json; charset=utf-8' },
     body: { status: 200, msg: '获取文章列表成功', data: [Array] } } }
[2018-09-06T14:45:50.266] [INFO] response - { method: 'GET',
  url: '/api/getArticle',
  body: {},
  costTime: 19,
  response: 
   { status: 200,
     message: 'OK',
     header: 
      { 'access-control-allow-origin': 'http://localhost:8080',
        'content-type': 'application/json; charset=utf-8' },
     body: { status: 200, msg: '获取文章列表成功', data: [Array] } } }
[2018-09-06T14:45:52.681] [INFO] response - { method: 'GET',
  url: '/api/getArticle',
  body: {},
  costTime: 2,
  response: 
   { status: 200,
     message: 'OK',
     header: 
      { 'access-control-allow-origin': 'http://localhost:8080',
        'content-type': 'application/json; charset=utf-8' },
     body: { status: 200, msg: '获取文章列表成功', data: [Array] } } }
[2018-09-06T14:46:02.704] [INFO] response - { method: 'GET',
  url: '/api/getArticle',
  body: {},
  costTime: 4,
  response: 
   { status: 200,
     message: 'OK',
     header: 
      { 'access-control-allow-origin': 'http://localhost:8080',
        'content-type': 'application/json; charset=utf-8' },
     body: { status: 200, msg: '获取文章列表成功', data: [Array] } } }
[2018-09-06T14:48:45.788] [INFO] response - { method: 'GET',
  url: '/api/getArticle',
  body: {},
  costTime: 7,
  response: 
   { status: 200,
     message: 'OK',
     header: 
      { 'access-control-allow-origin': 'http://localhost:8080',
        'content-type': 'application/json; charset=utf-8' },
     body: { status: 200, msg: '获取文章列表成功', data: [Array] } } }
[2018-09-06T14:48:48.460] [INFO] response - { method: 'GET',
  url: '/api/getArticle',
  body: {},
  costTime: 4,
  response: 
   { status: 200,
     message: 'OK',
     header: 
      { 'access-control-allow-origin': 'http://localhost:8080',
        'content-type': 'application/json; charset=utf-8' },
     body: { status: 200, msg: '获取文章列表成功', data: [Array] } } }
[2018-09-06T14:48:53.185] [INFO] response - { method: 'GET',
  url: '/api/getArticle',
  body: {},
  costTime: 3,
  response: 
   { status: 200,
     message: 'OK',
     header: 
      { 'access-control-allow-origin': 'http://localhost:8080',
        'content-type': 'application/json; charset=utf-8' },
     body: { status: 200, msg: '获取文章列表成功', data: [Array] } } }
[2018-09-06T14:49:01.140] [INFO] response - { method: 'GET',
  url: '/api/getArticle',
  body: {},
  costTime: 6,
  response: 
   { status: 200,
     message: 'OK',
     header: 
      { 'access-control-allow-origin': 'http://localhost:8080',
        'content-type': 'application/json; charset=utf-8' },
     body: { status: 200, msg: '获取文章列表成功', data: [Array] } } }
[2018-09-06T14:49:01.163] [INFO] response - { method: 'GET',
  url: '/api/getArticle',
  body: {},
  costTime: 17,
  response: 
   { status: 200,
     message: 'OK',
     header: 
      { 'access-control-allow-origin': 'http://localhost:8080',
        'content-type': 'application/json; charset=utf-8' },
     body: { status: 200, msg: '获取文章列表成功', data: [Array] } } }
[2018-09-06T14:49:08.923] [INFO] response - { method: 'GET',
  url: '/api/getArticle',
  body: {},
  costTime: 4,
  response: 
   { status: 200,
     message: 'OK',
     header: 
      { 'access-control-allow-origin': 'http://localhost:8080',
        'content-type': 'application/json; charset=utf-8' },
     body: { status: 200, msg: '获取文章列表成功', data: [Array] } } }
[2018-09-06T14:49:08.934] [INFO] response - { method: 'GET',
  url: '/api/getArticle',
  body: {},
  costTime: 6,
  response: 
   { status: 200,
     message: 'OK',
     header: 
      { 'access-control-allow-origin': 'http://localhost:8080',
        'content-type': 'application/json; charset=utf-8' },
     body: { status: 200, msg: '获取文章列表成功', data: [Array] } } }
[2018-09-06T14:49:11.148] [INFO] response - { method: 'GET',
  url: '/api/getArticle',
  body: {},
  costTime: 3,
  response: 
   { status: 200,
     message: 'OK',
     header: 
      { 'access-control-allow-origin': 'http://localhost:8080',
        'content-type': 'application/json; charset=utf-8' },
     body: { status: 200, msg: '获取文章列表成功', data: [Array] } } }
[2018-09-06T14:49:11.159] [INFO] response - { method: 'GET',
  url: '/api/getArticle',
  body: {},
  costTime: 4,
  response: 
   { status: 200,
     message: 'OK',
     header: 
      { 'access-control-allow-origin': 'http://localhost:8080',
        'content-type': 'application/json; charset=utf-8' },
     body: { status: 200, msg: '获取文章列表成功', data: [Array] } } }
