[2018-05-24T09:15:28.495] [INFO] response - { method: 'POST',
  url: '/api/postArticleContent',
  body: { id: '5afd315ee53b923d4cd09252' },
  costTime: 37,
  response: 
   { status: 200,
     message: 'OK',
     header: 
      { 'access-control-allow-origin': 'http://localhost:8081',
        'content-type': 'application/json; charset=utf-8' },
     body: { status: 200, data: [Object] } } }
[2018-05-24T09:15:29.163] [INFO] response - { method: 'POST',
  url: '/api/deleteArticle',
  body: { id: 112 },
  costTime: 12,
  response: 
   { status: 404,
     message: 'Not Found',
     header: 
      { 'access-control-allow-origin': 'http://localhost:8081',
        'content-type': 'application/json; charset=utf-8' },
     body: undefined } }
[2018-05-24T09:15:48.719] [INFO] response - { method: 'GET',
  url: '/api/getArticleList',
  body: {},
  costTime: 11,
  response: 
   { status: 200,
     message: 'OK',
     header: 
      { 'access-control-allow-origin': 'http://localhost:8081',
        'content-type': 'application/json; charset=utf-8' },
     body: { status: 200, msg: '获取文章列表成功', data: [Array] } } }
[2018-05-24T09:16:10.576] [INFO] response - { method: 'POST',
  url: '/api/postArticleContent',
  body: { id: '5afd31d8f228fe7b05b67e00' },
  costTime: 6,
  response: 
   { status: 200,
     message: 'OK',
     header: 
      { 'access-control-allow-origin': 'http://localhost:8081',
        'content-type': 'application/json; charset=utf-8' },
     body: { status: 200, data: [Object] } } }
[2018-05-24T09:16:11.267] [INFO] response - { method: 'POST',
  url: '/api/deleteArticle',
  body: { id: 112 },
  costTime: 5,
  response: 
   { status: 404,
     message: 'Not Found',
     header: 
      { 'access-control-allow-origin': 'http://localhost:8081',
        'content-type': 'application/json; charset=utf-8' },
     body: undefined } }
[2018-05-24T09:17:03.133] [INFO] response - { method: 'POST',
  url: '/api/deleteArticle',
  body: { id: 112 },
  costTime: 27,
  response: 
   { status: 404,
     message: 'Not Found',
     header: 
      { 'access-control-allow-origin': 'http://localhost:8081',
        'content-type': 'application/json; charset=utf-8' },
     body: undefined } }
[2018-05-24T09:17:08.633] [INFO] response - { method: 'GET',
  url: '/api/getArticleList',
  body: {},
  costTime: 14,
  response: 
   { status: 200,
     message: 'OK',
     header: 
      { 'access-control-allow-origin': 'http://localhost:8081',
        'content-type': 'application/json; charset=utf-8' },
     body: { status: 200, msg: '获取文章列表成功', data: [Array] } } }
[2018-05-24T09:18:31.082] [INFO] response - { method: 'POST',
  url: '/api/postArticleContent',
  body: { id: '5afd31d8f228fe7b05b67e00' },
  costTime: 22,
  response: 
   { status: 200,
     message: 'OK',
     header: 
      { 'access-control-allow-origin': 'http://localhost:8081',
        'content-type': 'application/json; charset=utf-8' },
     body: { status: 200, data: [Object] } } }
[2018-05-24T09:18:31.881] [INFO] response - { method: 'POST',
  url: '/api/deleteArticle',
  body: { id: 112 },
  costTime: 8,
  response: 
   { status: 404,
     message: 'Not Found',
     header: 
      { 'access-control-allow-origin': 'http://localhost:8081',
        'content-type': 'application/json; charset=utf-8' },
     body: undefined } }
[2018-05-24T09:19:10.716] [INFO] response - { method: 'POST',
  url: '/api/deleteArticle',
  body: { id: 112 },
  costTime: 52,
  response: 
   { status: 404,
     message: 'Not Found',
     header: 
      { 'access-control-allow-origin': 'http://localhost:8081',
        'content-type': 'application/json; charset=utf-8' },
     body: undefined } }
[2018-05-24T09:27:22.150] [INFO] response - { method: 'POST',
  url: '/api/deleteArticle',
  body: { id: 112 },
  costTime: 35,
  response: 
   { status: 404,
     message: 'Not Found',
     header: 
      { 'access-control-allow-origin': 'http://localhost:8081',
        'content-type': 'application/json; charset=utf-8' },
     body: undefined } }
[2018-05-24T09:28:42.876] [INFO] response - { method: 'GET',
  url: '/api/getArticleList',
  body: {},
  costTime: 7,
  response: 
   { status: 200,
     message: 'OK',
     header: 
      { 'access-control-allow-origin': 'http://localhost:8081',
        'content-type': 'application/json; charset=utf-8' },
     body: { status: 200, msg: '获取文章列表成功', data: [Array] } } }
[2018-05-24T09:28:46.704] [INFO] response - { method: 'POST',
  url: '/api/postArticleContent',
  body: { id: '5afa9c4eec988955bcf0efc2' },
  costTime: 8,
  response: 
   { status: 200,
     message: 'OK',
     header: 
      { 'access-control-allow-origin': 'http://localhost:8081',
        'content-type': 'application/json; charset=utf-8' },
     body: { status: 200, data: [Object] } } }
[2018-05-24T09:28:47.368] [INFO] response - { method: 'POST',
  url: '/api/deleteArticle',
  body: { id: '5afa9c4eec988955bcf0efc2' },
  costTime: 11,
  response: 
   { status: 404,
     message: 'Not Found',
     header: 
      { 'access-control-allow-origin': 'http://localhost:8081',
        'content-type': 'application/json; charset=utf-8' },
     body: undefined } }
[2018-05-24T09:29:59.531] [INFO] response - { method: 'POST',
  url: '/api/postArticleContent',
  body: { id: '5afd315ee53b923d4cd09252' },
  costTime: 32,
  response: 
   { status: 200,
     message: 'OK',
     header: 
      { 'access-control-allow-origin': 'http://localhost:8081',
        'content-type': 'application/json; charset=utf-8' },
     body: { status: 200, data: [Object] } } }
[2018-05-24T09:34:00.106] [INFO] response - { method: 'POST',
  url: '/api/postArticleContent',
  body: { id: '5afd31d8f228fe7b05b67e00' },
  costTime: 31,
  response: 
   { status: 200,
     message: 'OK',
     header: 
      { 'access-control-allow-origin': 'http://localhost:8081',
        'content-type': 'application/json; charset=utf-8' },
     body: { status: 200, data: [Object] } } }
[2018-05-24T09:35:15.686] [INFO] response - { method: 'POST',
  url: '/api/deleteArticle',
  body: { id: '5afd31d8f228fe7b05b67e00' },
  costTime: 33,
  response: 
   { status: 404,
     message: 'Not Found',
     header: 
      { 'access-control-allow-origin': 'http://localhost:8081',
        'content-type': 'application/json; charset=utf-8' },
     body: undefined } }
[2018-05-24T09:36:26.125] [INFO] response - { method: 'POST',
  url: '/api/deleteArticle',
  body: { id: '5afd31d8f228fe7b05b67e00' },
  costTime: 35,
  response: 
   { status: 404,
     message: 'Not Found',
     header: 
      { 'access-control-allow-origin': 'http://localhost:8081',
        'content-type': 'application/json; charset=utf-8' },
     body: undefined } }
[2018-05-24T09:37:02.903] [INFO] response - { method: 'GET',
  url: '/api/getArticleList',
  body: {},
  costTime: 26,
  response: 
   { status: 200,
     message: 'OK',
     header: 
      { 'access-control-allow-origin': 'http://localhost:8081',
        'content-type': 'application/json; charset=utf-8' },
     body: { status: 200, msg: '获取文章列表成功', data: [Array] } } }
[2018-05-24T09:37:04.107] [INFO] response - { method: 'POST',
  url: '/api/postArticleContent',
  body: { id: '5afd315ee53b923d4cd09252' },
  costTime: 11,
  response: 
   { status: 200,
     message: 'OK',
     header: 
      { 'access-control-allow-origin': 'http://localhost:8081',
        'content-type': 'application/json; charset=utf-8' },
     body: { status: 200, data: [Object] } } }
[2018-05-24T09:37:04.981] [INFO] response - { method: 'POST',
  url: '/api/deleteArticle',
  body: { id: 112 },
  costTime: 11,
  response: 
   { status: 404,
     message: 'Not Found',
     header: 
      { 'access-control-allow-origin': 'http://localhost:8081',
        'content-type': 'application/json; charset=utf-8' },
     body: undefined } }
[2018-05-24T09:37:39.809] [INFO] response - { method: 'POST',
  url: '/api/deleteArticle',
  body: { id: 112 },
  costTime: 25,
  response: 
   { status: 404,
     message: 'Not Found',
     header: 
      { 'access-control-allow-origin': 'http://localhost:8081',
        'content-type': 'application/json; charset=utf-8' },
     body: undefined } }
[2018-05-24T10:41:46.391] [INFO] response - { method: 'GET',
  url: '/api/getArticleList',
  body: {},
  costTime: 20,
  response: 
   { status: 200,
     message: 'OK',
     header: 
      { 'access-control-allow-origin': 'http://localhost:8081',
        'content-type': 'application/json; charset=utf-8' },
     body: { status: 200, msg: '获取文章列表成功', data: [Array] } } }
[2018-05-24T10:44:59.237] [INFO] response - { method: 'GET',
  url: '/api/getArticleList',
  body: {},
  costTime: 3,
  response: 
   { status: 200,
     message: 'OK',
     header: 
      { 'access-control-allow-origin': 'http://localhost:8081',
        'content-type': 'application/json; charset=utf-8' },
     body: { status: 200, msg: '获取文章列表成功', data: [Array] } } }
[2018-05-24T10:45:08.582] [INFO] response - { method: 'GET',
  url: '/api/getArticleList',
  body: {},
  costTime: 1,
  response: 
   { status: 200,
     message: 'OK',
     header: 
      { 'access-control-allow-origin': 'http://localhost:8081',
        'content-type': 'application/json; charset=utf-8' },
     body: { status: 200, msg: '获取文章列表成功', data: [Array] } } }
[2018-05-24T10:45:24.964] [INFO] response - { method: 'POST',
  url: '/api/postArticleContent',
  body: { id: '5afd31d8f228fe7b05b67e00' },
  costTime: 14,
  response: 
   { status: 200,
     message: 'OK',
     header: 
      { 'access-control-allow-origin': 'http://localhost:8081',
        'content-type': 'application/json; charset=utf-8' },
     body: { status: 200, data: [Object] } } }
[2018-05-24T10:46:41.279] [INFO] response - { method: 'GET',
  url: '/api/getArticleList',
  body: {},
  costTime: 3,
  response: 
   { status: 200,
     message: 'OK',
     header: 
      { 'access-control-allow-origin': 'http://localhost:8081',
        'content-type': 'application/json; charset=utf-8' },
     body: { status: 200, msg: '获取文章列表成功', data: [Array] } } }
[2018-05-24T10:47:24.942] [INFO] response - { method: 'GET',
  url: '/api/getArticleList',
  body: {},
  costTime: 3,
  response: 
   { status: 200,
     message: 'OK',
     header: 
      { 'access-control-allow-origin': 'http://localhost:8081',
        'content-type': 'application/json; charset=utf-8' },
     body: { status: 200, msg: '获取文章列表成功', data: [Array] } } }
[2018-05-24T10:47:59.116] [INFO] response - { method: 'GET',
  url: '/api/getArticleList',
  body: {},
  costTime: 2,
  response: 
   { status: 200,
     message: 'OK',
     header: 
      { 'access-control-allow-origin': 'http://localhost:8081',
        'content-type': 'application/json; charset=utf-8' },
     body: { status: 200, msg: '获取文章列表成功', data: [Array] } } }
[2018-05-24T10:48:08.806] [INFO] response - { method: 'GET',
  url: '/api/getArticleList',
  body: {},
  costTime: 3,
  response: 
   { status: 200,
     message: 'OK',
     header: 
      { 'access-control-allow-origin': 'http://localhost:8081',
        'content-type': 'application/json; charset=utf-8' },
     body: { status: 200, msg: '获取文章列表成功', data: [Array] } } }
[2018-05-24T10:48:14.582] [INFO] response - { method: 'GET',
  url: '/api/getArticleList',
  body: {},
  costTime: 2,
  response: 
   { status: 200,
     message: 'OK',
     header: 
      { 'access-control-allow-origin': 'http://localhost:8081',
        'content-type': 'application/json; charset=utf-8' },
     body: { status: 200, msg: '获取文章列表成功', data: [Array] } } }
[2018-05-24T10:48:19.024] [INFO] response - { method: 'POST',
  url: '/api/postArticleContent',
  body: { id: '5afd315ee53b923d4cd09252' },
  costTime: 4,
  response: 
   { status: 200,
     message: 'OK',
     header: 
      { 'access-control-allow-origin': 'http://localhost:8081',
        'content-type': 'application/json; charset=utf-8' },
     body: { status: 200, data: [Object] } } }
[2018-05-24T10:48:21.062] [INFO] response - { method: 'POST',
  url: '/api/deleteArticle',
  body: { id: '5afd315ee53b923d4cd09252' },
  costTime: 5,
  response: 
   { status: 404,
     message: 'Not Found',
     header: 
      { 'access-control-allow-origin': 'http://localhost:8081',
        'content-type': 'application/json; charset=utf-8' },
     body: undefined } }
[2018-05-24T10:48:33.536] [INFO] response - { method: 'POST',
  url: '/api/postArticleContent',
  body: { id: '5afd31d8f228fe7b05b67e00' },
  costTime: 3,
  response: 
   { status: 200,
     message: 'OK',
     header: 
      { 'access-control-allow-origin': 'http://localhost:8081',
        'content-type': 'application/json; charset=utf-8' },
     body: { status: 200, data: [Object] } } }
[2018-05-24T10:48:35.069] [INFO] response - { method: 'POST',
  url: '/api/deleteArticle',
  body: { id: '5afd31d8f228fe7b05b67e00' },
  costTime: 3,
  response: 
   { status: 404,
     message: 'Not Found',
     header: 
      { 'access-control-allow-origin': 'http://localhost:8081',
        'content-type': 'application/json; charset=utf-8' },
     body: undefined } }
[2018-05-24T10:48:38.168] [INFO] response - { method: 'POST',
  url: '/api/postArticleContent',
  body: { id: '5afd31d8f228fe7b05b67e00' },
  costTime: 2,
  response: 
   { status: 200,
     message: 'OK',
     header: 
      { 'access-control-allow-origin': 'http://localhost:8081',
        'content-type': 'application/json; charset=utf-8' },
     body: { status: 200, data: [Object] } } }
[2018-05-24T10:48:38.635] [INFO] response - { method: 'POST',
  url: '/api/postArticleContent',
  body: { id: '5b03c91904f97674c3c1989d' },
  costTime: 3,
  response: 
   { status: 200,
     message: 'OK',
     header: 
      { 'access-control-allow-origin': 'http://localhost:8081',
        'content-type': 'application/json; charset=utf-8' },
     body: { status: 200, data: [Object] } } }
[2018-05-24T10:48:39.195] [INFO] response - { method: 'POST',
  url: '/api/postArticleContent',
  body: { id: '5afd31d8f228fe7b05b67e00' },
  costTime: 3,
  response: 
   { status: 200,
     message: 'OK',
     header: 
      { 'access-control-allow-origin': 'http://localhost:8081',
        'content-type': 'application/json; charset=utf-8' },
     body: { status: 200, data: [Object] } } }
[2018-05-24T10:48:40.936] [INFO] response - { method: 'POST',
  url: '/api/deleteArticle',
  body: { id: '5afd31d8f228fe7b05b67e00' },
  costTime: 6,
  response: 
   { status: 404,
     message: 'Not Found',
     header: 
      { 'access-control-allow-origin': 'http://localhost:8081',
        'content-type': 'application/json; charset=utf-8' },
     body: undefined } }
[2018-05-24T10:49:28.689] [INFO] response - { method: 'POST',
  url: '/api/deleteArticle',
  body: { id: '5afd31d8f228fe7b05b67e00' },
  costTime: 14,
  response: 
   { status: 200,
     message: 'OK',
     header: 
      { 'access-control-allow-origin': 'http://localhost:8081',
        'content-type': 'application/json; charset=utf-8' },
     body: { status: 200, msg: '\b文章删除成功' } } }
[2018-05-24T10:50:11.762] [INFO] response - { method: 'GET',
  url: '/api/getArticleList',
  body: {},
  costTime: 7,
  response: 
   { status: 200,
     message: 'OK',
     header: 
      { 'access-control-allow-origin': 'http://localhost:8081',
        'content-type': 'application/json; charset=utf-8' },
     body: { status: 200, msg: '获取文章列表成功', data: [Array] } } }
[2018-05-24T10:52:02.796] [INFO] response - { method: 'GET',
  url: '/api/getArticleList',
  body: {},
  costTime: 5,
  response: 
   { status: 200,
     message: 'OK',
     header: 
      { 'access-control-allow-origin': 'http://localhost:8081',
        'content-type': 'application/json; charset=utf-8' },
     body: { status: 200, msg: '获取文章列表成功', data: [Array] } } }
[2018-05-24T10:53:00.935] [INFO] response - { method: 'GET',
  url: '/api/getArticleList',
  body: {},
  costTime: 6,
  response: 
   { status: 200,
     message: 'OK',
     header: 
      { 'access-control-allow-origin': 'http://localhost:8081',
        'content-type': 'application/json; charset=utf-8' },
     body: { status: 200, msg: '获取文章列表成功', data: [Array] } } }
[2018-05-24T10:53:08.643] [INFO] response - { method: 'POST',
  url: '/api/postArticleContent',
  body: { id: '5b03c91904f97674c3c1989d' },
  costTime: 7,
  response: 
   { status: 200,
     message: 'OK',
     header: 
      { 'access-control-allow-origin': 'http://localhost:8081',
        'content-type': 'application/json; charset=utf-8' },
     body: { status: 200, data: [Object] } } }
[2018-05-24T10:53:13.675] [INFO] response - { method: 'POST',
  url: '/api/deleteArticle',
  body: { id: '5b03c91904f97674c3c1989d' },
  costTime: 8,
  response: 
   { status: 200,
     message: 'OK',
     header: 
      { 'access-control-allow-origin': 'http://localhost:8081',
        'content-type': 'application/json; charset=utf-8' },
     body: { status: 200, msg: '\b文章删除成功' } } }
[2018-05-24T10:53:19.245] [INFO] response - { method: 'GET',
  url: '/api/getArticleList',
  body: {},
  costTime: 4,
  response: 
   { status: 200,
     message: 'OK',
     header: 
      { 'access-control-allow-origin': 'http://localhost:8081',
        'content-type': 'application/json; charset=utf-8' },
     body: { status: 200, msg: '获取文章列表成功', data: [Array] } } }
[2018-05-24T13:43:05.660] [INFO] response - { method: 'GET',
  url: '/api/getArticleList',
  body: {},
  costTime: 15,
  response: 
   { status: 200,
     message: 'OK',
     header: 
      { 'access-control-allow-origin': 'http://localhost:8081',
        'content-type': 'application/json; charset=utf-8' },
     body: { status: 200, msg: '获取文章列表成功', data: [Array] } } }
[2018-05-24T13:43:08.037] [INFO] response - { method: 'POST',
  url: '/api/postArticleContent',
  body: { id: '5afd315ee53b923d4cd09252' },
  costTime: 3,
  response: 
   { status: 200,
     message: 'OK',
     header: 
      { 'access-control-allow-origin': 'http://localhost:8081',
        'content-type': 'application/json; charset=utf-8' },
     body: { status: 200, data: [Object] } } }
[2018-05-24T13:43:09.691] [INFO] response - { method: 'POST',
  url: '/api/deleteArticle',
  body: { id: '5afd315ee53b923d4cd09252' },
  costTime: 3,
  response: 
   { status: 200,
     message: 'OK',
     header: 
      { 'access-control-allow-origin': 'http://localhost:8081',
        'content-type': 'application/json; charset=utf-8' },
     body: { status: 200, msg: '\b文章删除成功' } } }
[2018-05-24T13:43:12.229] [INFO] response - { method: 'GET',
  url: '/api/getArticleList',
  body: {},
  costTime: 2,
  response: 
   { status: 200,
     message: 'OK',
     header: 
      { 'access-control-allow-origin': 'http://localhost:8081',
        'content-type': 'application/json; charset=utf-8' },
     body: { status: 200, msg: '获取文章列表成功', data: [Array] } } }
[2018-05-24T13:43:12.936] [INFO] response - { method: 'POST',
  url: '/api/postArticleContent',
  body: { id: '5afa9c4eec988955bcf0efc2' },
  costTime: 3,
  response: 
   { status: 200,
     message: 'OK',
     header: 
      { 'access-control-allow-origin': 'http://localhost:8081',
        'content-type': 'application/json; charset=utf-8' },
     body: { status: 200, data: [Object] } } }
[2018-05-24T13:43:15.945] [INFO] response - { method: 'POST',
  url: '/api/ArticleList',
  body: {},
  costTime: 34,
  response: 
   { status: 200,
     message: 'OK',
     header: 
      { 'access-control-allow-origin': 'http://localhost:8081',
        'content-type': 'application/json; charset=utf-8' },
     body: { status: 200, success: true, data: [Object], msg: '添加成功' } } }
[2018-05-24T13:43:16.515] [INFO] response - { method: 'POST',
  url: '/api/ArticleList',
  body: {},
  costTime: 4,
  response: 
   { status: 200,
     message: 'OK',
     header: 
      { 'access-control-allow-origin': 'http://localhost:8081',
        'content-type': 'application/json; charset=utf-8' },
     body: { status: 200, success: true, data: [Object], msg: '添加成功' } } }
[2018-05-24T13:43:19.275] [INFO] response - { method: 'GET',
  url: '/api/getArticleList',
  body: {},
  costTime: 3,
  response: 
   { status: 200,
     message: 'OK',
     header: 
      { 'access-control-allow-origin': 'http://localhost:8081',
        'content-type': 'application/json; charset=utf-8' },
     body: { status: 200, msg: '获取文章列表成功', data: [Array] } } }
[2018-05-24T15:31:24.038] [INFO] response - { method: 'GET',
  url: '/api/getArticleList',
  body: {},
  costTime: 13,
  response: 
   { status: 200,
     message: 'OK',
     header: 
      { 'access-control-allow-origin': 'http://localhost:8081',
        'content-type': 'application/json; charset=utf-8' },
     body: { status: 200, msg: '获取文章列表成功', data: [Array] } } }
[2018-05-24T15:31:28.637] [INFO] response - { method: 'GET',
  url: '/api/getArticleList',
  body: {},
  costTime: 3,
  response: 
   { status: 200,
     message: 'OK',
     header: 
      { 'access-control-allow-origin': 'http://localhost:8081',
        'content-type': 'application/json; charset=utf-8' },
     body: { status: 200, msg: '获取文章列表成功', data: [Array] } } }
[2018-05-24T15:31:30.308] [INFO] response - { method: 'GET',
  url: '/api/getArticleList',
  body: {},
  costTime: 3,
  response: 
   { status: 200,
     message: 'OK',
     header: 
      { 'access-control-allow-origin': 'http://localhost:8081',
        'content-type': 'application/json; charset=utf-8' },
     body: { status: 200, msg: '获取文章列表成功', data: [Array] } } }
[2018-05-24T17:14:00.877] [INFO] response - { method: 'GET',
  url: '/api/getArticleList',
  body: {},
  costTime: 39,
  response: 
   { status: 200,
     message: 'OK',
     header: 
      { 'access-control-allow-origin': 'http://localhost:8081',
        'content-type': 'application/json; charset=utf-8' },
     body: { status: 200, msg: '获取文章列表成功', data: [Array] } } }
[2018-05-24T17:14:03.311] [INFO] response - { method: 'POST',
  url: '/api/postArticleContent',
  body: { id: '5b0650f4c49497637f151765' },
  costTime: 12,
  response: 
   { status: 200,
     message: 'OK',
     header: 
      { 'access-control-allow-origin': 'http://localhost:8081',
        'content-type': 'application/json; charset=utf-8' },
     body: { status: 200, data: [Object] } } }
[2018-05-24T17:15:37.473] [INFO] response - { method: 'POST',
  url: '/api/postArticleContent',
  body: { id: '5b0650f4c49497637f151765' },
  costTime: 22,
  response: 
   { status: 200,
     message: 'OK',
     header: 
      { 'access-control-allow-origin': 'http://localhost:8081',
        'content-type': 'application/json; charset=utf-8' },
     body: { status: 200, data: [Object] } } }
[2018-05-24T17:17:53.199] [INFO] response - { method: 'POST',
  url: '/api/postArticleContent',
  body: { id: '5b0650f3c49497637f151764' },
  costTime: 29,
  response: 
   { status: 200,
     message: 'OK',
     header: 
      { 'access-control-allow-origin': 'http://localhost:8081',
        'content-type': 'application/json; charset=utf-8' },
     body: { status: 200, data: [Object] } } }
[2018-05-24T17:17:53.589] [INFO] response - { method: 'POST',
  url: '/api/postArticleContent',
  body: { id: '5b0650f4c49497637f151765' },
  costTime: 9,
  response: 
   { status: 200,
     message: 'OK',
     header: 
      { 'access-control-allow-origin': 'http://localhost:8081',
        'content-type': 'application/json; charset=utf-8' },
     body: { status: 200, data: [Object] } } }
[2018-05-24T17:17:54.562] [INFO] response - { method: 'POST',
  url: '/api/upArticle',
  body: 
   { id: '5b0650f4c49497637f151765',
     title: '新标题',
     creatTime: '2018-05-24 13:43',
     content: ' ' },
  costTime: 109,
  response: 
   { status: 200,
     message: 'OK',
     header: 
      { 'access-control-allow-origin': 'http://localhost:8081',
        'content-type': 'application/json; charset=utf-8' },
     body: { status: 200, success: true, data: [Object], msg: '发布成功' } } }
[2018-05-24T17:32:17.987] [INFO] response - { method: 'POST',
  url: '/api/postArticleContent',
  body: { id: '5b0650f3c49497637f151764' },
  costTime: 28,
  response: 
   { status: 200,
     message: 'OK',
     header: 
      { 'access-control-allow-origin': 'http://localhost:8081',
        'content-type': 'application/json; charset=utf-8' },
     body: { status: 200, data: [Object] } } }
[2018-05-24T17:32:19.047] [INFO] response - { method: 'POST',
  url: '/api/upArticle',
  body: 
   { id: '5b0650f3c49497637f151764',
     title: '新标题',
     creatTime: '2018-05-24 13:43',
     content: ' ' },
  costTime: 35,
  response: 
   { status: 200,
     message: 'OK',
     header: 
      { 'access-control-allow-origin': 'http://localhost:8081',
        'content-type': 'application/json; charset=utf-8' },
     body: { status: 200, success: true, data: [Object], msg: '发布成功' } } }
[2018-05-24T17:33:48.499] [INFO] response - { method: 'POST',
  url: '/api/postArticleContent',
  body: { id: '5b0650f4c49497637f151765' },
  costTime: 37,
  response: 
   { status: 200,
     message: 'OK',
     header: 
      { 'access-control-allow-origin': 'http://localhost:8081',
        'content-type': 'application/json; charset=utf-8' },
     body: { status: 200, data: [Object] } } }
[2018-05-24T17:33:49.817] [INFO] response - { method: 'POST',
  url: '/api/upArticle',
  body: 
   { id: '5b0650f4c49497637f151765',
     title: '新标题',
     creatTime: '2018-05-24 13:43',
     content: ' ' },
  costTime: 33,
  response: 
   { status: 200,
     message: 'OK',
     header: 
      { 'access-control-allow-origin': 'http://localhost:8081',
        'content-type': 'application/json; charset=utf-8' },
     body: { status: 200, success: true, data: [Object], msg: '发布成功' } } }
[2018-05-24T17:40:42.396] [INFO] response - { method: 'POST',
  url: '/api/postArticleContent',
  body: { id: '5b0650f3c49497637f151764' },
  costTime: 43,
  response: 
   { status: 200,
     message: 'OK',
     header: 
      { 'access-control-allow-origin': 'http://localhost:8081',
        'content-type': 'application/json; charset=utf-8' },
     body: { status: 200, data: [Object] } } }
[2018-05-24T17:40:42.730] [INFO] response - { method: 'POST',
  url: '/api/postArticleContent',
  body: { id: '5b0650f4c49497637f151765' },
  costTime: 7,
  response: 
   { status: 200,
     message: 'OK',
     header: 
      { 'access-control-allow-origin': 'http://localhost:8081',
        'content-type': 'application/json; charset=utf-8' },
     body: { status: 200, data: [Object] } } }
[2018-05-24T17:41:06.174] [INFO] response - { method: 'POST',
  url: '/api/postArticleContent',
  body: { id: '5b0650f3c49497637f151764' },
  costTime: 26,
  response: 
   { status: 200,
     message: 'OK',
     header: 
      { 'access-control-allow-origin': 'http://localhost:8081',
        'content-type': 'application/json; charset=utf-8' },
     body: { status: 200, data: [Object] } } }
[2018-05-24T17:41:07.583] [INFO] response - { method: 'POST',
  url: '/api/upArticle',
  body: 
   { id: '5b0650f3c49497637f151764',
     title: '新标题',
     creatTime: '2018-05-24 13:43',
     content: ' ' },
  costTime: 32,
  response: 
   { status: 200,
     message: 'OK',
     header: 
      { 'access-control-allow-origin': 'http://localhost:8081',
        'content-type': 'application/json; charset=utf-8' },
     body: { status: 200, success: true, data: [Object], msg: '发布成功' } } }
[2018-05-24T17:43:44.861] [INFO] response - { method: 'POST',
  url: '/api/postArticleContent',
  body: { id: '5b0650f4c49497637f151765' },
  costTime: 23,
  response: 
   { status: 200,
     message: 'OK',
     header: 
      { 'access-control-allow-origin': 'http://localhost:8081',
        'content-type': 'application/json; charset=utf-8' },
     body: { status: 200, data: [Object] } } }
[2018-05-24T17:43:45.680] [INFO] response - { method: 'POST',
  url: '/api/upArticle',
  body: 
   { id: '5b0650f4c49497637f151765',
     title: '新标题',
     creatTime: '2018-05-24 13:43',
     content: ' ' },
  costTime: 35,
  response: 
   { status: 200,
     message: 'OK',
     header: 
      { 'access-control-allow-origin': 'http://localhost:8081',
        'content-type': 'application/json; charset=utf-8' },
     body: { status: 200, success: true, data: [Object], msg: '发布成功' } } }
[2018-05-24T17:59:23.319] [INFO] response - { method: 'GET',
  url: '/api/getArticleList',
  body: {},
  costTime: 27,
  response: 
   { status: 200,
     message: 'OK',
     header: 
      { 'access-control-allow-origin': 'http://localhost:8081',
        'content-type': 'application/json; charset=utf-8' },
     body: { status: 200, msg: '获取文章列表成功', data: [] } } }
[2018-05-24T17:59:24.130] [INFO] response - { method: 'POST',
  url: '/api/ArticleList',
  body: {},
  costTime: 26,
  response: 
   { status: 200,
     message: 'OK',
     header: 
      { 'access-control-allow-origin': 'http://localhost:8081',
        'content-type': 'application/json; charset=utf-8' },
     body: { status: 200, success: true, data: [Object], msg: '添加成功' } } }
[2018-05-24T17:59:25.204] [INFO] response - { method: 'POST',
  url: '/api/postArticleContent',
  body: { id: '5b068cfcd3c8fc5271811634' },
  costTime: 8,
  response: 
   { status: 200,
     message: 'OK',
     header: 
      { 'access-control-allow-origin': 'http://localhost:8081',
        'content-type': 'application/json; charset=utf-8' },
     body: { status: 200, data: [Object] } } }
[2018-05-24T17:59:26.823] [INFO] response - { method: 'POST',
  url: '/api/upArticle',
  body: 
   { id: '5b068cfcd3c8fc5271811634',
     title: '新标题',
     creatTime: '2018-05-24 17:59',
     content: ' ' },
  costTime: 15,
  response: 
   { status: 200,
     message: 'OK',
     header: 
      { 'access-control-allow-origin': 'http://localhost:8081',
        'content-type': 'application/json; charset=utf-8' },
     body: { status: 200, success: true, data: [Object], msg: '发布成功' } } }
[2018-05-24T18:00:58.689] [INFO] response - { method: 'POST',
  url: '/api/ArticleList',
  body: {},
  costTime: 30,
  response: 
   { status: 200,
     message: 'OK',
     header: 
      { 'access-control-allow-origin': 'http://localhost:8081',
        'content-type': 'application/json; charset=utf-8' },
     body: { status: 200, success: true, data: [Object], msg: '添加成功' } } }
[2018-05-24T18:00:59.468] [INFO] response - { method: 'POST',
  url: '/api/postArticleContent',
  body: { id: '5b068d5af896b253aed6be6c' },
  costTime: 23,
  response: 
   { status: 200,
     message: 'OK',
     header: 
      { 'access-control-allow-origin': 'http://localhost:8081',
        'content-type': 'application/json; charset=utf-8' },
     body: { status: 200, data: [Object] } } }
[2018-05-24T18:01:00.723] [INFO] response - { method: 'POST',
  url: '/api/upArticle',
  body: 
   { id: '5b068d5af896b253aed6be6c',
     title: '新标题',
     creatTime: '2018-05-24 18:00',
     content: ' ' },
  costTime: 25,
  response: 
   { status: 200,
     message: 'OK',
     header: 
      { 'access-control-allow-origin': 'http://localhost:8081',
        'content-type': 'application/json; charset=utf-8' },
     body: { status: 200, success: true, data: [Object], msg: '发布成功' } } }
