[2018-08-15T15:54:40.859] [INFO] response - { method: 'GET',
  url: '/',
  body: {},
  costTime: 6,
  response: 
   { status: 404,
     message: 'Not Found',
     header: { 'access-control-allow-origin': '*' },
     body: undefined } }
[2018-08-15T15:54:41.250] [INFO] response - { method: 'GET',
  url: '/favicon.ico',
  body: {},
  costTime: 1,
  response: 
   { status: 404,
     message: 'Not Found',
     header: { 'access-control-allow-origin': '*' },
     body: undefined } }
[2018-08-15T15:55:05.098] [INFO] response - { method: 'POST',
  url: '/api/login',
  body: { username: '17602004746', password: 'wokaopy123' },
  costTime: 116,
  response: 
   { status: 200,
     message: 'OK',
     header: 
      { 'access-control-allow-origin': 'http://localhost:8081',
        'content-type': 'application/json; charset=utf-8' },
     body: 
      { status: 200,
        success: true,
        token: 'eyJhbGciOiJIUzI1NiIsInR5cCI6IkpXVCJ9.eyJ1c2VfaWQiOiIxNzYwMjAwNDc0NiIsImlhdCI6MTUzNDMxOTcwNSwiZXhwIjoxNTM0OTI0NTA1fQ.UbwEvMPp4mBHwzueBMFOXvgEx3ZRFBR_Y526uD1y6oA',
        msg: '恭喜主人,登录成功' } } }
[2018-08-15T15:55:05.374] [INFO] response - { method: 'POST',
  url: '/api/getStatistics',
  body: {},
  costTime: 15,
  response: 
   { status: 404,
     message: 'Not Found',
     header: 
      { 'access-control-allow-origin': 'http://localhost:8081',
        'content-type': 'application/json; charset=utf-8' },
     body: undefined } }
[2018-08-15T15:55:08.033] [INFO] response - { method: 'GET',
  url: '/api/getArticleList',
  body: {},
  costTime: 6,
  response: 
   { status: 200,
     message: 'OK',
     header: 
      { 'access-control-allow-origin': 'http://localhost:8081',
        'content-type': 'application/json; charset=utf-8' },
     body: { status: 200, msg: '获取文章列表成功', data: [Array] } } }
[2018-08-15T16:25:21.607] [INFO] response - { method: 'GET',
  url: '/api/getArticleList',
  body: {},
  costTime: 4,
  response: 
   { status: 200,
     message: 'OK',
     header: 
      { 'access-control-allow-origin': 'http://localhost:8081',
        'content-type': 'application/json; charset=utf-8' },
     body: { status: 200, msg: '获取文章列表成功', data: [Array] } } }
[2018-08-15T16:25:21.616] [INFO] response - { method: 'POST',
  url: '/api/getStatistics',
  body: {},
  costTime: 3,
  response: 
   { status: 404,
     message: 'Not Found',
     header: 
      { 'access-control-allow-origin': 'http://localhost:8081',
        'content-type': 'application/json; charset=utf-8' },
     body: undefined } }
[2018-08-15T16:28:00.160] [INFO] response - { method: 'POST',
  url: '/api/getStatistics',
  body: {},
  costTime: 22,
  response: 
   { status: 404,
     message: 'Not Found',
     header: 
      { 'access-control-allow-origin': 'http://localhost:8081',
        'content-type': 'application/json; charset=utf-8' },
     body: undefined } }
[2018-08-15T16:28:00.235] [INFO] response - { method: 'GET',
  url: '/api/getArticleList',
  body: {},
  costTime: 30,
  response: 
   { status: 200,
     message: 'OK',
     header: 
      { 'access-control-allow-origin': 'http://localhost:8081',
        'content-type': 'application/json; charset=utf-8' },
     body: { status: 200, msg: '获取文章列表成功', data: [Array] } } }
[2018-08-15T16:28:29.144] [INFO] response - { method: 'POST',
  url: '/api/getStatistics',
  body: {},
  costTime: 5,
  response: 
   { status: 404,
     message: 'Not Found',
     header: 
      { 'access-control-allow-origin': 'http://localhost:8081',
        'content-type': 'application/json; charset=utf-8' },
     body: undefined } }
[2018-08-15T16:28:29.169] [INFO] response - { method: 'GET',
  url: '/api/getArticleList',
  body: {},
  costTime: 61,
  response: 
   { status: 200,
     message: 'OK',
     header: 
      { 'access-control-allow-origin': 'http://localhost:8081',
        'content-type': 'application/json; charset=utf-8' },
     body: { status: 200, msg: '获取文章列表成功', data: [Array] } } }
[2018-08-15T16:30:10.668] [INFO] response - { method: 'POST',
  url: '/api/getStatistics',
  body: {},
  costTime: 7,
  response: 
   { status: 404,
     message: 'Not Found',
     header: 
      { 'access-control-allow-origin': 'http://localhost:8081',
        'content-type': 'application/json; charset=utf-8' },
     body: undefined } }
[2018-08-15T16:30:10.696] [INFO] response - { method: 'GET',
  url: '/api/getArticleList',
  body: {},
  costTime: 65,
  response: 
   { status: 200,
     message: 'OK',
     header: 
      { 'access-control-allow-origin': 'http://localhost:8081',
        'content-type': 'application/json; charset=utf-8' },
     body: { status: 200, msg: '获取文章列表成功', data: [Array] } } }
[2018-08-15T16:31:11.079] [INFO] response - { method: 'POST',
  url: '/api/getStatistics',
  body: {},
  costTime: 2,
  response: 
   { status: 404,
     message: 'Not Found',
     header: 
      { 'access-control-allow-origin': 'http://localhost:8081',
        'content-type': 'application/json; charset=utf-8' },
     body: undefined } }
[2018-08-15T16:31:11.092] [INFO] response - { method: 'GET',
  url: '/api/getArticleList',
  body: {},
  costTime: 7,
  response: 
   { status: 200,
     message: 'OK',
     header: 
      { 'access-control-allow-origin': 'http://localhost:8081',
        'content-type': 'application/json; charset=utf-8' },
     body: { status: 200, msg: '获取文章列表成功', data: [Array] } } }
[2018-08-15T16:32:26.503] [INFO] response - { method: 'POST',
  url: '/api/getStatistics',
  body: {},
  costTime: 20,
  response: 
   { status: 404,
     message: 'Not Found',
     header: 
      { 'access-control-allow-origin': 'http://localhost:8081',
        'content-type': 'application/json; charset=utf-8' },
     body: undefined } }
[2018-08-15T16:35:18.937] [INFO] response - { method: 'GET',
  url: '/api/getArticleList',
  body: {},
  costTime: 49,
  response: 
   { status: 200,
     message: 'OK',
     header: 
      { 'access-control-allow-origin': 'http://localhost:8081',
        'content-type': 'application/json; charset=utf-8' },
     body: { status: 200, msg: '获取文章列表成功', data: [Array] } } }
[2018-08-15T16:35:18.974] [INFO] response - { method: 'POST',
  url: '/api/getStatistics',
  body: {},
  costTime: 61,
  response: 
   { status: 200,
     message: 'OK',
     header: 
      { 'access-control-allow-origin': 'http://localhost:8081',
        'content-type': 'application/json; charset=utf-8' },
     body: { status: 200, msg: '获取统计成功', data: [Array] } } }
[2018-08-15T16:36:20.797] [INFO] response - { method: 'POST',
  url: '/api/getStatistics',
  body: {},
  costTime: 75,
  response: 
   { status: 200,
     message: 'OK',
     header: 
      { 'access-control-allow-origin': 'http://localhost:8081',
        'content-type': 'application/json; charset=utf-8' },
     body: { status: 200, msg: '获取统计成功', data: [Array] } } }
[2018-08-15T16:36:20.813] [INFO] response - { method: 'GET',
  url: '/api/getArticleList',
  body: {},
  costTime: 47,
  response: 
   { status: 200,
     message: 'OK',
     header: 
      { 'access-control-allow-origin': 'http://localhost:8081',
        'content-type': 'application/json; charset=utf-8' },
     body: { status: 200, msg: '获取文章列表成功', data: [Array] } } }
[2018-08-15T16:42:52.739] [INFO] response - { method: 'GET',
  url: '/api/getArticleList',
  body: {},
  costTime: 34,
  response: 
   { status: 200,
     message: 'OK',
     header: 
      { 'access-control-allow-origin': 'http://localhost:8081',
        'content-type': 'application/json; charset=utf-8' },
     body: { status: 200, msg: '获取文章列表成功', data: [Array] } } }
[2018-08-15T16:42:52.760] [INFO] response - { method: 'POST',
  url: '/api/getStatistics',
  body: {},
  costTime: 34,
  response: 
   { status: 200,
     message: 'OK',
     header: 
      { 'access-control-allow-origin': 'http://localhost:8081',
        'content-type': 'application/json; charset=utf-8' },
     body: { status: 200, msg: '获取统计成功', data: [Object] } } }
[2018-08-15T16:43:45.517] [INFO] response - { method: 'GET',
  url: '/api/getArticleList',
  body: {},
  costTime: 6,
  response: 
   { status: 200,
     message: 'OK',
     header: 
      { 'access-control-allow-origin': 'http://localhost:8081',
        'content-type': 'application/json; charset=utf-8' },
     body: { status: 200, msg: '获取文章列表成功', data: [Array] } } }
[2018-08-15T16:43:45.522] [INFO] response - { method: 'POST',
  url: '/api/getStatistics',
  body: {},
  costTime: 7,
  response: 
   { status: 200,
     message: 'OK',
     header: 
      { 'access-control-allow-origin': 'http://localhost:8081',
        'content-type': 'application/json; charset=utf-8' },
     body: { status: 200, msg: '获取统计成功', data: [Object] } } }
[2018-08-15T16:44:56.318] [INFO] response - { method: 'GET',
  url: '/api/getArticleList',
  body: {},
  costTime: 35,
  response: 
   { status: 200,
     message: 'OK',
     header: 
      { 'access-control-allow-origin': 'http://localhost:8081',
        'content-type': 'application/json; charset=utf-8' },
     body: { status: 200, msg: '获取文章列表成功', data: [Array] } } }
[2018-08-15T16:44:56.352] [INFO] response - { method: 'POST',
  url: '/api/getStatistics',
  body: {},
  costTime: 46,
  response: 
   { status: 200,
     message: 'OK',
     header: 
      { 'access-control-allow-origin': 'http://localhost:8081',
        'content-type': 'application/json; charset=utf-8' },
     body: { status: 200, msg: '获取统计成功', data: [Object] } } }
[2018-08-15T16:45:24.459] [INFO] response - { method: 'GET',
  url: '/api/getArticleList',
  body: {},
  costTime: 8,
  response: 
   { status: 200,
     message: 'OK',
     header: 
      { 'access-control-allow-origin': 'http://localhost:8081',
        'content-type': 'application/json; charset=utf-8' },
     body: { status: 200, msg: '获取文章列表成功', data: [Array] } } }
[2018-08-15T16:45:24.464] [INFO] response - { method: 'POST',
  url: '/api/getStatistics',
  body: {},
  costTime: 10,
  response: 
   { status: 200,
     message: 'OK',
     header: 
      { 'access-control-allow-origin': 'http://localhost:8081',
        'content-type': 'application/json; charset=utf-8' },
     body: { status: 200, msg: '获取统计成功', data: [Object] } } }
[2018-08-15T16:45:37.412] [INFO] response - { method: 'POST',
  url: '/api/getStatistics',
  body: {},
  costTime: 7,
  response: 
   { status: 200,
     message: 'OK',
     header: 
      { 'access-control-allow-origin': 'http://localhost:8081',
        'content-type': 'application/json; charset=utf-8' },
     body: { status: 200, msg: '获取统计成功', data: [Object] } } }
[2018-08-15T16:45:37.416] [INFO] response - { method: 'GET',
  url: '/api/getArticleList',
  body: {},
  costTime: 7,
  response: 
   { status: 200,
     message: 'OK',
     header: 
      { 'access-control-allow-origin': 'http://localhost:8081',
        'content-type': 'application/json; charset=utf-8' },
     body: { status: 200, msg: '获取文章列表成功', data: [Array] } } }
