[2018-06-26T08:50:03.364] [INFO] response - { method: 'POST',
  url: '/api/login',
  body: { username: '17602004746', password: 'wokaopy123' },
  costTime: 40,
  response: 
   { status: 200,
     message: 'OK',
     header: 
      { 'access-control-allow-origin': 'http://localhost:8080',
        'content-type': 'application/json; charset=utf-8' },
     body: 
      { status: 200,
        success: true,
        token: 'eyJhbGciOiJIUzI1NiIsInR5cCI6IkpXVCJ9.eyJ1c2VfaWQiOiIxNzYwMjAwNDc0NiIsImlhdCI6MTUyOTk3NDIwMywiZXhwIjoxNTMwNTc5MDAzfQ.FUTSki-iACSwP6nCSi-41yA8IqQ9VGewyh7YoXkVj2c',
        msg: '恭喜主人,登录成功' } } }
[2018-06-26T08:50:09.312] [INFO] response - { method: 'GET',
  url: '/api/getArticleList',
  body: {},
  costTime: 7,
  response: 
   { status: 200,
     message: 'OK',
     header: 
      { 'access-control-allow-origin': 'http://localhost:8080',
        'content-type': 'application/json; charset=utf-8' },
     body: { status: 200, msg: '获取文章列表成功', data: [Array] } } }
[2018-06-26T08:50:33.365] [INFO] response - { method: 'POST',
  url: '/api/login',
  body: { username: '17602004746', password: 'wokaopy123' },
  costTime: 9,
  response: 
   { status: 200,
     message: 'OK',
     header: 
      { 'access-control-allow-origin': 'http://localhost:8080',
        'content-type': 'application/json; charset=utf-8' },
     body: 
      { status: 200,
        success: true,
        token: 'eyJhbGciOiJIUzI1NiIsInR5cCI6IkpXVCJ9.eyJ1c2VfaWQiOiIxNzYwMjAwNDc0NiIsImlhdCI6MTUyOTk3NDIzMywiZXhwIjoxNTMwNTc5MDMzfQ.zqP8-B5D44vqqwggx10V8HC2s6kMqdpzPRTAbuq-Wng',
        msg: '恭喜主人,登录成功' } } }
[2018-06-26T08:50:35.962] [INFO] response - { method: 'GET',
  url: '/api/getArticleList',
  body: {},
  costTime: 3,
  response: 
   { status: 200,
     message: 'OK',
     header: 
      { 'access-control-allow-origin': 'http://localhost:8080',
        'content-type': 'application/json; charset=utf-8' },
     body: { status: 200, msg: '获取文章列表成功', data: [Array] } } }
[2018-06-26T08:50:37.362] [INFO] response - { method: 'POST',
  url: '/api/postArticleContent',
  body: { id: '5b23652fb29f74338b2c158f' },
  costTime: 6,
  response: 
   { status: 200,
     message: 'OK',
     header: 
      { 'access-control-allow-origin': 'http://localhost:8080',
        'content-type': 'application/json; charset=utf-8' },
     body: { status: 200, data: [Object] } } }
[2018-06-26T08:50:51.160] [INFO] response - { method: 'GET',
  url: '/api/getArticleList',
  body: {},
  costTime: 2,
  response: 
   { status: 200,
     message: 'OK',
     header: 
      { 'access-control-allow-origin': 'http://localhost:8080',
        'content-type': 'application/json; charset=utf-8' },
     body: { status: 200, msg: '获取文章列表成功', data: [Array] } } }
[2018-06-26T08:50:52.570] [INFO] response - { method: 'POST',
  url: '/api/postArticleContent',
  body: { id: '5b23652fb29f74338b2c158f' },
  costTime: 11,
  response: 
   { status: 200,
     message: 'OK',
     header: 
      { 'access-control-allow-origin': 'http://localhost:8080',
        'content-type': 'application/json; charset=utf-8' },
     body: { status: 200, data: [Object] } } }
[2018-06-26T08:52:23.198] [INFO] response - { method: 'GET',
  url: '/api/getArticleList',
  body: {},
  costTime: 2,
  response: 
   { status: 200,
     message: 'OK',
     header: 
      { 'access-control-allow-origin': 'http://localhost:8080',
        'content-type': 'application/json; charset=utf-8' },
     body: { status: 200, msg: '获取文章列表成功', data: [Array] } } }
[2018-06-26T08:52:57.937] [INFO] response - { method: 'GET',
  url: '/api/getArticleList',
  body: {},
  costTime: 2,
  response: 
   { status: 200,
     message: 'OK',
     header: 
      { 'access-control-allow-origin': 'http://localhost:8080',
        'content-type': 'application/json; charset=utf-8' },
     body: { status: 200, msg: '获取文章列表成功', data: [Array] } } }
[2018-06-26T08:54:01.780] [INFO] response - { method: 'GET',
  url: '/api/getArticleList',
  body: {},
  costTime: 3,
  response: 
   { status: 200,
     message: 'OK',
     header: 
      { 'access-control-allow-origin': 'http://localhost:8080',
        'content-type': 'application/json; charset=utf-8' },
     body: { status: 200, msg: '获取文章列表成功', data: [Array] } } }
[2018-06-26T08:54:10.369] [INFO] response - { method: 'POST',
  url: '/api/postArticleContent',
  body: { id: '5b23652fb29f74338b2c158f' },
  costTime: 3,
  response: 
   { status: 200,
     message: 'OK',
     header: 
      { 'access-control-allow-origin': 'http://localhost:8080',
        'content-type': 'application/json; charset=utf-8' },
     body: { status: 200, data: [Object] } } }
[2018-06-26T08:54:11.751] [INFO] response - { method: 'POST',
  url: '/api/upArticle',
  body: { id: '5b23652fb29f74338b2c158f' },
  costTime: 5,
  response: 
   { status: 200,
     message: 'OK',
     header: 
      { 'access-control-allow-origin': 'http://localhost:8080',
        'content-type': 'application/json; charset=utf-8' },
     body: { status: 200, msg: '上线成功' } } }
[2018-06-26T08:54:13.774] [INFO] response - { method: 'POST',
  url: '/api/postArticleContent',
  body: { id: '5b23652fb29f74338b2c158f' },
  costTime: 4,
  response: 
   { status: 200,
     message: 'OK',
     header: 
      { 'access-control-allow-origin': 'http://localhost:8080',
        'content-type': 'application/json; charset=utf-8' },
     body: { status: 200, data: [Object] } } }
[2018-06-26T08:54:18.463] [INFO] response - { method: 'GET',
  url: '/api/getArticleList',
  body: {},
  costTime: 6,
  response: 
   { status: 200,
     message: 'OK',
     header: 
      { 'access-control-allow-origin': 'http://localhost:8080',
        'content-type': 'application/json; charset=utf-8' },
     body: { status: 200, msg: '获取文章列表成功', data: [Array] } } }
[2018-06-26T08:54:19.925] [INFO] response - { method: 'POST',
  url: '/api/postArticleContent',
  body: { id: '5b23652fb29f74338b2c158f' },
  costTime: 4,
  response: 
   { status: 200,
     message: 'OK',
     header: 
      { 'access-control-allow-origin': 'http://localhost:8080',
        'content-type': 'application/json; charset=utf-8' },
     body: { status: 200, data: [Object] } } }
[2018-06-26T08:54:37.742] [INFO] response - { method: 'GET',
  url: '/api/getArticleList',
  body: {},
  costTime: 3,
  response: 
   { status: 200,
     message: 'OK',
     header: 
      { 'access-control-allow-origin': 'http://localhost:8080',
        'content-type': 'application/json; charset=utf-8' },
     body: { status: 200, msg: '获取文章列表成功', data: [Array] } } }
[2018-06-26T08:54:45.854] [INFO] response - { method: 'POST',
  url: '/api/postArticleContent',
  body: { id: '5b23652fb29f74338b2c158f' },
  costTime: 4,
  response: 
   { status: 200,
     message: 'OK',
     header: 
      { 'access-control-allow-origin': 'http://localhost:8080',
        'content-type': 'application/json; charset=utf-8' },
     body: { status: 200, data: [Object] } } }
[2018-06-26T08:54:58.917] [INFO] response - { method: 'GET',
  url: '/api/getArticleList',
  body: {},
  costTime: 1,
  response: 
   { status: 200,
     message: 'OK',
     header: 
      { 'access-control-allow-origin': 'http://localhost:8080',
        'content-type': 'application/json; charset=utf-8' },
     body: { status: 200, msg: '获取文章列表成功', data: [Array] } } }
[2018-06-26T08:55:02.983] [INFO] response - { method: 'GET',
  url: '/api/getArticleList',
  body: {},
  costTime: 2,
  response: 
   { status: 200,
     message: 'OK',
     header: 
      { 'access-control-allow-origin': 'http://localhost:8080',
        'content-type': 'application/json; charset=utf-8' },
     body: { status: 200, msg: '获取文章列表成功', data: [Array] } } }
[2018-06-26T08:55:15.794] [INFO] response - { method: 'GET',
  url: '/api/getArticleList',
  body: {},
  costTime: 4,
  response: 
   { status: 200,
     message: 'OK',
     header: 
      { 'access-control-allow-origin': 'http://localhost:8080',
        'content-type': 'application/json; charset=utf-8' },
     body: { status: 200, msg: '获取文章列表成功', data: [Array] } } }
[2018-06-26T08:55:16.857] [INFO] response - { method: 'POST',
  url: '/api/postArticleContent',
  body: { id: '5b23652fb29f74338b2c158f' },
  costTime: 2,
  response: 
   { status: 200,
     message: 'OK',
     header: 
      { 'access-control-allow-origin': 'http://localhost:8080',
        'content-type': 'application/json; charset=utf-8' },
     body: { status: 200, data: [Object] } } }
[2018-06-26T08:55:23.986] [INFO] response - { method: 'POST',
  url: '/api/postArticleContent',
  body: { id: '5b23652fb29f74338b2c158f' },
  costTime: 4,
  response: 
   { status: 200,
     message: 'OK',
     header: 
      { 'access-control-allow-origin': 'http://localhost:8080',
        'content-type': 'application/json; charset=utf-8' },
     body: { status: 200, data: [Object] } } }
[2018-06-26T08:55:43.955] [INFO] response - { method: 'GET',
  url: '/api/getArticleList',
  body: {},
  costTime: 5,
  response: 
   { status: 200,
     message: 'OK',
     header: 
      { 'access-control-allow-origin': 'http://localhost:8080',
        'content-type': 'application/json; charset=utf-8' },
     body: { status: 200, msg: '获取文章列表成功', data: [Array] } } }
[2018-06-26T08:55:47.998] [INFO] response - { method: 'POST',
  url: '/api/postArticleContent',
  body: { id: '5b23652fb29f74338b2c158f' },
  costTime: 3,
  response: 
   { status: 200,
     message: 'OK',
     header: 
      { 'access-control-allow-origin': 'http://localhost:8080',
        'content-type': 'application/json; charset=utf-8' },
     body: { status: 200, data: [Object] } } }
[2018-06-26T08:55:54.077] [INFO] response - { method: 'POST',
  url: '/api/upArticle',
  body: { id: '5b23652fb29f74338b2c158f' },
  costTime: 4,
  response: 
   { status: 200,
     message: 'OK',
     header: 
      { 'access-control-allow-origin': 'http://localhost:8080',
        'content-type': 'application/json; charset=utf-8' },
     body: { status: 200, msg: '上线成功' } } }
[2018-06-26T08:56:46.807] [INFO] response - { method: 'GET',
  url: '/api/getArticleList',
  body: {},
  costTime: 2,
  response: 
   { status: 200,
     message: 'OK',
     header: 
      { 'access-control-allow-origin': 'http://localhost:8080',
        'content-type': 'application/json; charset=utf-8' },
     body: { status: 200, msg: '获取文章列表成功', data: [Array] } } }
[2018-06-26T08:56:48.300] [INFO] response - { method: 'POST',
  url: '/api/postArticleContent',
  body: { id: '5b23652fb29f74338b2c158f' },
  costTime: 2,
  response: 
   { status: 200,
     message: 'OK',
     header: 
      { 'access-control-allow-origin': 'http://localhost:8080',
        'content-type': 'application/json; charset=utf-8' },
     body: { status: 200, data: [Object] } } }
[2018-06-26T08:57:23.457] [INFO] response - { method: 'GET',
  url: '/api/getArticleList',
  body: {},
  costTime: 3,
  response: 
   { status: 200,
     message: 'OK',
     header: 
      { 'access-control-allow-origin': 'http://localhost:8080',
        'content-type': 'application/json; charset=utf-8' },
     body: { status: 200, msg: '获取文章列表成功', data: [Array] } } }
[2018-06-26T08:57:35.853] [INFO] response - { method: 'POST',
  url: '/api/postArticleContent',
  body: { id: '5b23652fb29f74338b2c158f' },
  costTime: 8,
  response: 
   { status: 200,
     message: 'OK',
     header: 
      { 'access-control-allow-origin': 'http://localhost:8080',
        'content-type': 'application/json; charset=utf-8' },
     body: { status: 200, data: [Object] } } }
[2018-06-26T09:00:02.939] [INFO] response - { method: 'GET',
  url: '/api/getArticleList',
  body: {},
  costTime: 2,
  response: 
   { status: 200,
     message: 'OK',
     header: 
      { 'access-control-allow-origin': 'http://localhost:8080',
        'content-type': 'application/json; charset=utf-8' },
     body: { status: 200, msg: '获取文章列表成功', data: [Array] } } }
[2018-06-26T09:00:35.754] [INFO] response - { method: 'GET',
  url: '/api/getArticleList',
  body: {},
  costTime: 2,
  response: 
   { status: 200,
     message: 'OK',
     header: 
      { 'access-control-allow-origin': 'http://localhost:8080',
        'content-type': 'application/json; charset=utf-8' },
     body: { status: 200, msg: '获取文章列表成功', data: [Array] } } }
[2018-06-26T09:00:49.611] [INFO] response - { method: 'GET',
  url: '/api/getArticleList',
  body: {},
  costTime: 2,
  response: 
   { status: 200,
     message: 'OK',
     header: 
      { 'access-control-allow-origin': 'http://localhost:8080',
        'content-type': 'application/json; charset=utf-8' },
     body: { status: 200, msg: '获取文章列表成功', data: [Array] } } }
[2018-06-26T09:01:26.605] [INFO] response - { method: 'GET',
  url: '/api/getArticleList',
  body: {},
  costTime: 2,
  response: 
   { status: 200,
     message: 'OK',
     header: 
      { 'access-control-allow-origin': 'http://localhost:8080',
        'content-type': 'application/json; charset=utf-8' },
     body: { status: 200, msg: '获取文章列表成功', data: [Array] } } }
[2018-06-26T09:01:34.986] [INFO] response - { method: 'GET',
  url: '/api/getArticleList',
  body: {},
  costTime: 2,
  response: 
   { status: 200,
     message: 'OK',
     header: 
      { 'access-control-allow-origin': 'http://localhost:8080',
        'content-type': 'application/json; charset=utf-8' },
     body: { status: 200, msg: '获取文章列表成功', data: [Array] } } }
[2018-06-26T09:02:00.724] [INFO] response - { method: 'GET',
  url: '/api/getArticleList',
  body: {},
  costTime: 1,
  response: 
   { status: 200,
     message: 'OK',
     header: 
      { 'access-control-allow-origin': 'http://localhost:8080',
        'content-type': 'application/json; charset=utf-8' },
     body: { status: 200, msg: '获取文章列表成功', data: [Array] } } }
[2018-06-26T09:02:11.296] [INFO] response - { method: 'GET',
  url: '/api/getArticleList',
  body: {},
  costTime: 2,
  response: 
   { status: 200,
     message: 'OK',
     header: 
      { 'access-control-allow-origin': 'http://localhost:8080',
        'content-type': 'application/json; charset=utf-8' },
     body: { status: 200, msg: '获取文章列表成功', data: [Array] } } }
[2018-06-26T09:02:35.544] [INFO] response - { method: 'GET',
  url: '/api/getArticleList',
  body: {},
  costTime: 2,
  response: 
   { status: 200,
     message: 'OK',
     header: 
      { 'access-control-allow-origin': 'http://localhost:8080',
        'content-type': 'application/json; charset=utf-8' },
     body: { status: 200, msg: '获取文章列表成功', data: [Array] } } }
[2018-06-26T09:02:49.150] [INFO] response - { method: 'GET',
  url: '/api/getArticleList',
  body: {},
  costTime: 6,
  response: 
   { status: 200,
     message: 'OK',
     header: 
      { 'access-control-allow-origin': 'http://localhost:8080',
        'content-type': 'application/json; charset=utf-8' },
     body: { status: 200, msg: '获取文章列表成功', data: [Array] } } }
[2018-06-26T09:02:51.726] [INFO] response - { method: 'GET',
  url: '/api/getArticleList',
  body: {},
  costTime: 2,
  response: 
   { status: 200,
     message: 'OK',
     header: 
      { 'access-control-allow-origin': 'http://localhost:8080',
        'content-type': 'application/json; charset=utf-8' },
     body: { status: 200, msg: '获取文章列表成功', data: [Array] } } }
[2018-06-26T09:02:53.842] [INFO] response - { method: 'POST',
  url: '/api/postArticleContent',
  body: { id: '5b23652fb29f74338b2c158f' },
  costTime: 4,
  response: 
   { status: 200,
     message: 'OK',
     header: 
      { 'access-control-allow-origin': 'http://localhost:8080',
        'content-type': 'application/json; charset=utf-8' },
     body: { status: 200, data: [Object] } } }
[2018-06-26T09:02:56.893] [INFO] response - { method: 'POST',
  url: '/api/downArticle',
  body: { id: '5b23652fb29f74338b2c158f' },
  costTime: 10,
  response: 
   { status: 200,
     message: 'OK',
     header: 
      { 'access-control-allow-origin': 'http://localhost:8080',
        'content-type': 'application/json; charset=utf-8' },
     body: { status: 200, msg: '下线成功' } } }
[2018-06-26T09:03:00.075] [INFO] response - { method: 'POST',
  url: '/api/upArticle',
  body: { id: '5b23652fb29f74338b2c158f' },
  costTime: 2,
  response: 
   { status: 200,
     message: 'OK',
     header: 
      { 'access-control-allow-origin': 'http://localhost:8080',
        'content-type': 'application/json; charset=utf-8' },
     body: { status: 200, msg: '上线成功' } } }
[2018-06-26T09:03:17.864] [INFO] response - { method: 'GET',
  url: '/api/getArticleList',
  body: {},
  costTime: 2,
  response: 
   { status: 200,
     message: 'OK',
     header: 
      { 'access-control-allow-origin': 'http://localhost:8080',
        'content-type': 'application/json; charset=utf-8' },
     body: { status: 200, msg: '获取文章列表成功', data: [Array] } } }
[2018-06-26T09:03:20.106] [INFO] response - { method: 'POST',
  url: '/api/postArticleContent',
  body: { id: '5b23652fb29f74338b2c158f' },
  costTime: 3,
  response: 
   { status: 200,
     message: 'OK',
     header: 
      { 'access-control-allow-origin': 'http://localhost:8080',
        'content-type': 'application/json; charset=utf-8' },
     body: { status: 200, data: [Object] } } }
[2018-06-26T09:03:37.000] [INFO] response - { method: 'POST',
  url: '/api/downArticle',
  body: { id: '5b23652fb29f74338b2c158f' },
  costTime: 4,
  response: 
   { status: 200,
     message: 'OK',
     header: 
      { 'access-control-allow-origin': 'http://localhost:8080',
        'content-type': 'application/json; charset=utf-8' },
     body: { status: 200, msg: '下线成功' } } }
[2018-06-26T09:03:49.510] [INFO] response - { method: 'POST',
  url: '/api/upArticle',
  body: { id: '5b23652fb29f74338b2c158f' },
  costTime: 4,
  response: 
   { status: 200,
     message: 'OK',
     header: 
      { 'access-control-allow-origin': 'http://localhost:8080',
        'content-type': 'application/json; charset=utf-8' },
     body: { status: 200, msg: '上线成功' } } }
[2018-06-26T09:03:54.667] [INFO] response - { method: 'POST',
  url: '/api/upArticle',
  body: { id: '5b23652fb29f74338b2c158f' },
  costTime: 2,
  response: 
   { status: 200,
     message: 'OK',
     header: 
      { 'access-control-allow-origin': 'http://localhost:8080',
        'content-type': 'application/json; charset=utf-8' },
     body: { status: 200, msg: '上线成功' } } }
[2018-06-26T09:04:12.835] [INFO] response - { method: 'POST',
  url: '/api/upArticle',
  body: { id: '5b23652fb29f74338b2c158f' },
  costTime: 2,
  response: 
   { status: 200,
     message: 'OK',
     header: 
      { 'access-control-allow-origin': 'http://localhost:8080',
        'content-type': 'application/json; charset=utf-8' },
     body: { status: 200, msg: '上线成功' } } }
[2018-06-26T09:04:38.025] [INFO] response - { method: 'GET',
  url: '/api/getArticleList',
  body: {},
  costTime: 2,
  response: 
   { status: 200,
     message: 'OK',
     header: 
      { 'access-control-allow-origin': 'http://localhost:8080',
        'content-type': 'application/json; charset=utf-8' },
     body: { status: 200, msg: '获取文章列表成功', data: [Array] } } }
[2018-06-26T09:04:42.021] [INFO] response - { method: 'POST',
  url: '/api/postArticleContent',
  body: { id: '5b23652fb29f74338b2c158f' },
  costTime: 6,
  response: 
   { status: 200,
     message: 'OK',
     header: 
      { 'access-control-allow-origin': 'http://localhost:8080',
        'content-type': 'application/json; charset=utf-8' },
     body: { status: 200, data: [Object] } } }
[2018-06-26T09:04:45.254] [INFO] response - { method: 'POST',
  url: '/api/downArticle',
  body: { id: '5b23652fb29f74338b2c158f' },
  costTime: 4,
  response: 
   { status: 200,
     message: 'OK',
     header: 
      { 'access-control-allow-origin': 'http://localhost:8080',
        'content-type': 'application/json; charset=utf-8' },
     body: { status: 200, msg: '下线成功' } } }
[2018-06-26T09:04:45.965] [INFO] response - { method: 'POST',
  url: '/api/upArticle',
  body: { id: '5b23652fb29f74338b2c158f' },
  costTime: 3,
  response: 
   { status: 200,
     message: 'OK',
     header: 
      { 'access-control-allow-origin': 'http://localhost:8080',
        'content-type': 'application/json; charset=utf-8' },
     body: { status: 200, msg: '上线成功' } } }
[2018-06-26T09:04:55.512] [INFO] response - { method: 'POST',
  url: '/api/downArticle',
  body: { id: '5b23652fb29f74338b2c158f' },
  costTime: 8,
  response: 
   { status: 200,
     message: 'OK',
     header: 
      { 'access-control-allow-origin': 'http://localhost:8080',
        'content-type': 'application/json; charset=utf-8' },
     body: { status: 200, msg: '下线成功' } } }
[2018-06-26T09:04:56.410] [INFO] response - { method: 'POST',
  url: '/api/upArticle',
  body: { id: '5b23652fb29f74338b2c158f' },
  costTime: 3,
  response: 
   { status: 200,
     message: 'OK',
     header: 
      { 'access-control-allow-origin': 'http://localhost:8080',
        'content-type': 'application/json; charset=utf-8' },
     body: { status: 200, msg: '上线成功' } } }
[2018-06-26T09:04:58.766] [INFO] response - { method: 'POST',
  url: '/api/downArticle',
  body: { id: '5b23652fb29f74338b2c158f' },
  costTime: 4,
  response: 
   { status: 200,
     message: 'OK',
     header: 
      { 'access-control-allow-origin': 'http://localhost:8080',
        'content-type': 'application/json; charset=utf-8' },
     body: { status: 200, msg: '下线成功' } } }
[2018-06-26T09:05:01.570] [INFO] response - { method: 'POST',
  url: '/api/upArticle',
  body: { id: '5b23652fb29f74338b2c158f' },
  costTime: 3,
  response: 
   { status: 200,
     message: 'OK',
     header: 
      { 'access-control-allow-origin': 'http://localhost:8080',
        'content-type': 'application/json; charset=utf-8' },
     body: { status: 200, msg: '上线成功' } } }
[2018-06-26T09:05:03.910] [INFO] response - { method: 'POST',
  url: '/api/downArticle',
  body: { id: '5b23652fb29f74338b2c158f' },
  costTime: 9,
  response: 
   { status: 200,
     message: 'OK',
     header: 
      { 'access-control-allow-origin': 'http://localhost:8080',
        'content-type': 'application/json; charset=utf-8' },
     body: { status: 200, msg: '下线成功' } } }
[2018-06-26T09:05:05.512] [INFO] response - { method: 'POST',
  url: '/api/upArticle',
  body: { id: '5b23652fb29f74338b2c158f' },
  costTime: 3,
  response: 
   { status: 200,
     message: 'OK',
     header: 
      { 'access-control-allow-origin': 'http://localhost:8080',
        'content-type': 'application/json; charset=utf-8' },
     body: { status: 200, msg: '上线成功' } } }
[2018-06-26T09:05:11.539] [INFO] response - { method: 'POST',
  url: '/api/downArticle',
  body: { id: '5b23652fb29f74338b2c158f' },
  costTime: 4,
  response: 
   { status: 200,
     message: 'OK',
     header: 
      { 'access-control-allow-origin': 'http://localhost:8080',
        'content-type': 'application/json; charset=utf-8' },
     body: { status: 200, msg: '下线成功' } } }
[2018-06-26T09:05:18.338] [INFO] response - { method: 'POST',
  url: '/api/upArticle',
  body: { id: '5b23652fb29f74338b2c158f' },
  costTime: 3,
  response: 
   { status: 200,
     message: 'OK',
     header: 
      { 'access-control-allow-origin': 'http://localhost:8080',
        'content-type': 'application/json; charset=utf-8' },
     body: { status: 200, msg: '上线成功' } } }
[2018-06-26T09:05:20.411] [INFO] response - { method: 'POST',
  url: '/api/downArticle',
  body: { id: '5b23652fb29f74338b2c158f' },
  costTime: 10,
  response: 
   { status: 200,
     message: 'OK',
     header: 
      { 'access-control-allow-origin': 'http://localhost:8080',
        'content-type': 'application/json; charset=utf-8' },
     body: { status: 200, msg: '下线成功' } } }
[2018-06-26T09:05:24.473] [INFO] response - { method: 'POST',
  url: '/api/upArticle',
  body: { id: '5b23652fb29f74338b2c158f' },
  costTime: 3,
  response: 
   { status: 200,
     message: 'OK',
     header: 
      { 'access-control-allow-origin': 'http://localhost:8080',
        'content-type': 'application/json; charset=utf-8' },
     body: { status: 200, msg: '上线成功' } } }
[2018-06-26T09:05:34.551] [INFO] response - { method: 'POST',
  url: '/api/downArticle',
  body: { id: '5b23652fb29f74338b2c158f' },
  costTime: 7,
  response: 
   { status: 200,
     message: 'OK',
     header: 
      { 'access-control-allow-origin': 'http://localhost:8080',
        'content-type': 'application/json; charset=utf-8' },
     body: { status: 200, msg: '下线成功' } } }
[2018-06-26T09:05:44.963] [INFO] response - { method: 'POST',
  url: '/api/upArticle',
  body: { id: '5b23652fb29f74338b2c158f' },
  costTime: 2,
  response: 
   { status: 200,
     message: 'OK',
     header: 
      { 'access-control-allow-origin': 'http://localhost:8080',
        'content-type': 'application/json; charset=utf-8' },
     body: { status: 200, msg: '上线成功' } } }
[2018-06-26T09:05:47.250] [INFO] response - { method: 'POST',
  url: '/api/downArticle',
  body: { id: '5b23652fb29f74338b2c158f' },
  costTime: 14,
  response: 
   { status: 200,
     message: 'OK',
     header: 
      { 'access-control-allow-origin': 'http://localhost:8080',
        'content-type': 'application/json; charset=utf-8' },
     body: { status: 200, msg: '下线成功' } } }
[2018-06-26T09:06:04.129] [INFO] response - { method: 'POST',
  url: '/api/upArticle',
  body: { id: '5b23652fb29f74338b2c158f' },
  costTime: 2,
  response: 
   { status: 200,
     message: 'OK',
     header: 
      { 'access-control-allow-origin': 'http://localhost:8080',
        'content-type': 'application/json; charset=utf-8' },
     body: { status: 200, msg: '上线成功' } } }
[2018-06-26T09:06:08.406] [INFO] response - { method: 'GET',
  url: '/api/getArticleList',
  body: {},
  costTime: 2,
  response: 
   { status: 200,
     message: 'OK',
     header: 
      { 'access-control-allow-origin': 'http://localhost:8080',
        'content-type': 'application/json; charset=utf-8' },
     body: { status: 200, msg: '获取文章列表成功', data: [Array] } } }
[2018-06-26T09:06:10.434] [INFO] response - { method: 'POST',
  url: '/api/postArticleContent',
  body: { id: '5b23652fb29f74338b2c158f' },
  costTime: 6,
  response: 
   { status: 200,
     message: 'OK',
     header: 
      { 'access-control-allow-origin': 'http://localhost:8080',
        'content-type': 'application/json; charset=utf-8' },
     body: { status: 200, data: [Object] } } }
[2018-06-26T09:06:14.212] [INFO] response - { method: 'POST',
  url: '/api/downArticle',
  body: { id: '5b23652fb29f74338b2c158f' },
  costTime: 6,
  response: 
   { status: 200,
     message: 'OK',
     header: 
      { 'access-control-allow-origin': 'http://localhost:8080',
        'content-type': 'application/json; charset=utf-8' },
     body: { status: 200, msg: '下线成功' } } }
[2018-06-26T09:06:15.448] [INFO] response - { method: 'POST',
  url: '/api/upArticle',
  body: { id: '5b23652fb29f74338b2c158f' },
  costTime: 2,
  response: 
   { status: 200,
     message: 'OK',
     header: 
      { 'access-control-allow-origin': 'http://localhost:8080',
        'content-type': 'application/json; charset=utf-8' },
     body: { status: 200, msg: '上线成功' } } }
[2018-06-26T09:06:18.074] [INFO] response - { method: 'POST',
  url: '/api/downArticle',
  body: { id: '5b23652fb29f74338b2c158f' },
  costTime: 3,
  response: 
   { status: 200,
     message: 'OK',
     header: 
      { 'access-control-allow-origin': 'http://localhost:8080',
        'content-type': 'application/json; charset=utf-8' },
     body: { status: 200, msg: '下线成功' } } }
[2018-06-26T09:06:22.780] [INFO] response - { method: 'POST',
  url: '/api/upArticle',
  body: { id: '5b23652fb29f74338b2c158f' },
  costTime: 6,
  response: 
   { status: 200,
     message: 'OK',
     header: 
      { 'access-control-allow-origin': 'http://localhost:8080',
        'content-type': 'application/json; charset=utf-8' },
     body: { status: 200, msg: '上线成功' } } }
[2018-06-26T09:07:55.097] [INFO] response - { method: 'POST',
  url: '/api/login',
  body: { username: '17602004746', password: 'wokaopy123' },
  costTime: 5,
  response: 
   { status: 200,
     message: 'OK',
     header: 
      { 'access-control-allow-origin': 'http://localhost:8080',
        'content-type': 'application/json; charset=utf-8' },
     body: 
      { status: 200,
        success: true,
        token: 'eyJhbGciOiJIUzI1NiIsInR5cCI6IkpXVCJ9.eyJ1c2VfaWQiOiIxNzYwMjAwNDc0NiIsImlhdCI6MTUyOTk3NTI3NSwiZXhwIjoxNTMwNTgwMDc1fQ.g20c1oy_ShpGmMLlwCGOkKJFTc_9KM1S8oEiBk7caLQ',
        msg: '恭喜主人,登录成功' } } }
[2018-06-26T09:07:57.042] [INFO] response - { method: 'GET',
  url: '/api/getArticleList',
  body: {},
  costTime: 5,
  response: 
   { status: 200,
     message: 'OK',
     header: 
      { 'access-control-allow-origin': 'http://localhost:8080',
        'content-type': 'application/json; charset=utf-8' },
     body: { status: 200, msg: '获取文章列表成功', data: [Array] } } }
[2018-06-26T09:08:04.621] [INFO] response - { method: 'POST',
  url: '/api/postArticleContent',
  body: { id: '5b23652fb29f74338b2c158f' },
  costTime: 4,
  response: 
   { status: 200,
     message: 'OK',
     header: 
      { 'access-control-allow-origin': 'http://localhost:8080',
        'content-type': 'application/json; charset=utf-8' },
     body: { status: 200, data: [Object] } } }
[2018-06-26T09:10:03.354] [INFO] response - { method: 'POST',
  url: '/api/saveArticle',
  body: 
   { title: '新标题',
     content: '**12321321**\n```\nfunction(){\nalert(1)\nconsole.log(2)\n}\n\n```\n',
     id: '5b23652fb29f74338b2c158f',
     htmlCode: '<p><strong>12321321</strong></p>\n<pre><code class="lang-">function(){\nalert(1)\nconsole.log(2)\n}\n\n</code></pre>\n' },
  costTime: 3,
  response: 
   { status: 200,
     message: 'OK',
     header: 
      { 'access-control-allow-origin': 'http://localhost:8080',
        'content-type': 'application/json; charset=utf-8' },
     body: { status: 200, msg: '保存成功', data: [Object] } } }
[2018-06-26T09:10:05.854] [INFO] response - { method: 'POST',
  url: '/api/postArticleContent',
  body: { id: '5b23652fb29f74338b2c158f' },
  costTime: 2,
  response: 
   { status: 200,
     message: 'OK',
     header: 
      { 'access-control-allow-origin': 'http://localhost:8080',
        'content-type': 'application/json; charset=utf-8' },
     body: { status: 200, data: [Object] } } }
[2018-06-26T09:10:07.431] [INFO] response - { method: 'POST',
  url: '/api/postArticleContent',
  body: { id: '5b23652fb29f74338b2c158f' },
  costTime: 2,
  response: 
   { status: 200,
     message: 'OK',
     header: 
      { 'access-control-allow-origin': 'http://localhost:8080',
        'content-type': 'application/json; charset=utf-8' },
     body: { status: 200, data: [Object] } } }
[2018-06-26T09:10:12.079] [INFO] response - { method: 'POST',
  url: '/api/downArticle',
  body: { id: '5b23652fb29f74338b2c158f' },
  costTime: 4,
  response: 
   { status: 200,
     message: 'OK',
     header: 
      { 'access-control-allow-origin': 'http://localhost:8080',
        'content-type': 'application/json; charset=utf-8' },
     body: { status: 200, msg: '下线成功' } } }
[2018-06-26T09:10:12.868] [INFO] response - { method: 'POST',
  url: '/api/upArticle',
  body: { id: '5b23652fb29f74338b2c158f' },
  costTime: 2,
  response: 
   { status: 200,
     message: 'OK',
     header: 
      { 'access-control-allow-origin': 'http://localhost:8080',
        'content-type': 'application/json; charset=utf-8' },
     body: { status: 200, msg: '上线成功' } } }
