[2018-07-10T14:49:55.877] [INFO] response - { method: 'GET',
  url: '/',
  body: {},
  costTime: 2,
  response: 
   { status: 404,
     message: 'Not Found',
     header: { 'access-control-allow-origin': '*' },
     body: undefined } }
[2018-07-10T14:49:56.825] [INFO] response - { method: 'GET',
  url: '/favicon.ico',
  body: {},
  costTime: 0,
  response: 
   { status: 404,
     message: 'Not Found',
     header: { 'access-control-allow-origin': '*' },
     body: undefined } }
[2018-07-10T14:50:03.193] [INFO] response - { method: 'GET',
  url: '/',
  body: {},
  costTime: 1,
  response: 
   { status: 404,
     message: 'Not Found',
     header: { 'access-control-allow-origin': '*' },
     body: undefined } }
[2018-07-10T14:51:02.922] [INFO] response - { method: 'GET',
  url: '/api/getArticle',
  body: {},
  costTime: 19,
  response: 
   { status: 200,
     message: 'OK',
     header: 
      { 'access-control-allow-origin': 'http://localhost:8082',
        'content-type': 'application/json; charset=utf-8' },
     body: { status: 200, msg: '获取文章列表成功', data: [Array] } } }
[2018-07-10T14:51:13.518] [INFO] response - { method: 'GET',
  url: '/api/getArticle',
  body: {},
  costTime: 4,
  response: 
   { status: 200,
     message: 'OK',
     header: 
      { 'access-control-allow-origin': 'http://localhost:8082',
        'content-type': 'application/json; charset=utf-8' },
     body: { status: 200, msg: '获取文章列表成功', data: [Array] } } }
[2018-07-10T14:52:38.432] [INFO] response - { method: 'GET',
  url: '/api/',
  body: {},
  costTime: 1,
  response: 
   { status: 404,
     message: 'Not Found',
     header: { 'access-control-allow-origin': '*' },
     body: undefined } }
[2018-07-10T14:52:43.572] [INFO] response - { method: 'GET',
  url: '/api/',
  body: {},
  costTime: 2,
  response: 
   { status: 404,
     message: 'Not Found',
     header: { 'access-control-allow-origin': '*' },
     body: undefined } }
[2018-07-10T15:03:52.760] [INFO] response - { method: 'GET',
  url: '/api/getArticle',
  body: {},
  costTime: 24,
  response: 
   { status: 200,
     message: 'OK',
     header: 
      { 'access-control-allow-origin': 'http://localhost:8082',
        'content-type': 'application/json; charset=utf-8' },
     body: { status: 200, msg: '获取文章列表成功', data: [Array] } } }
[2018-07-10T15:04:03.677] [INFO] response - { method: 'GET',
  url: '/api/getArticle',
  body: {},
  costTime: 4,
  response: 
   { status: 200,
     message: 'OK',
     header: 
      { 'access-control-allow-origin': 'http://localhost:8082',
        'content-type': 'application/json; charset=utf-8' },
     body: { status: 200, msg: '获取文章列表成功', data: [Array] } } }
[2018-07-10T15:04:11.552] [INFO] response - { method: 'GET',
  url: '/api/getArticle',
  body: {},
  costTime: 23,
  response: 
   { status: 200,
     message: 'OK',
     header: 
      { 'access-control-allow-origin': 'http://localhost:8082',
        'content-type': 'application/json; charset=utf-8' },
     body: { status: 200, msg: '获取文章列表成功', data: [Array] } } }
[2018-07-10T15:04:42.841] [INFO] response - { method: 'GET',
  url: '/api/getArticle',
  body: {},
  costTime: 21,
  response: 
   { status: 200,
     message: 'OK',
     header: 
      { 'access-control-allow-origin': 'http://localhost:8082',
        'content-type': 'application/json; charset=utf-8' },
     body: { status: 200, msg: '获取文章列表成功', data: [Array] } } }
[2018-07-10T15:07:58.976] [INFO] response - { method: 'GET',
  url: '/api/getArticle',
  body: {},
  costTime: 25,
  response: 
   { status: 200,
     message: 'OK',
     header: 
      { 'access-control-allow-origin': 'http://localhost:8082',
        'content-type': 'application/json; charset=utf-8' },
     body: { status: 200, msg: '获取文章列表成功', data: [Array] } } }
[2018-07-10T15:10:08.407] [INFO] response - { method: 'GET',
  url: '/api/getArticle',
  body: {},
  costTime: 7,
  response: 
   { status: 200,
     message: 'OK',
     header: 
      { 'access-control-allow-origin': 'http://localhost:8082',
        'content-type': 'application/json; charset=utf-8' },
     body: { status: 200, msg: '获取文章列表成功', data: [Array] } } }
[2018-07-10T15:57:21.751] [INFO] response - { method: 'GET',
  url: '/api/getArticle',
  body: {},
  costTime: 36,
  response: 
   { status: 200,
     message: 'OK',
     header: 
      { 'access-control-allow-origin': 'http://localhost:8082',
        'content-type': 'application/json; charset=utf-8' },
     body: { status: 200, msg: '获取文章列表成功', data: [Array] } } }
[2018-07-10T16:03:07.121] [INFO] response - { method: 'GET',
  url: '/api/getArticle',
  body: {},
  costTime: 44,
  response: 
   { status: 200,
     message: 'OK',
     header: 
      { 'access-control-allow-origin': 'http://localhost:8082',
        'content-type': 'application/json; charset=utf-8' },
     body: { status: 200, msg: '获取文章列表成功', data: [Array] } } }
[2018-07-10T16:04:07.380] [INFO] response - { method: 'GET',
  url: '/api/getArticle',
  body: {},
  costTime: 25,
  response: 
   { status: 200,
     message: 'OK',
     header: 
      { 'access-control-allow-origin': 'http://localhost:8082',
        'content-type': 'application/json; charset=utf-8' },
     body: { status: 200, msg: '获取文章列表成功', data: [Array] } } }
[2018-07-10T16:04:21.841] [INFO] response - { method: 'GET',
  url: '/api/getArticle',
  body: {},
  costTime: 28,
  response: 
   { status: 200,
     message: 'OK',
     header: 
      { 'access-control-allow-origin': 'http://localhost:8082',
        'content-type': 'application/json; charset=utf-8' },
     body: { status: 200, msg: '获取文章列表成功', data: [Array] } } }
[2018-07-10T16:04:49.553] [INFO] response - { method: 'GET',
  url: '/api/getArticle',
  body: {},
  costTime: 32,
  response: 
   { status: 200,
     message: 'OK',
     header: 
      { 'access-control-allow-origin': 'http://localhost:8082',
        'content-type': 'application/json; charset=utf-8' },
     body: { status: 200, msg: '获取文章列表成功', data: [Array] } } }
[2018-07-10T16:04:56.614] [INFO] response - { method: 'GET',
  url: '/api/getArticle',
  body: {},
  costTime: 9,
  response: 
   { status: 200,
     message: 'OK',
     header: 
      { 'access-control-allow-origin': 'http://localhost:8082',
        'content-type': 'application/json; charset=utf-8' },
     body: { status: 200, msg: '获取文章列表成功', data: [Array] } } }
[2018-07-10T16:05:03.243] [INFO] response - { method: 'GET',
  url: '/api/getArticle',
  body: {},
  costTime: 44,
  response: 
   { status: 200,
     message: 'OK',
     header: 
      { 'access-control-allow-origin': 'http://localhost:8082',
        'content-type': 'application/json; charset=utf-8' },
     body: { status: 200, msg: '获取文章列表成功', data: [Array] } } }
[2018-07-10T16:11:44.767] [INFO] response - { method: 'GET',
  url: '/api/getArticle',
  body: {},
  costTime: 30,
  response: 
   { status: 200,
     message: 'OK',
     header: 
      { 'access-control-allow-origin': 'http://localhost:8082',
        'content-type': 'application/json; charset=utf-8' },
     body: { status: 200, msg: '获取文章列表成功', data: [Array] } } }
[2018-07-10T16:14:07.060] [INFO] response - { method: 'GET',
  url: '/api/getArticle',
  body: {},
  costTime: 23,
  response: 
   { status: 200,
     message: 'OK',
     header: 
      { 'access-control-allow-origin': 'http://localhost:8082',
        'content-type': 'application/json; charset=utf-8' },
     body: { status: 200, msg: '获取文章列表成功', data: [Array] } } }
[2018-07-10T16:24:57.497] [INFO] response - { method: 'GET',
  url: '/api/getArticle',
  body: {},
  costTime: 34,
  response: 
   { status: 200,
     message: 'OK',
     header: 
      { 'access-control-allow-origin': 'http://localhost:8082',
        'content-type': 'application/json; charset=utf-8' },
     body: { status: 200, msg: '获取文章列表成功', data: [Array] } } }
[2018-07-10T16:25:20.316] [INFO] response - { method: 'GET',
  url: '/api/getArticle',
  body: {},
  costTime: 40,
  response: 
   { status: 200,
     message: 'OK',
     header: 
      { 'access-control-allow-origin': 'http://localhost:8082',
        'content-type': 'application/json; charset=utf-8' },
     body: { status: 200, msg: '获取文章列表成功', data: [Array] } } }
[2018-07-10T16:26:55.386] [INFO] response - { method: 'GET',
  url: '/api/getArticle',
  body: {},
  costTime: 38,
  response: 
   { status: 200,
     message: 'OK',
     header: 
      { 'access-control-allow-origin': 'http://localhost:8082',
        'content-type': 'application/json; charset=utf-8' },
     body: { status: 200, msg: '获取文章列表成功', data: [Array] } } }
[2018-07-10T16:28:02.772] [INFO] response - { method: 'GET',
  url: '/api/getArticle',
  body: {},
  costTime: 20,
  response: 
   { status: 200,
     message: 'OK',
     header: 
      { 'access-control-allow-origin': 'http://localhost:8082',
        'content-type': 'application/json; charset=utf-8' },
     body: { status: 200, msg: '获取文章列表成功', data: [Array] } } }
[2018-07-10T16:28:47.627] [INFO] response - { method: 'GET',
  url: '/api/getArticle',
  body: {},
  costTime: 19,
  response: 
   { status: 200,
     message: 'OK',
     header: 
      { 'access-control-allow-origin': 'http://localhost:8082',
        'content-type': 'application/json; charset=utf-8' },
     body: { status: 200, msg: '获取文章列表成功', data: [Array] } } }
[2018-07-10T16:29:46.173] [INFO] response - { method: 'GET',
  url: '/api/getArticle',
  body: {},
  costTime: 21,
  response: 
   { status: 200,
     message: 'OK',
     header: 
      { 'access-control-allow-origin': 'http://localhost:8082',
        'content-type': 'application/json; charset=utf-8' },
     body: { status: 200, msg: '获取文章列表成功', data: [Array] } } }
[2018-07-10T16:32:03.063] [INFO] response - { method: 'GET',
  url: '/api/getArticle',
  body: {},
  costTime: 20,
  response: 
   { status: 200,
     message: 'OK',
     header: 
      { 'access-control-allow-origin': 'http://localhost:8082',
        'content-type': 'application/json; charset=utf-8' },
     body: { status: 200, msg: '获取文章列表成功', data: [Array] } } }
[2018-07-10T16:32:39.309] [INFO] response - { method: 'GET',
  url: '/api/getArticle',
  body: {},
  costTime: 27,
  response: 
   { status: 200,
     message: 'OK',
     header: 
      { 'access-control-allow-origin': 'http://localhost:8082',
        'content-type': 'application/json; charset=utf-8' },
     body: { status: 200, msg: '获取文章列表成功', data: [Array] } } }
[2018-07-10T16:33:32.197] [INFO] response - { method: 'GET',
  url: '/api/getArticle',
  body: {},
  costTime: 5,
  response: 
   { status: 404,
     message: 'Not Found',
     header: { 'access-control-allow-origin': 'http://localhost:8082' },
     body: undefined } }
[2018-07-10T16:34:02.169] [INFO] response - { method: 'GET',
  url: '/api/getArticle',
  body: {},
  costTime: 30,
  response: 
   { status: 200,
     message: 'OK',
     header: 
      { 'access-control-allow-origin': 'http://localhost:8082',
        'content-type': 'application/json; charset=utf-8' },
     body: { status: 200, msg: '获取文章列表成功', data: [Array] } } }
[2018-07-10T16:34:24.362] [INFO] response - { method: 'GET',
  url: '/api/getArticle',
  body: {},
  costTime: 19,
  response: 
   { status: 200,
     message: 'OK',
     header: 
      { 'access-control-allow-origin': 'http://localhost:8082',
        'content-type': 'application/json; charset=utf-8' },
     body: { status: 200, msg: '获取文章列表成功', data: [Array] } } }
[2018-07-10T16:41:38.664] [INFO] response - { method: 'GET',
  url: '/api/getArticle',
  body: {},
  costTime: 22,
  response: 
   { status: 200,
     message: 'OK',
     header: 
      { 'access-control-allow-origin': 'http://localhost:8082',
        'content-type': 'application/json; charset=utf-8' },
     body: { status: 200, msg: '获取文章列表成功', data: [Array] } } }
[2018-07-10T16:42:31.958] [INFO] response - { method: 'GET',
  url: '/api/getArticle',
  body: {},
  costTime: 23,
  response: 
   { status: 200,
     message: 'OK',
     header: 
      { 'access-control-allow-origin': 'http://localhost:8082',
        'content-type': 'application/json; charset=utf-8' },
     body: { status: 200, msg: '获取文章列表成功', data: [Array] } } }
[2018-07-10T16:43:27.691] [INFO] response - { method: 'GET',
  url: '/api/getArticle',
  body: {},
  costTime: 29,
  response: 
   { status: 200,
     message: 'OK',
     header: 
      { 'access-control-allow-origin': 'http://localhost:8082',
        'content-type': 'application/json; charset=utf-8' },
     body: { status: 200, msg: '获取文章列表成功', data: [Array] } } }
[2018-07-10T16:45:02.372] [INFO] response - { method: 'GET',
  url: '/api/getArticle',
  body: {},
  costTime: 7,
  response: 
   { status: 200,
     message: 'OK',
     header: 
      { 'access-control-allow-origin': 'http://localhost:8082',
        'content-type': 'application/json; charset=utf-8' },
     body: { status: 200, msg: '获取文章列表成功', data: [Array] } } }
[2018-07-10T16:45:16.399] [INFO] response - { method: 'GET',
  url: '/api/getArticle',
  body: {},
  costTime: 7,
  response: 
   { status: 200,
     message: 'OK',
     header: 
      { 'access-control-allow-origin': 'http://localhost:8082',
        'content-type': 'application/json; charset=utf-8' },
     body: { status: 200, msg: '获取文章列表成功', data: [Array] } } }
[2018-07-10T16:45:52.358] [INFO] response - { method: 'GET',
  url: '/api/getArticle',
  body: {},
  costTime: 23,
  response: 
   { status: 200,
     message: 'OK',
     header: 
      { 'access-control-allow-origin': 'http://localhost:8082',
        'content-type': 'application/json; charset=utf-8' },
     body: { status: 200, msg: '获取文章列表成功', data: [Array] } } }
[2018-07-10T16:48:43.302] [INFO] response - { method: 'GET',
  url: '/api/getArticle',
  body: {},
  costTime: 22,
  response: 
   { status: 200,
     message: 'OK',
     header: 
      { 'access-control-allow-origin': 'http://localhost:8082',
        'content-type': 'application/json; charset=utf-8' },
     body: { status: 200, msg: '获取文章列表成功', data: [Array] } } }
[2018-07-10T16:49:08.044] [INFO] response - { method: 'GET',
  url: '/api/getArticle',
  body: {},
  costTime: 22,
  response: 
   { status: 200,
     message: 'OK',
     header: 
      { 'access-control-allow-origin': 'http://localhost:8082',
        'content-type': 'application/json; charset=utf-8' },
     body: { status: 200, msg: '获取文章列表成功', data: [Array] } } }
[2018-07-10T16:58:44.122] [INFO] response - { method: 'GET',
  url: '/api/getArticle',
  body: {},
  costTime: 5,
  response: 
   { status: 200,
     message: 'OK',
     header: 
      { 'access-control-allow-origin': 'http://localhost:8082',
        'content-type': 'application/json; charset=utf-8' },
     body: { status: 200, msg: '获取文章列表成功', data: [Array] } } }
[2018-07-10T17:04:12.730] [INFO] response - { method: 'GET',
  url: '/api/getArticle',
  body: {},
  costTime: 19,
  response: 
   { status: 200,
     message: 'OK',
     header: 
      { 'access-control-allow-origin': 'http://localhost:8082',
        'content-type': 'application/json; charset=utf-8' },
     body: { status: 200, msg: '获取文章列表成功', data: [Array] } } }
[2018-07-10T17:04:53.501] [INFO] response - { method: 'GET',
  url: '/api/getArticle',
  body: {},
  costTime: 35,
  response: 
   { status: 200,
     message: 'OK',
     header: 
      { 'access-control-allow-origin': 'http://localhost:8082',
        'content-type': 'application/json; charset=utf-8' },
     body: { status: 200, msg: '获取文章列表成功', data: [Array] } } }
[2018-07-10T17:06:02.962] [INFO] response - { method: 'GET',
  url: '/api/getArticle',
  body: {},
  costTime: 28,
  response: 
   { status: 200,
     message: 'OK',
     header: 
      { 'access-control-allow-origin': 'http://localhost:8082',
        'content-type': 'application/json; charset=utf-8' },
     body: { status: 200, msg: '获取文章列表成功', data: [Array] } } }
[2018-07-10T17:06:19.429] [INFO] response - { method: 'GET',
  url: '/api/getArticle',
  body: {},
  costTime: 5,
  response: 
   { status: 200,
     message: 'OK',
     header: 
      { 'access-control-allow-origin': 'http://localhost:8082',
        'content-type': 'application/json; charset=utf-8' },
     body: { status: 200, msg: '获取文章列表成功', data: [Array] } } }
[2018-07-10T17:06:24.377] [INFO] response - { method: 'GET',
  url: '/api/getArticle',
  body: {},
  costTime: 35,
  response: 
   { status: 200,
     message: 'OK',
     header: 
      { 'access-control-allow-origin': 'http://localhost:8082',
        'content-type': 'application/json; charset=utf-8' },
     body: { status: 200, msg: '获取文章列表成功', data: [Array] } } }
[2018-07-10T17:08:16.835] [INFO] response - { method: 'GET',
  url: '/api/getArticle',
  body: {},
  costTime: 27,
  response: 
   { status: 200,
     message: 'OK',
     header: 
      { 'access-control-allow-origin': 'http://localhost:8082',
        'content-type': 'application/json; charset=utf-8' },
     body: { status: 200, msg: '获取文章列表成功', data: [Array] } } }
[2018-07-10T17:54:13.226] [INFO] response - { method: 'GET',
  url: '/api/getArticle',
  body: {},
  costTime: 25,
  response: 
   { status: 200,
     message: 'OK',
     header: 
      { 'access-control-allow-origin': 'http://localhost:8082',
        'content-type': 'application/json; charset=utf-8' },
     body: { status: 200, msg: '获取文章列表成功', data: [Array] } } }
[2018-07-10T17:56:52.605] [INFO] response - { method: 'GET',
  url: '/api/getArticle',
  body: {},
  costTime: 33,
  response: 
   { status: 200,
     message: 'OK',
     header: 
      { 'access-control-allow-origin': 'http://localhost:8082',
        'content-type': 'application/json; charset=utf-8' },
     body: { status: 200, msg: '获取文章列表成功', data: [Array] } } }
[2018-07-10T17:56:56.373] [INFO] response - { method: 'GET',
  url: '/api/getArticle',
  body: {},
  costTime: 2,
  response: 
   { status: 200,
     message: 'OK',
     header: 
      { 'access-control-allow-origin': 'http://localhost:8082',
        'content-type': 'application/json; charset=utf-8' },
     body: { status: 200, msg: '获取文章列表成功', data: [Array] } } }
[2018-07-10T17:59:01.828] [INFO] response - { method: 'GET',
  url: '/api/getArticle',
  body: {},
  costTime: 5,
  response: 
   { status: 200,
     message: 'OK',
     header: 
      { 'access-control-allow-origin': 'http://localhost:8082',
        'content-type': 'application/json; charset=utf-8' },
     body: { status: 200, msg: '获取文章列表成功', data: [Array] } } }
[2018-07-10T17:59:03.031] [INFO] response - { method: 'GET',
  url: '/api/getArticle',
  body: {},
  costTime: 4,
  response: 
   { status: 200,
     message: 'OK',
     header: 
      { 'access-control-allow-origin': 'http://localhost:8082',
        'content-type': 'application/json; charset=utf-8' },
     body: { status: 200, msg: '获取文章列表成功', data: [Array] } } }
[2018-07-10T17:59:04.705] [INFO] response - { method: 'GET',
  url: '/api/getArticle',
  body: {},
  costTime: 3,
  response: 
   { status: 200,
     message: 'OK',
     header: 
      { 'access-control-allow-origin': 'http://localhost:8082',
        'content-type': 'application/json; charset=utf-8' },
     body: { status: 200, msg: '获取文章列表成功', data: [Array] } } }
[2018-07-10T17:59:06.480] [INFO] response - { method: 'GET',
  url: '/api/getArticle',
  body: {},
  costTime: 3,
  response: 
   { status: 200,
     message: 'OK',
     header: 
      { 'access-control-allow-origin': 'http://localhost:8082',
        'content-type': 'application/json; charset=utf-8' },
     body: { status: 200, msg: '获取文章列表成功', data: [Array] } } }
