[2018-08-14T15:46:34.522] [INFO] response - { method: 'POST',
  url: '/api/login',
  body: { username: '13016220642', password: '123456789' },
  costTime: 25,
  response: 
   { status: 200,
     message: 'OK',
     header: 
      { 'access-control-allow-origin': 'http://localhost:8081',
        'content-type': 'application/json; charset=utf-8' },
     body: { success: false, msg: '你不是管理员噢，请勿登录。' } } }
[2018-08-14T15:46:43.165] [INFO] response - { method: 'POST',
  url: '/api/login',
  body: { username: '17602004746', password: 'wokaopy123' },
  costTime: 48,
  response: 
   { status: 200,
     message: 'OK',
     header: 
      { 'access-control-allow-origin': 'http://localhost:8081',
        'content-type': 'application/json; charset=utf-8' },
     body: 
      { status: 200,
        success: true,
        token: 'eyJhbGciOiJIUzI1NiIsInR5cCI6IkpXVCJ9.eyJ1c2VfaWQiOiIxNzYwMjAwNDc0NiIsImlhdCI6MTUzNDIzMjgwMywiZXhwIjoxNTM0ODM3NjAzfQ.U8OP2WOVmi0Y34szRqUZgRYg0egN7miYwEArX6KNau0',
        msg: '恭喜主人,登录成功' } } }
[2018-08-14T15:46:47.188] [INFO] response - { method: 'POST',
  url: '/api/ArticleList',
  body: {},
  costTime: 17,
  response: 
   { status: 200,
     message: 'OK',
     header: 
      { 'access-control-allow-origin': 'http://localhost:8081',
        'content-type': 'application/json; charset=utf-8' },
     body: { status: 200, success: true, data: [Object], msg: '添加成功' } } }
[2018-08-14T15:46:54.644] [INFO] response - { method: 'GET',
  url: '/api/getArticleList',
  body: {},
  costTime: 10,
  response: 
   { status: 200,
     message: 'OK',
     header: 
      { 'access-control-allow-origin': 'http://localhost:8081',
        'content-type': 'application/json; charset=utf-8' },
     body: { status: 200, msg: '获取文章列表成功', data: [Array] } } }
[2018-08-14T15:46:56.182] [INFO] response - { method: 'POST',
  url: '/api/postArticleContent',
  body: { id: '5b23652fb29f74338b2c158f' },
  costTime: 5,
  response: 
   { status: 200,
     message: 'OK',
     header: 
      { 'access-control-allow-origin': 'http://localhost:8081',
        'content-type': 'application/json; charset=utf-8' },
     body: { status: 200, data: [Object] } } }
[2018-08-14T15:46:56.923] [INFO] response - { method: 'POST',
  url: '/api/postArticleContent',
  body: { id: '5b23652fb29f74338b2c1581' },
  costTime: 6,
  response: 
   { status: 200,
     message: 'OK',
     header: 
      { 'access-control-allow-origin': 'http://localhost:8081',
        'content-type': 'application/json; charset=utf-8' },
     body: { status: 200, data: [Object] } } }
[2018-08-14T15:46:57.631] [INFO] response - { method: 'POST',
  url: '/api/postArticleContent',
  body: { id: '5b23652fb29f74338b2c1582' },
  costTime: 5,
  response: 
   { status: 200,
     message: 'OK',
     header: 
      { 'access-control-allow-origin': 'http://localhost:8081',
        'content-type': 'application/json; charset=utf-8' },
     body: { status: 200, data: [Object] } } }
[2018-08-14T15:47:00.230] [INFO] response - { method: 'POST',
  url: '/api/postArticleContent',
  body: { id: '5b23652fb29f74338b2c158f' },
  costTime: 2,
  response: 
   { status: 200,
     message: 'OK',
     header: 
      { 'access-control-allow-origin': 'http://localhost:8081',
        'content-type': 'application/json; charset=utf-8' },
     body: { status: 200, data: [Object] } } }
[2018-08-14T15:47:00.917] [INFO] response - { method: 'POST',
  url: '/api/postArticleContent',
  body: { id: '5b23652fb29f74338b2c1581' },
  costTime: 4,
  response: 
   { status: 200,
     message: 'OK',
     header: 
      { 'access-control-allow-origin': 'http://localhost:8081',
        'content-type': 'application/json; charset=utf-8' },
     body: { status: 200, data: [Object] } } }
[2018-08-14T15:47:01.625] [INFO] response - { method: 'POST',
  url: '/api/postArticleContent',
  body: { id: '5b23652fb29f74338b2c1582' },
  costTime: 2,
  response: 
   { status: 200,
     message: 'OK',
     header: 
      { 'access-control-allow-origin': 'http://localhost:8081',
        'content-type': 'application/json; charset=utf-8' },
     body: { status: 200, data: [Object] } } }
[2018-08-14T15:47:02.928] [INFO] response - { method: 'POST',
  url: '/api/postArticleContent',
  body: { id: '5b23652fb29f74338b2c1583' },
  costTime: 3,
  response: 
   { status: 200,
     message: 'OK',
     header: 
      { 'access-control-allow-origin': 'http://localhost:8081',
        'content-type': 'application/json; charset=utf-8' },
     body: { status: 200, data: [Object] } } }
[2018-08-14T15:47:03.497] [INFO] response - { method: 'POST',
  url: '/api/postArticleContent',
  body: { id: '5b23652fb29f74338b2c1584' },
  costTime: 4,
  response: 
   { status: 200,
     message: 'OK',
     header: 
      { 'access-control-allow-origin': 'http://localhost:8081',
        'content-type': 'application/json; charset=utf-8' },
     body: { status: 200, data: [Object] } } }
[2018-08-14T15:47:03.994] [INFO] response - { method: 'POST',
  url: '/api/postArticleContent',
  body: { id: '5b7288e78a9f0dc4ae8532bc' },
  costTime: 3,
  response: 
   { status: 200,
     message: 'OK',
     header: 
      { 'access-control-allow-origin': 'http://localhost:8081',
        'content-type': 'application/json; charset=utf-8' },
     body: { status: 200, data: [Object] } } }
[2018-08-14T15:47:04.831] [INFO] response - { method: 'POST',
  url: '/api/postArticleContent',
  body: { id: '5b23652fb29f74338b2c1584' },
  costTime: 3,
  response: 
   { status: 200,
     message: 'OK',
     header: 
      { 'access-control-allow-origin': 'http://localhost:8081',
        'content-type': 'application/json; charset=utf-8' },
     body: { status: 200, data: [Object] } } }
[2018-08-14T15:47:05.329] [INFO] response - { method: 'POST',
  url: '/api/postArticleContent',
  body: { id: '5b23652fb29f74338b2c1583' },
  costTime: 3,
  response: 
   { status: 200,
     message: 'OK',
     header: 
      { 'access-control-allow-origin': 'http://localhost:8081',
        'content-type': 'application/json; charset=utf-8' },
     body: { status: 200, data: [Object] } } }
[2018-08-14T15:47:05.864] [INFO] response - { method: 'POST',
  url: '/api/postArticleContent',
  body: { id: '5b23652fb29f74338b2c1581' },
  costTime: 4,
  response: 
   { status: 200,
     message: 'OK',
     header: 
      { 'access-control-allow-origin': 'http://localhost:8081',
        'content-type': 'application/json; charset=utf-8' },
     body: { status: 200, data: [Object] } } }
[2018-08-14T15:47:06.458] [INFO] response - { method: 'POST',
  url: '/api/postArticleContent',
  body: { id: '5b23652fb29f74338b2c1581' },
  costTime: 5,
  response: 
   { status: 200,
     message: 'OK',
     header: 
      { 'access-control-allow-origin': 'http://localhost:8081',
        'content-type': 'application/json; charset=utf-8' },
     body: { status: 200, data: [Object] } } }
[2018-08-14T15:47:07.079] [INFO] response - { method: 'POST',
  url: '/api/postArticleContent',
  body: { id: '5b23652fb29f74338b2c158f' },
  costTime: 3,
  response: 
   { status: 200,
     message: 'OK',
     header: 
      { 'access-control-allow-origin': 'http://localhost:8081',
        'content-type': 'application/json; charset=utf-8' },
     body: { status: 200, data: [Object] } } }
[2018-08-14T15:47:14.800] [INFO] response - { method: 'GET',
  url: '/api/getArticleList',
  body: {},
  costTime: 4,
  response: 
   { status: 200,
     message: 'OK',
     header: 
      { 'access-control-allow-origin': 'http://localhost:8081',
        'content-type': 'application/json; charset=utf-8' },
     body: { status: 200, msg: '获取文章列表成功', data: [Array] } } }
[2018-08-14T15:47:27.835] [INFO] response - { method: 'GET',
  url: '/api/getArticleList',
  body: {},
  costTime: 4,
  response: 
   { status: 200,
     message: 'OK',
     header: 
      { 'access-control-allow-origin': 'http://localhost:8081',
        'content-type': 'application/json; charset=utf-8' },
     body: { status: 200, msg: '获取文章列表成功', data: [Array] } } }
[2018-08-14T15:47:35.623] [INFO] response - { method: 'GET',
  url: '/api/getArticleList',
  body: {},
  costTime: 3,
  response: 
   { status: 200,
     message: 'OK',
     header: 
      { 'access-control-allow-origin': 'http://localhost:8081',
        'content-type': 'application/json; charset=utf-8' },
     body: { status: 200, msg: '获取文章列表成功', data: [Array] } } }
[2018-08-14T15:47:49.119] [INFO] response - { method: 'GET',
  url: '/api/getArticleList',
  body: {},
  costTime: 4,
  response: 
   { status: 200,
     message: 'OK',
     header: 
      { 'access-control-allow-origin': 'http://localhost:8081',
        'content-type': 'application/json; charset=utf-8' },
     body: { status: 200, msg: '获取文章列表成功', data: [Array] } } }
[2018-08-14T15:47:54.118] [INFO] response - { method: 'GET',
  url: '/api/getArticleList',
  body: {},
  costTime: 3,
  response: 
   { status: 200,
     message: 'OK',
     header: 
      { 'access-control-allow-origin': 'http://localhost:8081',
        'content-type': 'application/json; charset=utf-8' },
     body: { status: 200, msg: '获取文章列表成功', data: [Array] } } }
[2018-08-14T15:47:55.628] [INFO] response - { method: 'POST',
  url: '/api/postArticleContent',
  body: { id: '5b7288e78a9f0dc4ae8532bc' },
  costTime: 4,
  response: 
   { status: 200,
     message: 'OK',
     header: 
      { 'access-control-allow-origin': 'http://localhost:8081',
        'content-type': 'application/json; charset=utf-8' },
     body: { status: 200, data: [Object] } } }
[2018-08-14T15:48:03.394] [INFO] response - { method: 'POST',
  url: '/api/postArticleContent',
  body: { id: '5b23652fb29f74338b2c158f' },
  costTime: 2,
  response: 
   { status: 200,
     message: 'OK',
     header: 
      { 'access-control-allow-origin': 'http://localhost:8081',
        'content-type': 'application/json; charset=utf-8' },
     body: { status: 200, data: [Object] } } }
[2018-08-14T15:48:04.233] [INFO] response - { method: 'POST',
  url: '/api/postArticleContent',
  body: { id: '5b23652fb29f74338b2c1582' },
  costTime: 3,
  response: 
   { status: 200,
     message: 'OK',
     header: 
      { 'access-control-allow-origin': 'http://localhost:8081',
        'content-type': 'application/json; charset=utf-8' },
     body: { status: 200, data: [Object] } } }
[2018-08-14T15:48:04.844] [INFO] response - { method: 'POST',
  url: '/api/postArticleContent',
  body: { id: '5b23652fb29f74338b2c1581' },
  costTime: 2,
  response: 
   { status: 200,
     message: 'OK',
     header: 
      { 'access-control-allow-origin': 'http://localhost:8081',
        'content-type': 'application/json; charset=utf-8' },
     body: { status: 200, data: [Object] } } }
[2018-08-14T15:51:14.223] [INFO] response - { method: 'GET',
  url: '/api/getArticleList',
  body: {},
  costTime: 11,
  response: 
   { status: 200,
     message: 'OK',
     header: 
      { 'access-control-allow-origin': 'http://localhost:8081',
        'content-type': 'application/json; charset=utf-8' },
     body: { status: 200, msg: '获取文章列表成功', data: [Array] } } }
[2018-08-14T15:51:27.449] [INFO] response - { method: 'GET',
  url: '/api/getArticleList',
  body: {},
  costTime: 6,
  response: 
   { status: 200,
     message: 'OK',
     header: 
      { 'access-control-allow-origin': 'http://localhost:8081',
        'content-type': 'application/json; charset=utf-8' },
     body: { status: 200, msg: '获取文章列表成功', data: [Array] } } }
[2018-08-14T15:51:29.425] [INFO] response - { method: 'GET',
  url: '/api/getArticleList',
  body: {},
  costTime: 6,
  response: 
   { status: 200,
     message: 'OK',
     header: 
      { 'access-control-allow-origin': 'http://localhost:8081',
        'content-type': 'application/json; charset=utf-8' },
     body: { status: 200, msg: '获取文章列表成功', data: [Array] } } }
[2018-08-14T15:51:35.091] [INFO] response - { method: 'POST',
  url: '/api/postArticleContent',
  body: { id: '5b23652fb29f74338b2c158f' },
  costTime: 5,
  response: 
   { status: 200,
     message: 'OK',
     header: 
      { 'access-control-allow-origin': 'http://localhost:8081',
        'content-type': 'application/json; charset=utf-8' },
     body: { status: 200, data: [Object] } } }
[2018-08-14T15:54:15.465] [INFO] response - { method: 'GET',
  url: '/api/getArticleList',
  body: {},
  costTime: 11,
  response: 
   { status: 200,
     message: 'OK',
     header: 
      { 'access-control-allow-origin': 'http://localhost:8081',
        'content-type': 'application/json; charset=utf-8' },
     body: { status: 200, msg: '获取文章列表成功', data: [Array] } } }
[2018-08-14T15:55:35.119] [INFO] response - { method: 'POST',
  url: '/api/postArticleContent',
  body: { id: '5b23652fb29f74338b2c158f' },
  costTime: 2,
  response: 
   { status: 200,
     message: 'OK',
     header: 
      { 'access-control-allow-origin': 'http://localhost:8081',
        'content-type': 'application/json; charset=utf-8' },
     body: { status: 200, data: [Object] } } }
[2018-08-14T15:55:35.900] [INFO] response - { method: 'POST',
  url: '/api/postArticleContent',
  body: { id: '5b23652fb29f74338b2c1581' },
  costTime: 5,
  response: 
   { status: 200,
     message: 'OK',
     header: 
      { 'access-control-allow-origin': 'http://localhost:8081',
        'content-type': 'application/json; charset=utf-8' },
     body: { status: 200, data: [Object] } } }
[2018-08-14T15:55:36.428] [INFO] response - { method: 'POST',
  url: '/api/postArticleContent',
  body: { id: '5b23652fb29f74338b2c1582' },
  costTime: 5,
  response: 
   { status: 200,
     message: 'OK',
     header: 
      { 'access-control-allow-origin': 'http://localhost:8081',
        'content-type': 'application/json; charset=utf-8' },
     body: { status: 200, data: [Object] } } }
[2018-08-14T15:55:37.050] [INFO] response - { method: 'POST',
  url: '/api/postArticleContent',
  body: { id: '5b23652fb29f74338b2c1583' },
  costTime: 3,
  response: 
   { status: 200,
     message: 'OK',
     header: 
      { 'access-control-allow-origin': 'http://localhost:8081',
        'content-type': 'application/json; charset=utf-8' },
     body: { status: 200, data: [Object] } } }
[2018-08-14T15:55:37.595] [INFO] response - { method: 'POST',
  url: '/api/postArticleContent',
  body: { id: '5b7288e78a9f0dc4ae8532bc' },
  costTime: 4,
  response: 
   { status: 200,
     message: 'OK',
     header: 
      { 'access-control-allow-origin': 'http://localhost:8081',
        'content-type': 'application/json; charset=utf-8' },
     body: { status: 200, data: [Object] } } }
[2018-08-14T15:55:38.425] [INFO] response - { method: 'POST',
  url: '/api/postArticleContent',
  body: { id: '5b23652fb29f74338b2c1584' },
  costTime: 3,
  response: 
   { status: 200,
     message: 'OK',
     header: 
      { 'access-control-allow-origin': 'http://localhost:8081',
        'content-type': 'application/json; charset=utf-8' },
     body: { status: 200, data: [Object] } } }
[2018-08-14T16:54:50.762] [INFO] response - { method: 'POST',
  url: '/api/postArticleContent',
  body: { id: '5b23652fb29f74338b2c158f' },
  costTime: 10,
  response: 
   { status: 200,
     message: 'OK',
     header: 
      { 'access-control-allow-origin': 'http://localhost:8081',
        'content-type': 'application/json; charset=utf-8' },
     body: { status: 200, data: [Object] } } }
[2018-08-14T16:54:52.935] [INFO] response - { method: 'POST',
  url: '/api/postArticleContent',
  body: { id: '5b23652fb29f74338b2c1581' },
  costTime: 2,
  response: 
   { status: 200,
     message: 'OK',
     header: 
      { 'access-control-allow-origin': 'http://localhost:8081',
        'content-type': 'application/json; charset=utf-8' },
     body: { status: 200, data: [Object] } } }
[2018-08-14T16:54:53.435] [INFO] response - { method: 'POST',
  url: '/api/postArticleContent',
  body: { id: '5b23652fb29f74338b2c1582' },
  costTime: 2,
  response: 
   { status: 200,
     message: 'OK',
     header: 
      { 'access-control-allow-origin': 'http://localhost:8081',
        'content-type': 'application/json; charset=utf-8' },
     body: { status: 200, data: [Object] } } }
[2018-08-14T16:54:53.903] [INFO] response - { method: 'POST',
  url: '/api/postArticleContent',
  body: { id: '5b23652fb29f74338b2c1583' },
  costTime: 2,
  response: 
   { status: 200,
     message: 'OK',
     header: 
      { 'access-control-allow-origin': 'http://localhost:8081',
        'content-type': 'application/json; charset=utf-8' },
     body: { status: 200, data: [Object] } } }
[2018-08-14T16:54:54.394] [INFO] response - { method: 'POST',
  url: '/api/postArticleContent',
  body: { id: '5b23652fb29f74338b2c1584' },
  costTime: 4,
  response: 
   { status: 200,
     message: 'OK',
     header: 
      { 'access-control-allow-origin': 'http://localhost:8081',
        'content-type': 'application/json; charset=utf-8' },
     body: { status: 200, data: [Object] } } }
[2018-08-14T16:54:55.029] [INFO] response - { method: 'POST',
  url: '/api/postArticleContent',
  body: { id: '5b7288e78a9f0dc4ae8532bc' },
  costTime: 3,
  response: 
   { status: 200,
     message: 'OK',
     header: 
      { 'access-control-allow-origin': 'http://localhost:8081',
        'content-type': 'application/json; charset=utf-8' },
     body: { status: 200, data: [Object] } } }
[2018-08-14T17:14:56.623] [INFO] response - { method: 'GET',
  url: '/api/getArticleList',
  body: {},
  costTime: 4,
  response: 
   { status: 200,
     message: 'OK',
     header: 
      { 'access-control-allow-origin': 'http://localhost:8081',
        'content-type': 'application/json; charset=utf-8' },
     body: { status: 200, msg: '获取文章列表成功', data: [Array] } } }
[2018-08-14T17:30:08.111] [INFO] response - { method: 'GET',
  url: '/api/getArticleList',
  body: {},
  costTime: 12,
  response: 
   { status: 200,
     message: 'OK',
     header: 
      { 'access-control-allow-origin': 'http://localhost:8081',
        'content-type': 'application/json; charset=utf-8' },
     body: { status: 200, msg: '获取文章列表成功', data: [Array] } } }
[2018-08-14T17:30:48.704] [INFO] response - { method: 'GET',
  url: '/api/getArticleList',
  body: {},
  costTime: 3,
  response: 
   { status: 200,
     message: 'OK',
     header: 
      { 'access-control-allow-origin': 'http://localhost:8081',
        'content-type': 'application/json; charset=utf-8' },
     body: { status: 200, msg: '获取文章列表成功', data: [Array] } } }
[2018-08-14T17:50:46.501] [INFO] response - { method: 'GET',
  url: '/api/getArticleList',
  body: {},
  costTime: 15,
  response: 
   { status: 200,
     message: 'OK',
     header: 
      { 'access-control-allow-origin': 'http://localhost:8081',
        'content-type': 'application/json; charset=utf-8' },
     body: { status: 200, msg: '获取文章列表成功', data: [Array] } } }
[2018-08-14T17:50:57.955] [INFO] response - { method: 'POST',
  url: '/api/getStatistics',
  body: {},
  costTime: 1,
  response: 
   { status: 404,
     message: 'Not Found',
     header: 
      { 'access-control-allow-origin': 'http://localhost:8081',
        'content-type': 'application/json; charset=utf-8' },
     body: undefined } }
[2018-08-14T17:50:57.961] [INFO] response - { method: 'GET',
  url: '/api/getArticleList',
  body: {},
  costTime: 3,
  response: 
   { status: 200,
     message: 'OK',
     header: 
      { 'access-control-allow-origin': 'http://localhost:8081',
        'content-type': 'application/json; charset=utf-8' },
     body: { status: 200, msg: '获取文章列表成功', data: [Array] } } }
[2018-08-14T17:51:01.207] [INFO] response - { method: 'GET',
  url: '/api/getArticleList',
  body: {},
  costTime: 9,
  response: 
   { status: 200,
     message: 'OK',
     header: 
      { 'access-control-allow-origin': 'http://localhost:8081',
        'content-type': 'application/json; charset=utf-8' },
     body: { status: 200, msg: '获取文章列表成功', data: [Array] } } }
[2018-08-14T17:51:01.213] [INFO] response - { method: 'POST',
  url: '/api/getStatistics',
  body: {},
  costTime: 1,
  response: 
   { status: 404,
     message: 'Not Found',
     header: 
      { 'access-control-allow-origin': 'http://localhost:8081',
        'content-type': 'application/json; charset=utf-8' },
     body: undefined } }
